<?xml version="1.0" encoding="UTF-8"?>
<testsuite name="회원 API" tests="8" skipped="0" failures="0" errors="0" timestamp="2023-05-04T06:27:14" hostname="yerim-ui-MacBookAir.local" time="2.805">
  <properties/>
  <testcase name="회원상세보기 성공" classname="shop.mtcoding.restend.controller.UserControllerTest" time="0.375"/>
  <testcase name="로그인 성공" classname="shop.mtcoding.restend.controller.UserControllerTest" time="0.509"/>
  <testcase name="로그인 인증 실패" classname="shop.mtcoding.restend.controller.UserControllerTest" time="0.403"/>
  <testcase name="회원상세보기 인증 실패" classname="shop.mtcoding.restend.controller.UserControllerTest" time="0.325"/>
  <testcase name="회원가입 실패" classname="shop.mtcoding.restend.controller.UserControllerTest" time="0.278"/>
  <testcase name="회원가입 유효성 검사 실패" classname="shop.mtcoding.restend.controller.UserControllerTest" time="0.263"/>
  <testcase name="회원상세보기 권한 실패" classname="shop.mtcoding.restend.controller.UserControllerTest" time="0.261"/>
  <testcase name="회원가입 성공" classname="shop.mtcoding.restend.controller.UserControllerTest" time="0.383"/>
  <system-out><![CDATA[2023-05-04 15:27:13.482  INFO 4540 --- [    Test worker] .b.t.c.SpringBootTestContextBootstrapper : Neither @ContextConfiguration nor @ContextHierarchy found for test class [shop.mtcoding.restend.controller.UserControllerTest], using SpringBootContextLoader
2023-05-04 15:27:13.482  INFO 4540 --- [    Test worker] o.s.t.c.support.AbstractContextLoader    : Could not detect default resource locations for test class [shop.mtcoding.restend.controller.UserControllerTest]: no resource found for suffixes {-context.xml, Context.groovy}.
2023-05-04 15:27:13.482  INFO 4540 --- [    Test worker] t.c.s.AnnotationConfigContextLoaderUtils : Could not detect default configuration classes for test class [shop.mtcoding.restend.controller.UserControllerTest]: UserControllerTest does not declare any static, non-private, non-final, nested classes annotated with @Configuration.
2023-05-04 15:27:13.486  INFO 4540 --- [    Test worker] .b.t.c.SpringBootTestContextBootstrapper : Found @SpringBootConfiguration shop.mtcoding.restend.RestendApplication for test class shop.mtcoding.restend.controller.UserControllerTest
2023-05-04 15:27:13.487  INFO 4540 --- [    Test worker] .b.t.c.SpringBootTestContextBootstrapper : Loaded default TestExecutionListener class names from location [META-INF/spring.factories]: [org.springframework.security.test.context.support.WithSecurityContextTestExecutionListener, org.springframework.security.test.context.support.ReactorContextTestExecutionListener, org.springframework.boot.test.autoconfigure.restdocs.RestDocsTestExecutionListener, org.springframework.boot.test.autoconfigure.web.client.MockRestServiceServerResetTestExecutionListener, org.springframework.boot.test.autoconfigure.web.servlet.MockMvcPrintOnlyOnFailureTestExecutionListener, org.springframework.boot.test.autoconfigure.web.servlet.WebDriverTestExecutionListener, org.springframework.boot.test.autoconfigure.webservices.client.MockWebServiceServerTestExecutionListener, org.springframework.boot.test.mock.mockito.MockitoTestExecutionListener, org.springframework.boot.test.mock.mockito.ResetMocksTestExecutionListener, org.springframework.test.context.web.ServletTestExecutionListener, org.springframework.test.context.support.DirtiesContextBeforeModesTestExecutionListener, org.springframework.test.context.event.ApplicationEventsTestExecutionListener, org.springframework.test.context.support.DependencyInjectionTestExecutionListener, org.springframework.test.context.support.DirtiesContextTestExecutionListener, org.springframework.test.context.transaction.TransactionalTestExecutionListener, org.springframework.test.context.jdbc.SqlScriptsTestExecutionListener, org.springframework.test.context.event.EventPublishingTestExecutionListener]
2023-05-04 15:27:13.488  INFO 4540 --- [    Test worker] .b.t.c.SpringBootTestContextBootstrapper : Using TestExecutionListeners: [org.springframework.test.context.web.ServletTestExecutionListener@12515d64, org.springframework.test.context.support.DirtiesContextBeforeModesTestExecutionListener@73193fe0, org.springframework.test.context.event.ApplicationEventsTestExecutionListener@295d1a45, org.springframework.boot.test.mock.mockito.MockitoTestExecutionListener@53e7cc08, org.springframework.boot.test.autoconfigure.SpringBootDependencyInjectionTestExecutionListener@4b45016d, org.springframework.test.context.support.DirtiesContextTestExecutionListener@7119d1da, org.springframework.test.context.transaction.TransactionalTestExecutionListener@3057728e, org.springframework.test.context.jdbc.SqlScriptsTestExecutionListener@5dbd7f00, org.springframework.security.test.context.support.WithSecurityContextTestExecutionListener@3e9053b3, org.springframework.test.context.event.EventPublishingTestExecutionListener@138c2ba, org.springframework.security.test.context.support.ReactorContextTestExecutionListener@a700311, org.springframework.boot.test.autoconfigure.restdocs.RestDocsTestExecutionListener@3c832820, org.springframework.boot.test.autoconfigure.web.client.MockRestServiceServerResetTestExecutionListener@32e9c8, org.springframework.boot.test.autoconfigure.web.servlet.MockMvcPrintOnlyOnFailureTestExecutionListener@47d8c666, org.springframework.boot.test.autoconfigure.web.servlet.WebDriverTestExecutionListener@4dba2d07, org.springframework.boot.test.autoconfigure.webservices.client.MockWebServiceServerTestExecutionListener@685dceb8, org.springframework.boot.test.mock.mockito.ResetMocksTestExecutionListener@7f3616d2]

  .   ____          _            __ _ _
 /\\ / ___'_ __ _ _(_)_ __  __ _ \ \ \ \
( ( )\___ | '_ | '_| | '_ \/ _` | \ \ \ \
 \\/  ___)| |_)| | | | | || (_| |  ) ) ) )
  '  |____| .__|_| |_|_| |_\__, | / / / /
 =========|_|==============|___/=/_/_/_/
 :: Spring Boot ::               (v2.7.11)

2023-05-04 15:27:13.517  INFO 4540 --- [    Test worker] s.m.r.controller.UserControllerTest      : Starting UserControllerTest using Java 11.0.17 on yerim-ui-MacBookAir.local with PID 4540 (started by yerim in /Users/yerim/Desktop/Project/MiniProject_BE)
2023-05-04 15:27:13.517 DEBUG 4540 --- [    Test worker] s.m.r.controller.UserControllerTest      : Running with Spring Boot v2.7.11, Spring v5.3.27
2023-05-04 15:27:13.517  INFO 4540 --- [    Test worker] s.m.r.controller.UserControllerTest      : The following 1 profile is active: "test"
2023-05-04 15:27:13.654  INFO 4540 --- [    Test worker] .s.d.r.c.RepositoryConfigurationDelegate : Bootstrapping Spring Data JPA repositories in DEFAULT mode.
2023-05-04 15:27:13.668  INFO 4540 --- [    Test worker] .s.d.r.c.RepositoryConfigurationDelegate : Finished Spring Data repository scanning in 13 ms. Found 5 JPA repository interfaces.
2023-05-04 15:27:13.784  INFO 4540 --- [    Test worker] o.hibernate.jpa.internal.util.LogHelper  : HHH000204: Processing PersistenceUnitInfo [name: default]
2023-05-04 15:27:13.786 DEBUG 4540 --- [    Test worker] org.hibernate.type.BasicTypeRegistry     : Adding type registration boolean -> org.hibernate.type.BooleanType@2926f7bd
2023-05-04 15:27:13.786 DEBUG 4540 --- [    Test worker] org.hibernate.type.BasicTypeRegistry     : Adding type registration boolean -> org.hibernate.type.BooleanType@2926f7bd
2023-05-04 15:27:13.786 DEBUG 4540 --- [    Test worker] org.hibernate.type.BasicTypeRegistry     : Adding type registration java.lang.Boolean -> org.hibernate.type.BooleanType@2926f7bd
2023-05-04 15:27:13.786 DEBUG 4540 --- [    Test worker] org.hibernate.type.BasicTypeRegistry     : Adding type registration numeric_boolean -> org.hibernate.type.NumericBooleanType@1e4b9592
2023-05-04 15:27:13.786 DEBUG 4540 --- [    Test worker] org.hibernate.type.BasicTypeRegistry     : Adding type registration true_false -> org.hibernate.type.TrueFalseType@3751baf6
2023-05-04 15:27:13.786 DEBUG 4540 --- [    Test worker] org.hibernate.type.BasicTypeRegistry     : Adding type registration yes_no -> org.hibernate.type.YesNoType@51d34f02
2023-05-04 15:27:13.786 DEBUG 4540 --- [    Test worker] org.hibernate.type.BasicTypeRegistry     : Adding type registration byte -> org.hibernate.type.ByteType@12c30824
2023-05-04 15:27:13.786 DEBUG 4540 --- [    Test worker] org.hibernate.type.BasicTypeRegistry     : Adding type registration byte -> org.hibernate.type.ByteType@12c30824
2023-05-04 15:27:13.786 DEBUG 4540 --- [    Test worker] org.hibernate.type.BasicTypeRegistry     : Adding type registration java.lang.Byte -> org.hibernate.type.ByteType@12c30824
2023-05-04 15:27:13.786 DEBUG 4540 --- [    Test worker] org.hibernate.type.BasicTypeRegistry     : Adding type registration character -> org.hibernate.type.CharacterType@70b0dc92
2023-05-04 15:27:13.786 DEBUG 4540 --- [    Test worker] org.hibernate.type.BasicTypeRegistry     : Adding type registration char -> org.hibernate.type.CharacterType@70b0dc92
2023-05-04 15:27:13.786 DEBUG 4540 --- [    Test worker] org.hibernate.type.BasicTypeRegistry     : Adding type registration java.lang.Character -> org.hibernate.type.CharacterType@70b0dc92
2023-05-04 15:27:13.786 DEBUG 4540 --- [    Test worker] org.hibernate.type.BasicTypeRegistry     : Adding type registration short -> org.hibernate.type.ShortType@6af0407c
2023-05-04 15:27:13.786 DEBUG 4540 --- [    Test worker] org.hibernate.type.BasicTypeRegistry     : Adding type registration short -> org.hibernate.type.ShortType@6af0407c
2023-05-04 15:27:13.786 DEBUG 4540 --- [    Test worker] org.hibernate.type.BasicTypeRegistry     : Adding type registration java.lang.Short -> org.hibernate.type.ShortType@6af0407c
2023-05-04 15:27:13.786 DEBUG 4540 --- [    Test worker] org.hibernate.type.BasicTypeRegistry     : Adding type registration integer -> org.hibernate.type.IntegerType@28200d43
2023-05-04 15:27:13.786 DEBUG 4540 --- [    Test worker] org.hibernate.type.BasicTypeRegistry     : Adding type registration int -> org.hibernate.type.IntegerType@28200d43
2023-05-04 15:27:13.786 DEBUG 4540 --- [    Test worker] org.hibernate.type.BasicTypeRegistry     : Adding type registration java.lang.Integer -> org.hibernate.type.IntegerType@28200d43
2023-05-04 15:27:13.786 DEBUG 4540 --- [    Test worker] org.hibernate.type.BasicTypeRegistry     : Adding type registration long -> org.hibernate.type.LongType@71db6703
2023-05-04 15:27:13.787 DEBUG 4540 --- [    Test worker] org.hibernate.type.BasicTypeRegistry     : Adding type registration long -> org.hibernate.type.LongType@71db6703
2023-05-04 15:27:13.787 DEBUG 4540 --- [    Test worker] org.hibernate.type.BasicTypeRegistry     : Adding type registration java.lang.Long -> org.hibernate.type.LongType@71db6703
2023-05-04 15:27:13.787 DEBUG 4540 --- [    Test worker] org.hibernate.type.BasicTypeRegistry     : Adding type registration float -> org.hibernate.type.FloatType@7528089c
2023-05-04 15:27:13.787 DEBUG 4540 --- [    Test worker] org.hibernate.type.BasicTypeRegistry     : Adding type registration float -> org.hibernate.type.FloatType@7528089c
2023-05-04 15:27:13.787 DEBUG 4540 --- [    Test worker] org.hibernate.type.BasicTypeRegistry     : Adding type registration java.lang.Float -> org.hibernate.type.FloatType@7528089c
2023-05-04 15:27:13.787 DEBUG 4540 --- [    Test worker] org.hibernate.type.BasicTypeRegistry     : Adding type registration double -> org.hibernate.type.DoubleType@684bfba9
2023-05-04 15:27:13.787 DEBUG 4540 --- [    Test worker] org.hibernate.type.BasicTypeRegistry     : Adding type registration double -> org.hibernate.type.DoubleType@684bfba9
2023-05-04 15:27:13.787 DEBUG 4540 --- [    Test worker] org.hibernate.type.BasicTypeRegistry     : Adding type registration java.lang.Double -> org.hibernate.type.DoubleType@684bfba9
2023-05-04 15:27:13.787 DEBUG 4540 --- [    Test worker] org.hibernate.type.BasicTypeRegistry     : Adding type registration big_decimal -> org.hibernate.type.BigDecimalType@350d9d23
2023-05-04 15:27:13.787 DEBUG 4540 --- [    Test worker] org.hibernate.type.BasicTypeRegistry     : Adding type registration java.math.BigDecimal -> org.hibernate.type.BigDecimalType@350d9d23
2023-05-04 15:27:13.787 DEBUG 4540 --- [    Test worker] org.hibernate.type.BasicTypeRegistry     : Adding type registration big_integer -> org.hibernate.type.BigIntegerType@52afcdd8
2023-05-04 15:27:13.787 DEBUG 4540 --- [    Test worker] org.hibernate.type.BasicTypeRegistry     : Adding type registration java.math.BigInteger -> org.hibernate.type.BigIntegerType@52afcdd8
2023-05-04 15:27:13.787 DEBUG 4540 --- [    Test worker] org.hibernate.type.BasicTypeRegistry     : Adding type registration string -> org.hibernate.type.StringType@9771c71
2023-05-04 15:27:13.787 DEBUG 4540 --- [    Test worker] org.hibernate.type.BasicTypeRegistry     : Adding type registration java.lang.String -> org.hibernate.type.StringType@9771c71
2023-05-04 15:27:13.787 DEBUG 4540 --- [    Test worker] org.hibernate.type.BasicTypeRegistry     : Adding type registration nstring -> org.hibernate.type.StringNVarcharType@5ce0f50a
2023-05-04 15:27:13.787 DEBUG 4540 --- [    Test worker] org.hibernate.type.BasicTypeRegistry     : Adding type registration ncharacter -> org.hibernate.type.CharacterNCharType@7a023e34
2023-05-04 15:27:13.787 DEBUG 4540 --- [    Test worker] org.hibernate.type.BasicTypeRegistry     : Adding type registration url -> org.hibernate.type.UrlType@4d529bc0
2023-05-04 15:27:13.787 DEBUG 4540 --- [    Test worker] org.hibernate.type.BasicTypeRegistry     : Adding type registration java.net.URL -> org.hibernate.type.UrlType@4d529bc0
2023-05-04 15:27:13.787 DEBUG 4540 --- [    Test worker] org.hibernate.type.BasicTypeRegistry     : Adding type registration Duration -> org.hibernate.type.DurationType@58b30e3e
2023-05-04 15:27:13.787 DEBUG 4540 --- [    Test worker] org.hibernate.type.BasicTypeRegistry     : Adding type registration java.time.Duration -> org.hibernate.type.DurationType@58b30e3e
2023-05-04 15:27:13.787 DEBUG 4540 --- [    Test worker] org.hibernate.type.BasicTypeRegistry     : Adding type registration Instant -> org.hibernate.type.InstantType@596d17f4
2023-05-04 15:27:13.787 DEBUG 4540 --- [    Test worker] org.hibernate.type.BasicTypeRegistry     : Adding type registration java.time.Instant -> org.hibernate.type.InstantType@596d17f4
2023-05-04 15:27:13.787 DEBUG 4540 --- [    Test worker] org.hibernate.type.BasicTypeRegistry     : Adding type registration LocalDateTime -> org.hibernate.type.LocalDateTimeType@260ccf0
2023-05-04 15:27:13.787 DEBUG 4540 --- [    Test worker] org.hibernate.type.BasicTypeRegistry     : Adding type registration java.time.LocalDateTime -> org.hibernate.type.LocalDateTimeType@260ccf0
2023-05-04 15:27:13.787 DEBUG 4540 --- [    Test worker] org.hibernate.type.BasicTypeRegistry     : Adding type registration LocalDate -> org.hibernate.type.LocalDateType@7cc7e441
2023-05-04 15:27:13.787 DEBUG 4540 --- [    Test worker] org.hibernate.type.BasicTypeRegistry     : Adding type registration java.time.LocalDate -> org.hibernate.type.LocalDateType@7cc7e441
2023-05-04 15:27:13.787 DEBUG 4540 --- [    Test worker] org.hibernate.type.BasicTypeRegistry     : Adding type registration LocalTime -> org.hibernate.type.LocalTimeType@5f3c866c
2023-05-04 15:27:13.787 DEBUG 4540 --- [    Test worker] org.hibernate.type.BasicTypeRegistry     : Adding type registration java.time.LocalTime -> org.hibernate.type.LocalTimeType@5f3c866c
2023-05-04 15:27:13.787 DEBUG 4540 --- [    Test worker] org.hibernate.type.BasicTypeRegistry     : Adding type registration OffsetDateTime -> org.hibernate.type.OffsetDateTimeType@e21d73
2023-05-04 15:27:13.787 DEBUG 4540 --- [    Test worker] org.hibernate.type.BasicTypeRegistry     : Adding type registration java.time.OffsetDateTime -> org.hibernate.type.OffsetDateTimeType@e21d73
2023-05-04 15:27:13.787 DEBUG 4540 --- [    Test worker] org.hibernate.type.BasicTypeRegistry     : Adding type registration OffsetTime -> org.hibernate.type.OffsetTimeType@89178b4
2023-05-04 15:27:13.787 DEBUG 4540 --- [    Test worker] org.hibernate.type.BasicTypeRegistry     : Adding type registration java.time.OffsetTime -> org.hibernate.type.OffsetTimeType@89178b4
2023-05-04 15:27:13.787 DEBUG 4540 --- [    Test worker] org.hibernate.type.BasicTypeRegistry     : Adding type registration ZonedDateTime -> org.hibernate.type.ZonedDateTimeType@45a05350
2023-05-04 15:27:13.787 DEBUG 4540 --- [    Test worker] org.hibernate.type.BasicTypeRegistry     : Adding type registration java.time.ZonedDateTime -> org.hibernate.type.ZonedDateTimeType@45a05350
2023-05-04 15:27:13.787 DEBUG 4540 --- [    Test worker] org.hibernate.type.BasicTypeRegistry     : Adding type registration date -> org.hibernate.type.DateType@50fe5df2
2023-05-04 15:27:13.788 DEBUG 4540 --- [    Test worker] org.hibernate.type.BasicTypeRegistry     : Adding type registration java.sql.Date -> org.hibernate.type.DateType@50fe5df2
2023-05-04 15:27:13.788 DEBUG 4540 --- [    Test worker] org.hibernate.type.BasicTypeRegistry     : Adding type registration time -> org.hibernate.type.TimeType@71dfca65
2023-05-04 15:27:13.788 DEBUG 4540 --- [    Test worker] org.hibernate.type.BasicTypeRegistry     : Adding type registration java.sql.Time -> org.hibernate.type.TimeType@71dfca65
2023-05-04 15:27:13.788 DEBUG 4540 --- [    Test worker] org.hibernate.type.BasicTypeRegistry     : Adding type registration timestamp -> org.hibernate.type.TimestampType@41935a9d
2023-05-04 15:27:13.788 DEBUG 4540 --- [    Test worker] org.hibernate.type.BasicTypeRegistry     : Adding type registration java.sql.Timestamp -> org.hibernate.type.TimestampType@41935a9d
2023-05-04 15:27:13.788 DEBUG 4540 --- [    Test worker] org.hibernate.type.BasicTypeRegistry     : Adding type registration java.util.Date -> org.hibernate.type.TimestampType@41935a9d
2023-05-04 15:27:13.788 DEBUG 4540 --- [    Test worker] org.hibernate.type.BasicTypeRegistry     : Adding type registration dbtimestamp -> org.hibernate.type.DbTimestampType@2eb31735
2023-05-04 15:27:13.788 DEBUG 4540 --- [    Test worker] org.hibernate.type.BasicTypeRegistry     : Adding type registration calendar -> org.hibernate.type.CalendarType@ebbbe20
2023-05-04 15:27:13.788 DEBUG 4540 --- [    Test worker] org.hibernate.type.BasicTypeRegistry     : Adding type registration java.util.Calendar -> org.hibernate.type.CalendarType@ebbbe20
2023-05-04 15:27:13.788 DEBUG 4540 --- [    Test worker] org.hibernate.type.BasicTypeRegistry     : Adding type registration java.util.GregorianCalendar -> org.hibernate.type.CalendarType@ebbbe20
2023-05-04 15:27:13.788 DEBUG 4540 --- [    Test worker] org.hibernate.type.BasicTypeRegistry     : Adding type registration calendar_date -> org.hibernate.type.CalendarDateType@22349ad3
2023-05-04 15:27:13.788 DEBUG 4540 --- [    Test worker] org.hibernate.type.BasicTypeRegistry     : Adding type registration calendar_time -> org.hibernate.type.CalendarTimeType@35217e0
2023-05-04 15:27:13.788 DEBUG 4540 --- [    Test worker] org.hibernate.type.BasicTypeRegistry     : Adding type registration locale -> org.hibernate.type.LocaleType@7e0b68e5
2023-05-04 15:27:13.788 DEBUG 4540 --- [    Test worker] org.hibernate.type.BasicTypeRegistry     : Adding type registration java.util.Locale -> org.hibernate.type.LocaleType@7e0b68e5
2023-05-04 15:27:13.788 DEBUG 4540 --- [    Test worker] org.hibernate.type.BasicTypeRegistry     : Adding type registration currency -> org.hibernate.type.CurrencyType@96448ee
2023-05-04 15:27:13.788 DEBUG 4540 --- [    Test worker] org.hibernate.type.BasicTypeRegistry     : Adding type registration java.util.Currency -> org.hibernate.type.CurrencyType@96448ee
2023-05-04 15:27:13.788 DEBUG 4540 --- [    Test worker] org.hibernate.type.BasicTypeRegistry     : Adding type registration timezone -> org.hibernate.type.TimeZoneType@3fc7abf6
2023-05-04 15:27:13.788 DEBUG 4540 --- [    Test worker] org.hibernate.type.BasicTypeRegistry     : Adding type registration java.util.TimeZone -> org.hibernate.type.TimeZoneType@3fc7abf6
2023-05-04 15:27:13.788 DEBUG 4540 --- [    Test worker] org.hibernate.type.BasicTypeRegistry     : Adding type registration class -> org.hibernate.type.ClassType@6bfc5296
2023-05-04 15:27:13.788 DEBUG 4540 --- [    Test worker] org.hibernate.type.BasicTypeRegistry     : Adding type registration java.lang.Class -> org.hibernate.type.ClassType@6bfc5296
2023-05-04 15:27:13.788 DEBUG 4540 --- [    Test worker] org.hibernate.type.BasicTypeRegistry     : Adding type registration uuid-binary -> org.hibernate.type.UUIDBinaryType@439d649c
2023-05-04 15:27:13.788 DEBUG 4540 --- [    Test worker] org.hibernate.type.BasicTypeRegistry     : Adding type registration java.util.UUID -> org.hibernate.type.UUIDBinaryType@439d649c
2023-05-04 15:27:13.788 DEBUG 4540 --- [    Test worker] org.hibernate.type.BasicTypeRegistry     : Adding type registration uuid-char -> org.hibernate.type.UUIDCharType@32084a01
2023-05-04 15:27:13.788 DEBUG 4540 --- [    Test worker] org.hibernate.type.BasicTypeRegistry     : Adding type registration binary -> org.hibernate.type.BinaryType@535b4dbf
2023-05-04 15:27:13.788 DEBUG 4540 --- [    Test worker] org.hibernate.type.BasicTypeRegistry     : Adding type registration byte[] -> org.hibernate.type.BinaryType@535b4dbf
2023-05-04 15:27:13.788 DEBUG 4540 --- [    Test worker] org.hibernate.type.BasicTypeRegistry     : Adding type registration [B -> org.hibernate.type.BinaryType@535b4dbf
2023-05-04 15:27:13.788 DEBUG 4540 --- [    Test worker] org.hibernate.type.BasicTypeRegistry     : Adding type registration wrapper-binary -> org.hibernate.type.WrapperBinaryType@677274e7
2023-05-04 15:27:13.788 DEBUG 4540 --- [    Test worker] org.hibernate.type.BasicTypeRegistry     : Adding type registration Byte[] -> org.hibernate.type.WrapperBinaryType@677274e7
2023-05-04 15:27:13.788 DEBUG 4540 --- [    Test worker] org.hibernate.type.BasicTypeRegistry     : Adding type registration [Ljava.lang.Byte; -> org.hibernate.type.WrapperBinaryType@677274e7
2023-05-04 15:27:13.788 DEBUG 4540 --- [    Test worker] org.hibernate.type.BasicTypeRegistry     : Adding type registration row_version -> org.hibernate.type.RowVersionType@4b2af0eb
2023-05-04 15:27:13.788 DEBUG 4540 --- [    Test worker] org.hibernate.type.BasicTypeRegistry     : Adding type registration image -> org.hibernate.type.ImageType@2c7607e5
2023-05-04 15:27:13.788 DEBUG 4540 --- [    Test worker] org.hibernate.type.BasicTypeRegistry     : Adding type registration characters -> org.hibernate.type.CharArrayType@33997e07
2023-05-04 15:27:13.788 DEBUG 4540 --- [    Test worker] org.hibernate.type.BasicTypeRegistry     : Adding type registration char[] -> org.hibernate.type.CharArrayType@33997e07
2023-05-04 15:27:13.788 DEBUG 4540 --- [    Test worker] org.hibernate.type.BasicTypeRegistry     : Adding type registration [C -> org.hibernate.type.CharArrayType@33997e07
2023-05-04 15:27:13.788 DEBUG 4540 --- [    Test worker] org.hibernate.type.BasicTypeRegistry     : Adding type registration wrapper-characters -> org.hibernate.type.CharacterArrayType@24890021
2023-05-04 15:27:13.788 DEBUG 4540 --- [    Test worker] org.hibernate.type.BasicTypeRegistry     : Adding type registration [Ljava.lang.Character; -> org.hibernate.type.CharacterArrayType@24890021
2023-05-04 15:27:13.788 DEBUG 4540 --- [    Test worker] org.hibernate.type.BasicTypeRegistry     : Adding type registration Character[] -> org.hibernate.type.CharacterArrayType@24890021
2023-05-04 15:27:13.789 DEBUG 4540 --- [    Test worker] org.hibernate.type.BasicTypeRegistry     : Adding type registration text -> org.hibernate.type.TextType@1ee126de
2023-05-04 15:27:13.789 DEBUG 4540 --- [    Test worker] org.hibernate.type.BasicTypeRegistry     : Adding type registration ntext -> org.hibernate.type.NTextType@5c6be812
2023-05-04 15:27:13.789 DEBUG 4540 --- [    Test worker] org.hibernate.type.BasicTypeRegistry     : Adding type registration blob -> org.hibernate.type.BlobType@7307ae6
2023-05-04 15:27:13.789 DEBUG 4540 --- [    Test worker] org.hibernate.type.BasicTypeRegistry     : Adding type registration java.sql.Blob -> org.hibernate.type.BlobType@7307ae6
2023-05-04 15:27:13.789 DEBUG 4540 --- [    Test worker] org.hibernate.type.BasicTypeRegistry     : Adding type registration materialized_blob -> org.hibernate.type.MaterializedBlobType@762db992
2023-05-04 15:27:13.789 DEBUG 4540 --- [    Test worker] org.hibernate.type.BasicTypeRegistry     : Adding type registration clob -> org.hibernate.type.ClobType@4a45ff31
2023-05-04 15:27:13.789 DEBUG 4540 --- [    Test worker] org.hibernate.type.BasicTypeRegistry     : Adding type registration java.sql.Clob -> org.hibernate.type.ClobType@4a45ff31
2023-05-04 15:27:13.789 DEBUG 4540 --- [    Test worker] org.hibernate.type.BasicTypeRegistry     : Adding type registration nclob -> org.hibernate.type.NClobType@4131261
2023-05-04 15:27:13.789 DEBUG 4540 --- [    Test worker] org.hibernate.type.BasicTypeRegistry     : Adding type registration java.sql.NClob -> org.hibernate.type.NClobType@4131261
2023-05-04 15:27:13.789 DEBUG 4540 --- [    Test worker] org.hibernate.type.BasicTypeRegistry     : Adding type registration materialized_clob -> org.hibernate.type.MaterializedClobType@3f04fb07
2023-05-04 15:27:13.789 DEBUG 4540 --- [    Test worker] org.hibernate.type.BasicTypeRegistry     : Adding type registration materialized_nclob -> org.hibernate.type.MaterializedNClobType@3e3a07ab
2023-05-04 15:27:13.789 DEBUG 4540 --- [    Test worker] org.hibernate.type.BasicTypeRegistry     : Adding type registration serializable -> org.hibernate.type.SerializableType@1529d534
2023-05-04 15:27:13.789 DEBUG 4540 --- [    Test worker] org.hibernate.type.BasicTypeRegistry     : Adding type registration object -> org.hibernate.type.ObjectType@224e7aa5
2023-05-04 15:27:13.789 DEBUG 4540 --- [    Test worker] org.hibernate.type.BasicTypeRegistry     : Adding type registration java.lang.Object -> org.hibernate.type.ObjectType@224e7aa5
2023-05-04 15:27:13.789 DEBUG 4540 --- [    Test worker] org.hibernate.type.BasicTypeRegistry     : Adding type registration imm_date -> org.hibernate.type.AdaptedImmutableType@e620893
2023-05-04 15:27:13.789 DEBUG 4540 --- [    Test worker] org.hibernate.type.BasicTypeRegistry     : Adding type registration imm_time -> org.hibernate.type.AdaptedImmutableType@411c5fa2
2023-05-04 15:27:13.789 DEBUG 4540 --- [    Test worker] org.hibernate.type.BasicTypeRegistry     : Adding type registration imm_timestamp -> org.hibernate.type.AdaptedImmutableType@68fce3e5
2023-05-04 15:27:13.789 DEBUG 4540 --- [    Test worker] org.hibernate.type.BasicTypeRegistry     : Adding type registration imm_dbtimestamp -> org.hibernate.type.AdaptedImmutableType@d2eddc2
2023-05-04 15:27:13.789 DEBUG 4540 --- [    Test worker] org.hibernate.type.BasicTypeRegistry     : Adding type registration imm_calendar -> org.hibernate.type.AdaptedImmutableType@13967a64
2023-05-04 15:27:13.789 DEBUG 4540 --- [    Test worker] org.hibernate.type.BasicTypeRegistry     : Adding type registration imm_calendar_date -> org.hibernate.type.AdaptedImmutableType@30d4d6fb
2023-05-04 15:27:13.789 DEBUG 4540 --- [    Test worker] org.hibernate.type.BasicTypeRegistry     : Adding type registration imm_binary -> org.hibernate.type.AdaptedImmutableType@3fb8e8cf
2023-05-04 15:27:13.789 DEBUG 4540 --- [    Test worker] org.hibernate.type.BasicTypeRegistry     : Adding type registration imm_serializable -> org.hibernate.type.AdaptedImmutableType@4483e237
2023-05-04 15:27:13.791  INFO 4540 --- [    Test worker] com.zaxxer.hikari.HikariDataSource       : HikariPool-2 - Starting...
2023-05-04 15:27:13.792  INFO 4540 --- [    Test worker] com.zaxxer.hikari.HikariDataSource       : HikariPool-2 - Start completed.
2023-05-04 15:27:13.792  INFO 4540 --- [    Test worker] org.hibernate.dialect.Dialect            : HHH000400: Using dialect: org.hibernate.dialect.H2Dialect
2023-05-04 15:27:13.793 DEBUG 4540 --- [    Test worker] o.h.type.spi.TypeConfiguration$Scope     : Scoping TypeConfiguration [org.hibernate.type.spi.TypeConfiguration@245504d] to MetadataBuildingContext [org.hibernate.boot.internal.MetadataBuildingContextRootImpl@6c9fe061]
2023-05-04 15:27:13.808 DEBUG 4540 --- [    Test worker] org.hibernate.type.EnumType              : Using ORDINAL-based conversion for Enum shop.mtcoding.restend.model.order.OrderState
2023-05-04 15:27:13.808 DEBUG 4540 --- [    Test worker] org.hibernate.type.EnumType              : Using ORDINAL-based conversion for Enum shop.mtcoding.restend.model.event.EventType
2023-05-04 15:27:13.808 DEBUG 4540 --- [    Test worker] o.h.type.spi.TypeConfiguration$Scope     : Scoping TypeConfiguration [org.hibernate.type.spi.TypeConfiguration@245504d] to SessionFactoryImpl [org.hibernate.internal.SessionFactoryImpl@6dbc3756]
Hibernate: 
    
    drop table if exists annual_tb CASCADE 
Hibernate: 
    
    drop table if exists duty_tb CASCADE 
Hibernate: 
    
    drop table if exists event_tb CASCADE 
Hibernate: 
    
    drop table if exists order_tb CASCADE 
Hibernate: 
    
    drop table if exists user_tb CASCADE 
Hibernate: 
    
    create table annual_tb (
       id bigint generated by default as identity,
        end_date date not null,
        start_date date not null,
        primary key (id)
    )
Hibernate: 
    
    create table duty_tb (
       id bigint generated by default as identity,
        date date not null,
        primary key (id)
    )
Hibernate: 
    
    create table event_tb (
       id bigint generated by default as identity,
        created_at timestamp not null,
        event_type integer not null,
        updated_at timestamp,
        annual_id bigint,
        duty_id bigint,
        user_id bigint,
        primary key (id)
    )
Hibernate: 
    
    create table order_tb (
       id bigint generated by default as identity,
        created_at timestamp not null,
        order_state integer,
        user_id bigint,
        event_id bigint,
        primary key (id)
    )
Hibernate: 
    
    create table user_tb (
       id bigint generated by default as identity,
        created_at timestamp not null,
        email varchar(20) not null,
        image varchar(255),
        password varchar(60) not null,
        role varchar(255),
        status boolean,
        updated_at timestamp,
        username varchar(20) not null,
        primary key (id)
    )
Hibernate: 
    
    alter table user_tb 
       add constraint UK_2dlfg6wvnxboknkp9d1h75icb unique (email)
Hibernate: 
    
    alter table event_tb 
       add constraint FKsm4f7ln48qcydnsmr2ihynjfn 
       foreign key (annual_id) 
       references annual_tb
Hibernate: 
    
    alter table event_tb 
       add constraint FK9kavkxc7qfe23ik88wb7yp3cp 
       foreign key (duty_id) 
       references duty_tb
Hibernate: 
    
    alter table event_tb 
       add constraint FK1dbl1c4nurwq7w5w3o04st4y6 
       foreign key (user_id) 
       references user_tb
Hibernate: 
    
    alter table order_tb 
       add constraint FK9wkv8x8yfgaaquhn4vquq4aps 
       foreign key (user_id) 
       references user_tb
Hibernate: 
    
    alter table order_tb 
       add constraint FK9ahb515t4krdytukumuqg386o 
       foreign key (event_id) 
       references event_tb
2023-05-04 15:27:13.844  INFO 4540 --- [    Test worker] o.h.e.t.j.p.i.JtaPlatformInitiator       : HHH000490: Using JtaPlatform implementation: [org.hibernate.engine.transaction.jta.platform.internal.NoJtaPlatform]
2023-05-04 15:27:13.844 TRACE 4540 --- [    Test worker] o.h.type.spi.TypeConfiguration$Scope     : Handling #sessionFactoryCreated from [org.hibernate.internal.SessionFactoryImpl@6dbc3756] for TypeConfiguration
2023-05-04 15:27:13.844  INFO 4540 --- [    Test worker] j.LocalContainerEntityManagerFactoryBean : Initialized JPA EntityManagerFactory for persistence unit 'default'
2023-05-04 15:27:14.097  INFO 4540 --- [    Test worker] o.s.s.web.DefaultSecurityFilterChain     : Will secure any request with [org.springframework.security.web.session.DisableEncodeUrlFilter@3d45ea17, org.springframework.security.web.context.request.async.WebAsyncManagerIntegrationFilter@685efb22, org.springframework.security.web.context.SecurityContextPersistenceFilter@239fdf8f, org.springframework.security.web.header.HeaderWriterFilter@6f8af186, org.springframework.web.filter.CorsFilter@24a696c0, org.springframework.security.web.authentication.logout.LogoutFilter@53a65166, shop.mtcoding.restend.core.auth.jwt.MyJwtAuthorizationFilter@78fb4f7f, org.springframework.security.web.savedrequest.RequestCacheAwareFilter@1acd660d, org.springframework.security.web.servletapi.SecurityContextHolderAwareRequestFilter@22f3b213, org.springframework.security.web.authentication.AnonymousAuthenticationFilter@6a7c1725, org.springframework.security.web.session.SessionManagementFilter@5aaecd25, org.springframework.security.web.access.ExceptionTranslationFilter@4a9e6ea7, org.springframework.security.web.access.intercept.FilterSecurityInterceptor@6ba6f4e7]
2023-05-04 15:27:14.605  INFO 4540 --- [    Test worker] o.s.b.t.m.w.SpringBootMockServletContext : Initializing Spring TestDispatcherServlet ''
2023-05-04 15:27:14.605  INFO 4540 --- [    Test worker] o.s.t.web.servlet.TestDispatcherServlet  : Initializing Servlet ''
2023-05-04 15:27:14.606  INFO 4540 --- [    Test worker] o.s.t.web.servlet.TestDispatcherServlet  : Completed initialization in 1 ms
2023-05-04 15:27:14.613  INFO 4540 --- [    Test worker] s.m.r.controller.UserControllerTest      : Started UserControllerTest in 1.124 seconds (JVM running for 10.983)
2023-05-04 15:27:14.649  INFO 4540 --- [    Test worker] o.s.b.t.m.w.SpringBootMockServletContext : Initializing Spring TestDispatcherServlet ''
2023-05-04 15:27:14.649  INFO 4540 --- [    Test worker] o.s.t.web.servlet.TestDispatcherServlet  : Initializing Servlet ''
2023-05-04 15:27:14.650  INFO 4540 --- [    Test worker] o.s.t.web.servlet.TestDispatcherServlet  : Completed initialization in 1 ms
Hibernate: 
    insert 
    into
        user_tb
        (id, created_at, email, image, password, role, status, updated_at, username) 
    values
        (default, ?, ?, ?, ?, ?, ?, ?, ?)
2023-05-04 15:27:14.785 TRACE 4540 --- [    Test worker] o.h.type.descriptor.sql.BasicBinder      : binding parameter [1] as [TIMESTAMP] - [2023-05-04T15:27:14.785061]
2023-05-04 15:27:14.785 TRACE 4540 --- [    Test worker] o.h.type.descriptor.sql.BasicBinder      : binding parameter [2] as [VARCHAR] - [ssar@nate.com]
2023-05-04 15:27:14.785 TRACE 4540 --- [    Test worker] o.h.type.descriptor.sql.BasicBinder      : binding parameter [3] as [VARCHAR] - [null]
2023-05-04 15:27:14.785 TRACE 4540 --- [    Test worker] o.h.type.descriptor.sql.BasicBinder      : binding parameter [4] as [VARCHAR] - [$2a$10$V.uaWR4N8Yu.AqaXiIiad.cfXhu9Epf.dW7D/jzpxv7W1B2ZrF62a]
2023-05-04 15:27:14.785 TRACE 4540 --- [    Test worker] o.h.type.descriptor.sql.BasicBinder      : binding parameter [5] as [VARCHAR] - [USER]
2023-05-04 15:27:14.785 TRACE 4540 --- [    Test worker] o.h.type.descriptor.sql.BasicBinder      : binding parameter [6] as [BOOLEAN] - [true]
2023-05-04 15:27:14.785 TRACE 4540 --- [    Test worker] o.h.type.descriptor.sql.BasicBinder      : binding parameter [7] as [TIMESTAMP] - [null]
2023-05-04 15:27:14.785 TRACE 4540 --- [    Test worker] o.h.type.descriptor.sql.BasicBinder      : binding parameter [8] as [VARCHAR] - [사르]
Hibernate: 
    insert 
    into
        user_tb
        (id, created_at, email, image, password, role, status, updated_at, username) 
    values
        (default, ?, ?, ?, ?, ?, ?, ?, ?)
2023-05-04 15:27:14.911 TRACE 4540 --- [    Test worker] o.h.type.descriptor.sql.BasicBinder      : binding parameter [1] as [TIMESTAMP] - [2023-05-04T15:27:14.910699]
2023-05-04 15:27:14.911 TRACE 4540 --- [    Test worker] o.h.type.descriptor.sql.BasicBinder      : binding parameter [2] as [VARCHAR] - [cos@nate.com]
2023-05-04 15:27:14.911 TRACE 4540 --- [    Test worker] o.h.type.descriptor.sql.BasicBinder      : binding parameter [3] as [VARCHAR] - [null]
2023-05-04 15:27:14.911 TRACE 4540 --- [    Test worker] o.h.type.descriptor.sql.BasicBinder      : binding parameter [4] as [VARCHAR] - [$2a$10$oJN1pbHcaJZsgQE.8yniwOeQfT5l2vVOi46Y1yIomTcX/bGXdnone]
2023-05-04 15:27:14.911 TRACE 4540 --- [    Test worker] o.h.type.descriptor.sql.BasicBinder      : binding parameter [5] as [VARCHAR] - [USER]
2023-05-04 15:27:14.911 TRACE 4540 --- [    Test worker] o.h.type.descriptor.sql.BasicBinder      : binding parameter [6] as [BOOLEAN] - [true]
2023-05-04 15:27:14.911 TRACE 4540 --- [    Test worker] o.h.type.descriptor.sql.BasicBinder      : binding parameter [7] as [TIMESTAMP] - [null]
2023-05-04 15:27:14.911 TRACE 4540 --- [    Test worker] o.h.type.descriptor.sql.BasicBinder      : binding parameter [8] as [VARCHAR] - [코스]
Hibernate: 
    select
        user0_.id as id1_4_,
        user0_.created_at as created_2_4_,
        user0_.email as email3_4_,
        user0_.image as image4_4_,
        user0_.password as password5_4_,
        user0_.role as role6_4_,
        user0_.status as status7_4_,
        user0_.updated_at as updated_8_4_,
        user0_.username as username9_4_ 
    from
        user_tb user0_ 
    where
        user0_.email=?
2023-05-04 15:27:14.935 TRACE 4540 --- [    Test worker] o.h.type.descriptor.sql.BasicBinder      : binding parameter [1] as [VARCHAR] - [ssar@nate.com]
2023-05-04 15:27:14.936 TRACE 4540 --- [    Test worker] o.h.type.descriptor.sql.BasicExtractor   : extracted value ([id1_4_] : [BIGINT]) - [1]
2023-05-04 15:27:14.938 TRACE 4540 --- [    Test worker] o.h.type.descriptor.sql.BasicExtractor   : extracted value ([created_2_4_] : [TIMESTAMP]) - [2023-05-04T15:27:14.785061]
2023-05-04 15:27:14.938 TRACE 4540 --- [    Test worker] o.h.type.descriptor.sql.BasicExtractor   : extracted value ([email3_4_] : [VARCHAR]) - [ssar@nate.com]
2023-05-04 15:27:14.938 TRACE 4540 --- [    Test worker] o.h.type.descriptor.sql.BasicExtractor   : extracted value ([image4_4_] : [VARCHAR]) - [null]
2023-05-04 15:27:14.938 TRACE 4540 --- [    Test worker] o.h.type.descriptor.sql.BasicExtractor   : extracted value ([password5_4_] : [VARCHAR]) - [$2a$10$V.uaWR4N8Yu.AqaXiIiad.cfXhu9Epf.dW7D/jzpxv7W1B2ZrF62a]
2023-05-04 15:27:14.938 TRACE 4540 --- [    Test worker] o.h.type.descriptor.sql.BasicExtractor   : extracted value ([role6_4_] : [VARCHAR]) - [USER]
2023-05-04 15:27:14.939 TRACE 4540 --- [    Test worker] o.h.type.descriptor.sql.BasicExtractor   : extracted value ([status7_4_] : [BOOLEAN]) - [true]
2023-05-04 15:27:14.939 TRACE 4540 --- [    Test worker] o.h.type.descriptor.sql.BasicExtractor   : extracted value ([updated_8_4_] : [TIMESTAMP]) - [null]
2023-05-04 15:27:14.939 TRACE 4540 --- [    Test worker] o.h.type.descriptor.sql.BasicExtractor   : extracted value ([username9_4_] : [VARCHAR]) - [사르]
2023-05-04 15:27:14.951 DEBUG 4540 --- [    Test worker] s.m.restend.core.filter.MyTempFilter     : 디버그 : MyTempFilter 동작
Hibernate: 
    select
        user0_.id as id1_4_0_,
        user0_.created_at as created_2_4_0_,
        user0_.email as email3_4_0_,
        user0_.image as image4_4_0_,
        user0_.password as password5_4_0_,
        user0_.role as role6_4_0_,
        user0_.status as status7_4_0_,
        user0_.updated_at as updated_8_4_0_,
        user0_.username as username9_4_0_ 
    from
        user_tb user0_ 
    where
        user0_.id=?
2023-05-04 15:27:14.964 TRACE 4540 --- [    Test worker] o.h.type.descriptor.sql.BasicBinder      : binding parameter [1] as [BIGINT] - [1]
2023-05-04 15:27:14.966 TRACE 4540 --- [    Test worker] o.h.type.descriptor.sql.BasicExtractor   : extracted value ([created_2_4_0_] : [TIMESTAMP]) - [2023-05-04T15:27:14.785061]
2023-05-04 15:27:14.966 TRACE 4540 --- [    Test worker] o.h.type.descriptor.sql.BasicExtractor   : extracted value ([email3_4_0_] : [VARCHAR]) - [ssar@nate.com]
2023-05-04 15:27:14.966 TRACE 4540 --- [    Test worker] o.h.type.descriptor.sql.BasicExtractor   : extracted value ([image4_4_0_] : [VARCHAR]) - [null]
2023-05-04 15:27:14.966 TRACE 4540 --- [    Test worker] o.h.type.descriptor.sql.BasicExtractor   : extracted value ([password5_4_0_] : [VARCHAR]) - [$2a$10$V.uaWR4N8Yu.AqaXiIiad.cfXhu9Epf.dW7D/jzpxv7W1B2ZrF62a]
2023-05-04 15:27:14.966 TRACE 4540 --- [    Test worker] o.h.type.descriptor.sql.BasicExtractor   : extracted value ([role6_4_0_] : [VARCHAR]) - [USER]
2023-05-04 15:27:14.966 TRACE 4540 --- [    Test worker] o.h.type.descriptor.sql.BasicExtractor   : extracted value ([status7_4_0_] : [BOOLEAN]) - [true]
2023-05-04 15:27:14.966 TRACE 4540 --- [    Test worker] o.h.type.descriptor.sql.BasicExtractor   : extracted value ([updated_8_4_0_] : [TIMESTAMP]) - [null]
2023-05-04 15:27:14.966 TRACE 4540 --- [    Test worker] o.h.type.descriptor.sql.BasicExtractor   : extracted value ([username9_4_0_] : [VARCHAR]) - [사르]
2023-05-04 15:27:14.967 DEBUG 4540 --- [    Test worker] s.m.restend.core.advice.MyLogAdvice      : 디버그 : 회원상세보기 성공
테스트 : {"status":200,"msg":"성공","data":{"id":1,"username":"사르","email":"ssar@nate.com","role":"USER"}}

MockHttpServletRequest:
      HTTP Method = GET
      Request URI = /api/user/1
       Parameters = {}
          Headers = []
             Body = null
    Session Attrs = {}

Handler:
             Type = shop.mtcoding.restend.controller.UserController
           Method = shop.mtcoding.restend.controller.UserController#detail(Long, MyUserDetails)

Async:
    Async started = false
     Async result = null

Resolved Exception:
             Type = null

ModelAndView:
        View name = null
             View = null
            Model = null

FlashMap:
       Attributes = null

MockHttpServletResponse:
           Status = 200
    Error message = null
          Headers = [Vary:"Origin", "Access-Control-Request-Method", "Access-Control-Request-Headers", Content-Type:"application/json;charset=UTF-8", X-Content-Type-Options:"nosniff", X-XSS-Protection:"1; mode=block", Cache-Control:"no-cache, no-store, max-age=0, must-revalidate", Pragma:"no-cache", Expires:"0"]
     Content type = application/json;charset=UTF-8
             Body = {"status":200,"msg":"성공","data":{"id":1,"username":"사르","email":"ssar@nate.com","role":"USER"}}
    Forwarded URL = null
   Redirected URL = null
          Cookies = []
2023-05-04 15:27:14.998  INFO 4540 --- [    Test worker] o.s.b.t.m.w.SpringBootMockServletContext : Initializing Spring TestDispatcherServlet ''
2023-05-04 15:27:14.998  INFO 4540 --- [    Test worker] o.s.t.web.servlet.TestDispatcherServlet  : Initializing Servlet ''
2023-05-04 15:27:14.999  INFO 4540 --- [    Test worker] o.s.t.web.servlet.TestDispatcherServlet  : Completed initialization in 1 ms
Hibernate: 
    insert 
    into
        user_tb
        (id, created_at, email, image, password, role, status, updated_at, username) 
    values
        (default, ?, ?, ?, ?, ?, ?, ?, ?)
2023-05-04 15:27:15.122 TRACE 4540 --- [    Test worker] o.h.type.descriptor.sql.BasicBinder      : binding parameter [1] as [TIMESTAMP] - [2023-05-04T15:27:15.121560]
2023-05-04 15:27:15.122 TRACE 4540 --- [    Test worker] o.h.type.descriptor.sql.BasicBinder      : binding parameter [2] as [VARCHAR] - [ssar@nate.com]
2023-05-04 15:27:15.122 TRACE 4540 --- [    Test worker] o.h.type.descriptor.sql.BasicBinder      : binding parameter [3] as [VARCHAR] - [null]
2023-05-04 15:27:15.122 TRACE 4540 --- [    Test worker] o.h.type.descriptor.sql.BasicBinder      : binding parameter [4] as [VARCHAR] - [$2a$10$gxsRa5TjKEWR25gxQ3heJuiZRHfyPe6X3rcNbtlIXAH7NbDMHO2uW]
2023-05-04 15:27:15.122 TRACE 4540 --- [    Test worker] o.h.type.descriptor.sql.BasicBinder      : binding parameter [5] as [VARCHAR] - [USER]
2023-05-04 15:27:15.122 TRACE 4540 --- [    Test worker] o.h.type.descriptor.sql.BasicBinder      : binding parameter [6] as [BOOLEAN] - [true]
2023-05-04 15:27:15.122 TRACE 4540 --- [    Test worker] o.h.type.descriptor.sql.BasicBinder      : binding parameter [7] as [TIMESTAMP] - [null]
2023-05-04 15:27:15.122 TRACE 4540 --- [    Test worker] o.h.type.descriptor.sql.BasicBinder      : binding parameter [8] as [VARCHAR] - [사르]
Hibernate: 
    insert 
    into
        user_tb
        (id, created_at, email, image, password, role, status, updated_at, username) 
    values
        (default, ?, ?, ?, ?, ?, ?, ?, ?)
2023-05-04 15:27:15.245 TRACE 4540 --- [    Test worker] o.h.type.descriptor.sql.BasicBinder      : binding parameter [1] as [TIMESTAMP] - [2023-05-04T15:27:15.244705]
2023-05-04 15:27:15.245 TRACE 4540 --- [    Test worker] o.h.type.descriptor.sql.BasicBinder      : binding parameter [2] as [VARCHAR] - [cos@nate.com]
2023-05-04 15:27:15.245 TRACE 4540 --- [    Test worker] o.h.type.descriptor.sql.BasicBinder      : binding parameter [3] as [VARCHAR] - [null]
2023-05-04 15:27:15.245 TRACE 4540 --- [    Test worker] o.h.type.descriptor.sql.BasicBinder      : binding parameter [4] as [VARCHAR] - [$2a$10$TFh.Ei5GUt01vxSpABoh0ejm.PhwsepgT8H4t3u7Z.taRcU.R7JEy]
2023-05-04 15:27:15.245 TRACE 4540 --- [    Test worker] o.h.type.descriptor.sql.BasicBinder      : binding parameter [5] as [VARCHAR] - [USER]
2023-05-04 15:27:15.245 TRACE 4540 --- [    Test worker] o.h.type.descriptor.sql.BasicBinder      : binding parameter [6] as [BOOLEAN] - [true]
2023-05-04 15:27:15.245 TRACE 4540 --- [    Test worker] o.h.type.descriptor.sql.BasicBinder      : binding parameter [7] as [TIMESTAMP] - [null]
2023-05-04 15:27:15.245 TRACE 4540 --- [    Test worker] o.h.type.descriptor.sql.BasicBinder      : binding parameter [8] as [VARCHAR] - [코스]
2023-05-04 15:27:15.247 DEBUG 4540 --- [    Test worker] s.m.restend.core.filter.MyTempFilter     : 디버그 : MyTempFilter 동작
Hibernate: 
    select
        user0_.id as id1_4_,
        user0_.created_at as created_2_4_,
        user0_.email as email3_4_,
        user0_.image as image4_4_,
        user0_.password as password5_4_,
        user0_.role as role6_4_,
        user0_.status as status7_4_,
        user0_.updated_at as updated_8_4_,
        user0_.username as username9_4_ 
    from
        user_tb user0_ 
    where
        user0_.email=?
2023-05-04 15:27:15.373 TRACE 4540 --- [    Test worker] o.h.type.descriptor.sql.BasicBinder      : binding parameter [1] as [VARCHAR] - [ssar@nate.com]
2023-05-04 15:27:15.374 TRACE 4540 --- [    Test worker] o.h.type.descriptor.sql.BasicExtractor   : extracted value ([id1_4_] : [BIGINT]) - [1]
2023-05-04 15:27:15.374 TRACE 4540 --- [    Test worker] o.h.type.descriptor.sql.BasicExtractor   : extracted value ([created_2_4_] : [TIMESTAMP]) - [2023-05-04T15:27:15.121560]
2023-05-04 15:27:15.374 TRACE 4540 --- [    Test worker] o.h.type.descriptor.sql.BasicExtractor   : extracted value ([email3_4_] : [VARCHAR]) - [ssar@nate.com]
2023-05-04 15:27:15.374 TRACE 4540 --- [    Test worker] o.h.type.descriptor.sql.BasicExtractor   : extracted value ([image4_4_] : [VARCHAR]) - [null]
2023-05-04 15:27:15.374 TRACE 4540 --- [    Test worker] o.h.type.descriptor.sql.BasicExtractor   : extracted value ([password5_4_] : [VARCHAR]) - [$2a$10$gxsRa5TjKEWR25gxQ3heJuiZRHfyPe6X3rcNbtlIXAH7NbDMHO2uW]
2023-05-04 15:27:15.374 TRACE 4540 --- [    Test worker] o.h.type.descriptor.sql.BasicExtractor   : extracted value ([role6_4_] : [VARCHAR]) - [USER]
2023-05-04 15:27:15.374 TRACE 4540 --- [    Test worker] o.h.type.descriptor.sql.BasicExtractor   : extracted value ([status7_4_] : [BOOLEAN]) - [true]
2023-05-04 15:27:15.374 TRACE 4540 --- [    Test worker] o.h.type.descriptor.sql.BasicExtractor   : extracted value ([updated_8_4_] : [TIMESTAMP]) - [null]
2023-05-04 15:27:15.374 TRACE 4540 --- [    Test worker] o.h.type.descriptor.sql.BasicExtractor   : extracted value ([username9_4_] : [VARCHAR]) - [사르]
2023-05-04 15:27:15.496 DEBUG 4540 --- [    Test worker] s.m.restend.core.advice.MyLogAdvice      : 디버그 : 로그인 성공
테스트 : {"status":200,"msg":"성공","data":null}

MockHttpServletRequest:
      HTTP Method = POST
      Request URI = /api/login
       Parameters = {}
          Headers = [Content-Type:"application/json;charset=UTF-8", Content-Length:"43"]
             Body = {"email":"ssar@nate.com","password":"1234"}
    Session Attrs = {}

Handler:
             Type = shop.mtcoding.restend.controller.UserController
           Method = shop.mtcoding.restend.controller.UserController#login(LoginInDTO)

Async:
    Async started = false
     Async result = null

Resolved Exception:
             Type = null

ModelAndView:
        View name = null
             View = null
            Model = null

FlashMap:
       Attributes = null

MockHttpServletResponse:
           Status = 200
    Error message = null
          Headers = [Vary:"Origin", "Access-Control-Request-Method", "Access-Control-Request-Headers", Authorization:"Bearer eyJ0eXAiOiJKV1QiLCJhbGciOiJIUzUxMiJ9.eyJzdWIiOiJqd3RzdHVkeSIsInJvbGUiOiJVU0VSIiwiaWQiOjEsImV4cCI6MTY4MzI2ODAzNX0.119Mi1SGvkg85jpD3N1XHaRtOpzqXnFqcoUYK3xKlI1QY7ecxInCysMn3FhnrzqgglI43ZMSwmBF16agn3nAjA", Content-Type:"application/json;charset=UTF-8", X-Content-Type-Options:"nosniff", X-XSS-Protection:"1; mode=block", Cache-Control:"no-cache, no-store, max-age=0, must-revalidate", Pragma:"no-cache", Expires:"0"]
     Content type = application/json;charset=UTF-8
             Body = {"status":200,"msg":"성공","data":null}
    Forwarded URL = null
   Redirected URL = null
          Cookies = []
2023-05-04 15:27:15.513  INFO 4540 --- [    Test worker] o.s.b.t.m.w.SpringBootMockServletContext : Initializing Spring TestDispatcherServlet ''
2023-05-04 15:27:15.514  INFO 4540 --- [    Test worker] o.s.t.web.servlet.TestDispatcherServlet  : Initializing Servlet ''
2023-05-04 15:27:15.514  INFO 4540 --- [    Test worker] o.s.t.web.servlet.TestDispatcherServlet  : Completed initialization in 0 ms
Hibernate: 
    insert 
    into
        user_tb
        (id, created_at, email, image, password, role, status, updated_at, username) 
    values
        (default, ?, ?, ?, ?, ?, ?, ?, ?)
2023-05-04 15:27:15.636 TRACE 4540 --- [    Test worker] o.h.type.descriptor.sql.BasicBinder      : binding parameter [1] as [TIMESTAMP] - [2023-05-04T15:27:15.636445]
2023-05-04 15:27:15.637 TRACE 4540 --- [    Test worker] o.h.type.descriptor.sql.BasicBinder      : binding parameter [2] as [VARCHAR] - [ssar@nate.com]
2023-05-04 15:27:15.637 TRACE 4540 --- [    Test worker] o.h.type.descriptor.sql.BasicBinder      : binding parameter [3] as [VARCHAR] - [null]
2023-05-04 15:27:15.637 TRACE 4540 --- [    Test worker] o.h.type.descriptor.sql.BasicBinder      : binding parameter [4] as [VARCHAR] - [$2a$10$t7uKqgs3EP/EeBJ2ydybNeX.gb4hYu6KWcYtzMwML33rh3zhRCaAa]
2023-05-04 15:27:15.637 TRACE 4540 --- [    Test worker] o.h.type.descriptor.sql.BasicBinder      : binding parameter [5] as [VARCHAR] - [USER]
2023-05-04 15:27:15.637 TRACE 4540 --- [    Test worker] o.h.type.descriptor.sql.BasicBinder      : binding parameter [6] as [BOOLEAN] - [true]
2023-05-04 15:27:15.637 TRACE 4540 --- [    Test worker] o.h.type.descriptor.sql.BasicBinder      : binding parameter [7] as [TIMESTAMP] - [null]
2023-05-04 15:27:15.637 TRACE 4540 --- [    Test worker] o.h.type.descriptor.sql.BasicBinder      : binding parameter [8] as [VARCHAR] - [사르]
Hibernate: 
    insert 
    into
        user_tb
        (id, created_at, email, image, password, role, status, updated_at, username) 
    values
        (default, ?, ?, ?, ?, ?, ?, ?, ?)
2023-05-04 15:27:15.760 TRACE 4540 --- [    Test worker] o.h.type.descriptor.sql.BasicBinder      : binding parameter [1] as [TIMESTAMP] - [2023-05-04T15:27:15.759798]
2023-05-04 15:27:15.760 TRACE 4540 --- [    Test worker] o.h.type.descriptor.sql.BasicBinder      : binding parameter [2] as [VARCHAR] - [cos@nate.com]
2023-05-04 15:27:15.760 TRACE 4540 --- [    Test worker] o.h.type.descriptor.sql.BasicBinder      : binding parameter [3] as [VARCHAR] - [null]
2023-05-04 15:27:15.760 TRACE 4540 --- [    Test worker] o.h.type.descriptor.sql.BasicBinder      : binding parameter [4] as [VARCHAR] - [$2a$10$rFo7rW5qmPYQAyJe5OOqN.Byx5Wm6AjXWLs56xPOxQpGG8v/PAsS2]
2023-05-04 15:27:15.760 TRACE 4540 --- [    Test worker] o.h.type.descriptor.sql.BasicBinder      : binding parameter [5] as [VARCHAR] - [USER]
2023-05-04 15:27:15.760 TRACE 4540 --- [    Test worker] o.h.type.descriptor.sql.BasicBinder      : binding parameter [6] as [BOOLEAN] - [true]
2023-05-04 15:27:15.760 TRACE 4540 --- [    Test worker] o.h.type.descriptor.sql.BasicBinder      : binding parameter [7] as [TIMESTAMP] - [null]
2023-05-04 15:27:15.760 TRACE 4540 --- [    Test worker] o.h.type.descriptor.sql.BasicBinder      : binding parameter [8] as [VARCHAR] - [코스]
2023-05-04 15:27:15.762 DEBUG 4540 --- [    Test worker] s.m.restend.core.filter.MyTempFilter     : 디버그 : MyTempFilter 동작
Hibernate: 
    select
        user0_.id as id1_4_,
        user0_.created_at as created_2_4_,
        user0_.email as email3_4_,
        user0_.image as image4_4_,
        user0_.password as password5_4_,
        user0_.role as role6_4_,
        user0_.status as status7_4_,
        user0_.updated_at as updated_8_4_,
        user0_.username as username9_4_ 
    from
        user_tb user0_ 
    where
        user0_.email=?
2023-05-04 15:27:15.763 TRACE 4540 --- [    Test worker] o.h.type.descriptor.sql.BasicBinder      : binding parameter [1] as [VARCHAR] - [ssar@nate.com]
2023-05-04 15:27:15.763 TRACE 4540 --- [    Test worker] o.h.type.descriptor.sql.BasicExtractor   : extracted value ([id1_4_] : [BIGINT]) - [1]
2023-05-04 15:27:15.764 TRACE 4540 --- [    Test worker] o.h.type.descriptor.sql.BasicExtractor   : extracted value ([created_2_4_] : [TIMESTAMP]) - [2023-05-04T15:27:15.636445]
2023-05-04 15:27:15.764 TRACE 4540 --- [    Test worker] o.h.type.descriptor.sql.BasicExtractor   : extracted value ([email3_4_] : [VARCHAR]) - [ssar@nate.com]
2023-05-04 15:27:15.764 TRACE 4540 --- [    Test worker] o.h.type.descriptor.sql.BasicExtractor   : extracted value ([image4_4_] : [VARCHAR]) - [null]
2023-05-04 15:27:15.764 TRACE 4540 --- [    Test worker] o.h.type.descriptor.sql.BasicExtractor   : extracted value ([password5_4_] : [VARCHAR]) - [$2a$10$t7uKqgs3EP/EeBJ2ydybNeX.gb4hYu6KWcYtzMwML33rh3zhRCaAa]
2023-05-04 15:27:15.764 TRACE 4540 --- [    Test worker] o.h.type.descriptor.sql.BasicExtractor   : extracted value ([role6_4_] : [VARCHAR]) - [USER]
2023-05-04 15:27:15.764 TRACE 4540 --- [    Test worker] o.h.type.descriptor.sql.BasicExtractor   : extracted value ([status7_4_] : [BOOLEAN]) - [true]
2023-05-04 15:27:15.764 TRACE 4540 --- [    Test worker] o.h.type.descriptor.sql.BasicExtractor   : extracted value ([updated_8_4_] : [TIMESTAMP]) - [null]
2023-05-04 15:27:15.764 TRACE 4540 --- [    Test worker] o.h.type.descriptor.sql.BasicExtractor   : extracted value ([username9_4_] : [VARCHAR]) - [사르]
2023-05-04 15:27:15.891 ERROR 4540 --- [    Test worker] s.m.restend.core.advice.MyLogAdvice      : 에러 : 인증되지 않았습니다
테스트 : {"status":401,"msg":"unAuthorized","data":"인증되지 않았습니다"}

MockHttpServletRequest:
      HTTP Method = POST
      Request URI = /api/login
       Parameters = {}
          Headers = [Content-Type:"application/json;charset=UTF-8", Content-Length:"44"]
             Body = {"email":"ssar@nate.com","password":"12345"}
    Session Attrs = {}

Handler:
             Type = shop.mtcoding.restend.controller.UserController
           Method = shop.mtcoding.restend.controller.UserController#login(LoginInDTO)

Async:
    Async started = false
     Async result = null

Resolved Exception:
             Type = shop.mtcoding.restend.core.exception.Exception401

ModelAndView:
        View name = null
             View = null
            Model = null

FlashMap:
       Attributes = null

MockHttpServletResponse:
           Status = 401
    Error message = null
          Headers = [Vary:"Origin", "Access-Control-Request-Method", "Access-Control-Request-Headers", Content-Type:"application/json;charset=UTF-8", X-Content-Type-Options:"nosniff", X-XSS-Protection:"1; mode=block", Cache-Control:"no-cache, no-store, max-age=0, must-revalidate", Pragma:"no-cache", Expires:"0"]
     Content type = application/json;charset=UTF-8
             Body = {"status":401,"msg":"unAuthorized","data":"인증되지 않았습니다"}
    Forwarded URL = null
   Redirected URL = null
          Cookies = []
2023-05-04 15:27:15.918  INFO 4540 --- [    Test worker] o.s.b.t.m.w.SpringBootMockServletContext : Initializing Spring TestDispatcherServlet ''
2023-05-04 15:27:15.918  INFO 4540 --- [    Test worker] o.s.t.web.servlet.TestDispatcherServlet  : Initializing Servlet ''
2023-05-04 15:27:15.920  INFO 4540 --- [    Test worker] o.s.t.web.servlet.TestDispatcherServlet  : Completed initialization in 2 ms
Hibernate: 
    insert 
    into
        user_tb
        (id, created_at, email, image, password, role, status, updated_at, username) 
    values
        (default, ?, ?, ?, ?, ?, ?, ?, ?)
2023-05-04 15:27:16.082 TRACE 4540 --- [    Test worker] o.h.type.descriptor.sql.BasicBinder      : binding parameter [1] as [TIMESTAMP] - [2023-05-04T15:27:16.081783]
2023-05-04 15:27:16.082 TRACE 4540 --- [    Test worker] o.h.type.descriptor.sql.BasicBinder      : binding parameter [2] as [VARCHAR] - [ssar@nate.com]
2023-05-04 15:27:16.082 TRACE 4540 --- [    Test worker] o.h.type.descriptor.sql.BasicBinder      : binding parameter [3] as [VARCHAR] - [null]
2023-05-04 15:27:16.082 TRACE 4540 --- [    Test worker] o.h.type.descriptor.sql.BasicBinder      : binding parameter [4] as [VARCHAR] - [$2a$10$jVtZW.jSe669U0T/hcYS/Oagh2Lb2ZXDoHmce8r7HslqLLhM8zP3S]
2023-05-04 15:27:16.082 TRACE 4540 --- [    Test worker] o.h.type.descriptor.sql.BasicBinder      : binding parameter [5] as [VARCHAR] - [USER]
2023-05-04 15:27:16.082 TRACE 4540 --- [    Test worker] o.h.type.descriptor.sql.BasicBinder      : binding parameter [6] as [BOOLEAN] - [true]
2023-05-04 15:27:16.082 TRACE 4540 --- [    Test worker] o.h.type.descriptor.sql.BasicBinder      : binding parameter [7] as [TIMESTAMP] - [null]
2023-05-04 15:27:16.082 TRACE 4540 --- [    Test worker] o.h.type.descriptor.sql.BasicBinder      : binding parameter [8] as [VARCHAR] - [사르]
Hibernate: 
    insert 
    into
        user_tb
        (id, created_at, email, image, password, role, status, updated_at, username) 
    values
        (default, ?, ?, ?, ?, ?, ?, ?, ?)
2023-05-04 15:27:16.224 TRACE 4540 --- [    Test worker] o.h.type.descriptor.sql.BasicBinder      : binding parameter [1] as [TIMESTAMP] - [2023-05-04T15:27:16.224071]
2023-05-04 15:27:16.224 TRACE 4540 --- [    Test worker] o.h.type.descriptor.sql.BasicBinder      : binding parameter [2] as [VARCHAR] - [cos@nate.com]
2023-05-04 15:27:16.224 TRACE 4540 --- [    Test worker] o.h.type.descriptor.sql.BasicBinder      : binding parameter [3] as [VARCHAR] - [null]
2023-05-04 15:27:16.224 TRACE 4540 --- [    Test worker] o.h.type.descriptor.sql.BasicBinder      : binding parameter [4] as [VARCHAR] - [$2a$10$DbasHeifjQcfCxAucGxO5.oQ2JfClYK4K7leuHME2C61U/9ZDXVlm]
2023-05-04 15:27:16.224 TRACE 4540 --- [    Test worker] o.h.type.descriptor.sql.BasicBinder      : binding parameter [5] as [VARCHAR] - [USER]
2023-05-04 15:27:16.224 TRACE 4540 --- [    Test worker] o.h.type.descriptor.sql.BasicBinder      : binding parameter [6] as [BOOLEAN] - [true]
2023-05-04 15:27:16.224 TRACE 4540 --- [    Test worker] o.h.type.descriptor.sql.BasicBinder      : binding parameter [7] as [TIMESTAMP] - [null]
2023-05-04 15:27:16.224 TRACE 4540 --- [    Test worker] o.h.type.descriptor.sql.BasicBinder      : binding parameter [8] as [VARCHAR] - [코스]
2023-05-04 15:27:16.227  WARN 4540 --- [    Test worker] s.m.r.core.config.MySecurityConfig       : 인증되지 않은 사용자가 자원에 접근하려 합니다 : Full authentication is required to access this resource
테스트 : {"status":401,"msg":"unAuthorized","data":"인증되지 않았습니다"}


MockHttpServletRequest:
      HTTP Method = GET
      Request URI = /api/user/1
       Parameters = {}
          Headers = []
             Body = null
    Session Attrs = {}

Handler:
             Type = null

Async:
    Async started = false
     Async result = null

Resolved Exception:
             Type = null

ModelAndView:
        View name = null
             View = null
            Model = null

FlashMap:
       Attributes = null

MockHttpServletResponse:
           Status = 401
    Error message = null
          Headers = [Vary:"Origin", "Access-Control-Request-Method", "Access-Control-Request-Headers", Content-Type:"application/json; charset=utf-8", X-Content-Type-Options:"nosniff", X-XSS-Protection:"1; mode=block", Cache-Control:"no-cache, no-store, max-age=0, must-revalidate", Pragma:"no-cache", Expires:"0"]
     Content type = application/json; charset=utf-8
             Body = {"status":401,"msg":"unAuthorized","data":"인증되지 않았습니다"}

    Forwarded URL = null
   Redirected URL = null
          Cookies = []
2023-05-04 15:27:16.239  INFO 4540 --- [    Test worker] o.s.b.t.m.w.SpringBootMockServletContext : Initializing Spring TestDispatcherServlet ''
2023-05-04 15:27:16.239  INFO 4540 --- [    Test worker] o.s.t.web.servlet.TestDispatcherServlet  : Initializing Servlet ''
2023-05-04 15:27:16.240  INFO 4540 --- [    Test worker] o.s.t.web.servlet.TestDispatcherServlet  : Completed initialization in 1 ms
Hibernate: 
    insert 
    into
        user_tb
        (id, created_at, email, image, password, role, status, updated_at, username) 
    values
        (default, ?, ?, ?, ?, ?, ?, ?, ?)
2023-05-04 15:27:16.362 TRACE 4540 --- [    Test worker] o.h.type.descriptor.sql.BasicBinder      : binding parameter [1] as [TIMESTAMP] - [2023-05-04T15:27:16.361919]
2023-05-04 15:27:16.362 TRACE 4540 --- [    Test worker] o.h.type.descriptor.sql.BasicBinder      : binding parameter [2] as [VARCHAR] - [ssar@nate.com]
2023-05-04 15:27:16.362 TRACE 4540 --- [    Test worker] o.h.type.descriptor.sql.BasicBinder      : binding parameter [3] as [VARCHAR] - [null]
2023-05-04 15:27:16.362 TRACE 4540 --- [    Test worker] o.h.type.descriptor.sql.BasicBinder      : binding parameter [4] as [VARCHAR] - [$2a$10$Y7uQnMRdfb3lNquDSDBJSOxjSqOi8aDfDCU90/lr54zPaKeoD1FpK]
2023-05-04 15:27:16.362 TRACE 4540 --- [    Test worker] o.h.type.descriptor.sql.BasicBinder      : binding parameter [5] as [VARCHAR] - [USER]
2023-05-04 15:27:16.362 TRACE 4540 --- [    Test worker] o.h.type.descriptor.sql.BasicBinder      : binding parameter [6] as [BOOLEAN] - [true]
2023-05-04 15:27:16.362 TRACE 4540 --- [    Test worker] o.h.type.descriptor.sql.BasicBinder      : binding parameter [7] as [TIMESTAMP] - [null]
2023-05-04 15:27:16.362 TRACE 4540 --- [    Test worker] o.h.type.descriptor.sql.BasicBinder      : binding parameter [8] as [VARCHAR] - [사르]
Hibernate: 
    insert 
    into
        user_tb
        (id, created_at, email, image, password, role, status, updated_at, username) 
    values
        (default, ?, ?, ?, ?, ?, ?, ?, ?)
2023-05-04 15:27:16.491 TRACE 4540 --- [    Test worker] o.h.type.descriptor.sql.BasicBinder      : binding parameter [1] as [TIMESTAMP] - [2023-05-04T15:27:16.490940]
2023-05-04 15:27:16.491 TRACE 4540 --- [    Test worker] o.h.type.descriptor.sql.BasicBinder      : binding parameter [2] as [VARCHAR] - [cos@nate.com]
2023-05-04 15:27:16.491 TRACE 4540 --- [    Test worker] o.h.type.descriptor.sql.BasicBinder      : binding parameter [3] as [VARCHAR] - [null]
2023-05-04 15:27:16.491 TRACE 4540 --- [    Test worker] o.h.type.descriptor.sql.BasicBinder      : binding parameter [4] as [VARCHAR] - [$2a$10$9xnI7qf.MdeLmH1CBStuN.PhVz0B3tiyY/UukmB7FLwaenuBjH.RG]
2023-05-04 15:27:16.491 TRACE 4540 --- [    Test worker] o.h.type.descriptor.sql.BasicBinder      : binding parameter [5] as [VARCHAR] - [USER]
2023-05-04 15:27:16.491 TRACE 4540 --- [    Test worker] o.h.type.descriptor.sql.BasicBinder      : binding parameter [6] as [BOOLEAN] - [true]
2023-05-04 15:27:16.491 TRACE 4540 --- [    Test worker] o.h.type.descriptor.sql.BasicBinder      : binding parameter [7] as [TIMESTAMP] - [null]
2023-05-04 15:27:16.491 TRACE 4540 --- [    Test worker] o.h.type.descriptor.sql.BasicBinder      : binding parameter [8] as [VARCHAR] - [코스]
2023-05-04 15:27:16.493 DEBUG 4540 --- [    Test worker] s.m.restend.core.filter.MyTempFilter     : 디버그 : MyTempFilter 동작
Hibernate: 
    select
        user0_.id as id1_4_,
        user0_.created_at as created_2_4_,
        user0_.email as email3_4_,
        user0_.image as image4_4_,
        user0_.password as password5_4_,
        user0_.role as role6_4_,
        user0_.status as status7_4_,
        user0_.updated_at as updated_8_4_,
        user0_.username as username9_4_ 
    from
        user_tb user0_ 
    where
        user0_.email=?
2023-05-04 15:27:16.504 TRACE 4540 --- [    Test worker] o.h.type.descriptor.sql.BasicBinder      : binding parameter [1] as [VARCHAR] - [ssar@nate.com]
2023-05-04 15:27:16.504 TRACE 4540 --- [    Test worker] o.h.type.descriptor.sql.BasicExtractor   : extracted value ([id1_4_] : [BIGINT]) - [1]
2023-05-04 15:27:16.504 TRACE 4540 --- [    Test worker] o.h.type.descriptor.sql.BasicExtractor   : extracted value ([created_2_4_] : [TIMESTAMP]) - [2023-05-04T15:27:16.361919]
2023-05-04 15:27:16.504 TRACE 4540 --- [    Test worker] o.h.type.descriptor.sql.BasicExtractor   : extracted value ([email3_4_] : [VARCHAR]) - [ssar@nate.com]
2023-05-04 15:27:16.504 TRACE 4540 --- [    Test worker] o.h.type.descriptor.sql.BasicExtractor   : extracted value ([image4_4_] : [VARCHAR]) - [null]
2023-05-04 15:27:16.504 TRACE 4540 --- [    Test worker] o.h.type.descriptor.sql.BasicExtractor   : extracted value ([password5_4_] : [VARCHAR]) - [$2a$10$Y7uQnMRdfb3lNquDSDBJSOxjSqOi8aDfDCU90/lr54zPaKeoD1FpK]
2023-05-04 15:27:16.504 TRACE 4540 --- [    Test worker] o.h.type.descriptor.sql.BasicExtractor   : extracted value ([role6_4_] : [VARCHAR]) - [USER]
2023-05-04 15:27:16.504 TRACE 4540 --- [    Test worker] o.h.type.descriptor.sql.BasicExtractor   : extracted value ([status7_4_] : [BOOLEAN]) - [true]
2023-05-04 15:27:16.504 TRACE 4540 --- [    Test worker] o.h.type.descriptor.sql.BasicExtractor   : extracted value ([updated_8_4_] : [TIMESTAMP]) - [null]
2023-05-04 15:27:16.504 TRACE 4540 --- [    Test worker] o.h.type.descriptor.sql.BasicExtractor   : extracted value ([username9_4_] : [VARCHAR]) - [사르]
2023-05-04 15:27:16.505 ERROR 4540 --- [    Test worker] s.m.restend.core.advice.MyLogAdvice      : 에러 : 이메일이 존재합니다
테스트 : {"status":400,"msg":"badRequest","data":{"key":"email","value":"이메일이 존재합니다"}}

MockHttpServletRequest:
      HTTP Method = POST
      Request URI = /api/signup
       Parameters = {}
          Headers = [Content-Type:"application/json;charset=UTF-8", Content-Length:"63"]
             Body = {"username":"사르","password":"1234","email":"ssar@nate.com"}
    Session Attrs = {}

Handler:
             Type = shop.mtcoding.restend.controller.UserController
           Method = shop.mtcoding.restend.controller.UserController#join(JoinInDTO, Errors)

Async:
    Async started = false
     Async result = null

Resolved Exception:
             Type = shop.mtcoding.restend.core.exception.Exception400

ModelAndView:
        View name = null
             View = null
            Model = null

FlashMap:
       Attributes = null

MockHttpServletResponse:
           Status = 400
    Error message = null
          Headers = [Vary:"Origin", "Access-Control-Request-Method", "Access-Control-Request-Headers", Content-Type:"application/json;charset=UTF-8", X-Content-Type-Options:"nosniff", X-XSS-Protection:"1; mode=block", Cache-Control:"no-cache, no-store, max-age=0, must-revalidate", Pragma:"no-cache", Expires:"0"]
     Content type = application/json;charset=UTF-8
             Body = {"status":400,"msg":"badRequest","data":{"key":"email","value":"이메일이 존재합니다"}}
    Forwarded URL = null
   Redirected URL = null
          Cookies = []
2023-05-04 15:27:16.517  INFO 4540 --- [    Test worker] o.s.b.t.m.w.SpringBootMockServletContext : Initializing Spring TestDispatcherServlet ''
2023-05-04 15:27:16.518  INFO 4540 --- [    Test worker] o.s.t.web.servlet.TestDispatcherServlet  : Initializing Servlet ''
2023-05-04 15:27:16.518  INFO 4540 --- [    Test worker] o.s.t.web.servlet.TestDispatcherServlet  : Completed initialization in 0 ms
Hibernate: 
    insert 
    into
        user_tb
        (id, created_at, email, image, password, role, status, updated_at, username) 
    values
        (default, ?, ?, ?, ?, ?, ?, ?, ?)
2023-05-04 15:27:16.640 TRACE 4540 --- [    Test worker] o.h.type.descriptor.sql.BasicBinder      : binding parameter [1] as [TIMESTAMP] - [2023-05-04T15:27:16.639920]
2023-05-04 15:27:16.640 TRACE 4540 --- [    Test worker] o.h.type.descriptor.sql.BasicBinder      : binding parameter [2] as [VARCHAR] - [ssar@nate.com]
2023-05-04 15:27:16.640 TRACE 4540 --- [    Test worker] o.h.type.descriptor.sql.BasicBinder      : binding parameter [3] as [VARCHAR] - [null]
2023-05-04 15:27:16.640 TRACE 4540 --- [    Test worker] o.h.type.descriptor.sql.BasicBinder      : binding parameter [4] as [VARCHAR] - [$2a$10$R46hiQyVO4AKZs1qKyG4NuCfosooFnFpDQExvMQJR8ZvvXAY46DTC]
2023-05-04 15:27:16.640 TRACE 4540 --- [    Test worker] o.h.type.descriptor.sql.BasicBinder      : binding parameter [5] as [VARCHAR] - [USER]
2023-05-04 15:27:16.640 TRACE 4540 --- [    Test worker] o.h.type.descriptor.sql.BasicBinder      : binding parameter [6] as [BOOLEAN] - [true]
2023-05-04 15:27:16.640 TRACE 4540 --- [    Test worker] o.h.type.descriptor.sql.BasicBinder      : binding parameter [7] as [TIMESTAMP] - [null]
2023-05-04 15:27:16.640 TRACE 4540 --- [    Test worker] o.h.type.descriptor.sql.BasicBinder      : binding parameter [8] as [VARCHAR] - [사르]
Hibernate: 
    insert 
    into
        user_tb
        (id, created_at, email, image, password, role, status, updated_at, username) 
    values
        (default, ?, ?, ?, ?, ?, ?, ?, ?)
2023-05-04 15:27:16.762 TRACE 4540 --- [    Test worker] o.h.type.descriptor.sql.BasicBinder      : binding parameter [1] as [TIMESTAMP] - [2023-05-04T15:27:16.762595]
2023-05-04 15:27:16.763 TRACE 4540 --- [    Test worker] o.h.type.descriptor.sql.BasicBinder      : binding parameter [2] as [VARCHAR] - [cos@nate.com]
2023-05-04 15:27:16.763 TRACE 4540 --- [    Test worker] o.h.type.descriptor.sql.BasicBinder      : binding parameter [3] as [VARCHAR] - [null]
2023-05-04 15:27:16.763 TRACE 4540 --- [    Test worker] o.h.type.descriptor.sql.BasicBinder      : binding parameter [4] as [VARCHAR] - [$2a$10$8tiJTSIdQsE/SLTvT/tV4e5mdp1qnHmpitqCzN3AVasMXgIilvbQa]
2023-05-04 15:27:16.763 TRACE 4540 --- [    Test worker] o.h.type.descriptor.sql.BasicBinder      : binding parameter [5] as [VARCHAR] - [USER]
2023-05-04 15:27:16.763 TRACE 4540 --- [    Test worker] o.h.type.descriptor.sql.BasicBinder      : binding parameter [6] as [BOOLEAN] - [true]
2023-05-04 15:27:16.763 TRACE 4540 --- [    Test worker] o.h.type.descriptor.sql.BasicBinder      : binding parameter [7] as [TIMESTAMP] - [null]
2023-05-04 15:27:16.763 TRACE 4540 --- [    Test worker] o.h.type.descriptor.sql.BasicBinder      : binding parameter [8] as [VARCHAR] - [코스]
2023-05-04 15:27:16.764 DEBUG 4540 --- [    Test worker] s.m.restend.core.filter.MyTempFilter     : 디버그 : MyTempFilter 동작
2023-05-04 15:27:16.771 ERROR 4540 --- [    Test worker] s.m.restend.core.advice.MyLogAdvice      : 에러 : 올바른 이름 형식으로 작성해주세요.
테스트 : {"status":400,"msg":"badRequest","data":{"key":"username","value":"올바른 이름 형식으로 작성해주세요."}}

MockHttpServletRequest:
      HTTP Method = POST
      Request URI = /api/signup
       Parameters = {}
          Headers = [Content-Type:"application/json;charset=UTF-8", Content-Length:"60"]
             Body = {"username":"사","password":"1234","email":"ssar@nate.com"}
    Session Attrs = {}

Handler:
             Type = shop.mtcoding.restend.controller.UserController
           Method = shop.mtcoding.restend.controller.UserController#join(JoinInDTO, Errors)

Async:
    Async started = false
     Async result = null

Resolved Exception:
             Type = shop.mtcoding.restend.core.exception.Exception400

ModelAndView:
        View name = null
             View = null
            Model = null

FlashMap:
       Attributes = null

MockHttpServletResponse:
           Status = 400
    Error message = null
          Headers = [Vary:"Origin", "Access-Control-Request-Method", "Access-Control-Request-Headers", Content-Type:"application/json;charset=UTF-8", X-Content-Type-Options:"nosniff", X-XSS-Protection:"1; mode=block", Cache-Control:"no-cache, no-store, max-age=0, must-revalidate", Pragma:"no-cache", Expires:"0"]
     Content type = application/json;charset=UTF-8
             Body = {"status":400,"msg":"badRequest","data":{"key":"username","value":"올바른 이름 형식으로 작성해주세요."}}
    Forwarded URL = null
   Redirected URL = null
          Cookies = []
2023-05-04 15:27:16.781  INFO 4540 --- [    Test worker] o.s.b.t.m.w.SpringBootMockServletContext : Initializing Spring TestDispatcherServlet ''
2023-05-04 15:27:16.781  INFO 4540 --- [    Test worker] o.s.t.web.servlet.TestDispatcherServlet  : Initializing Servlet ''
2023-05-04 15:27:16.782  INFO 4540 --- [    Test worker] o.s.t.web.servlet.TestDispatcherServlet  : Completed initialization in 1 ms
Hibernate: 
    insert 
    into
        user_tb
        (id, created_at, email, image, password, role, status, updated_at, username) 
    values
        (default, ?, ?, ?, ?, ?, ?, ?, ?)
2023-05-04 15:27:16.904 TRACE 4540 --- [    Test worker] o.h.type.descriptor.sql.BasicBinder      : binding parameter [1] as [TIMESTAMP] - [2023-05-04T15:27:16.904287]
2023-05-04 15:27:16.905 TRACE 4540 --- [    Test worker] o.h.type.descriptor.sql.BasicBinder      : binding parameter [2] as [VARCHAR] - [ssar@nate.com]
2023-05-04 15:27:16.905 TRACE 4540 --- [    Test worker] o.h.type.descriptor.sql.BasicBinder      : binding parameter [3] as [VARCHAR] - [null]
2023-05-04 15:27:16.905 TRACE 4540 --- [    Test worker] o.h.type.descriptor.sql.BasicBinder      : binding parameter [4] as [VARCHAR] - [$2a$10$yquRUbZpsCPJuG1ztqSiVeVKqXai9WAXxh2oYcdaY6GqxviK5FMKC]
2023-05-04 15:27:16.905 TRACE 4540 --- [    Test worker] o.h.type.descriptor.sql.BasicBinder      : binding parameter [5] as [VARCHAR] - [USER]
2023-05-04 15:27:16.905 TRACE 4540 --- [    Test worker] o.h.type.descriptor.sql.BasicBinder      : binding parameter [6] as [BOOLEAN] - [true]
2023-05-04 15:27:16.905 TRACE 4540 --- [    Test worker] o.h.type.descriptor.sql.BasicBinder      : binding parameter [7] as [TIMESTAMP] - [null]
2023-05-04 15:27:16.905 TRACE 4540 --- [    Test worker] o.h.type.descriptor.sql.BasicBinder      : binding parameter [8] as [VARCHAR] - [사르]
Hibernate: 
    insert 
    into
        user_tb
        (id, created_at, email, image, password, role, status, updated_at, username) 
    values
        (default, ?, ?, ?, ?, ?, ?, ?, ?)
2023-05-04 15:27:17.029 TRACE 4540 --- [    Test worker] o.h.type.descriptor.sql.BasicBinder      : binding parameter [1] as [TIMESTAMP] - [2023-05-04T15:27:17.028682]
2023-05-04 15:27:17.029 TRACE 4540 --- [    Test worker] o.h.type.descriptor.sql.BasicBinder      : binding parameter [2] as [VARCHAR] - [cos@nate.com]
2023-05-04 15:27:17.029 TRACE 4540 --- [    Test worker] o.h.type.descriptor.sql.BasicBinder      : binding parameter [3] as [VARCHAR] - [null]
2023-05-04 15:27:17.029 TRACE 4540 --- [    Test worker] o.h.type.descriptor.sql.BasicBinder      : binding parameter [4] as [VARCHAR] - [$2a$10$4FR/eAAr4LnUrY.DudE49ONyXhg4.ioAARdHWAfJwk.32qe1Tjdge]
2023-05-04 15:27:17.029 TRACE 4540 --- [    Test worker] o.h.type.descriptor.sql.BasicBinder      : binding parameter [5] as [VARCHAR] - [USER]
2023-05-04 15:27:17.029 TRACE 4540 --- [    Test worker] o.h.type.descriptor.sql.BasicBinder      : binding parameter [6] as [BOOLEAN] - [true]
2023-05-04 15:27:17.029 TRACE 4540 --- [    Test worker] o.h.type.descriptor.sql.BasicBinder      : binding parameter [7] as [TIMESTAMP] - [null]
2023-05-04 15:27:17.029 TRACE 4540 --- [    Test worker] o.h.type.descriptor.sql.BasicBinder      : binding parameter [8] as [VARCHAR] - [코스]
Hibernate: 
    select
        user0_.id as id1_4_,
        user0_.created_at as created_2_4_,
        user0_.email as email3_4_,
        user0_.image as image4_4_,
        user0_.password as password5_4_,
        user0_.role as role6_4_,
        user0_.status as status7_4_,
        user0_.updated_at as updated_8_4_,
        user0_.username as username9_4_ 
    from
        user_tb user0_ 
    where
        user0_.email=?
2023-05-04 15:27:17.031 TRACE 4540 --- [    Test worker] o.h.type.descriptor.sql.BasicBinder      : binding parameter [1] as [VARCHAR] - [cos@nate.com]
2023-05-04 15:27:17.031 TRACE 4540 --- [    Test worker] o.h.type.descriptor.sql.BasicExtractor   : extracted value ([id1_4_] : [BIGINT]) - [2]
2023-05-04 15:27:17.031 TRACE 4540 --- [    Test worker] o.h.type.descriptor.sql.BasicExtractor   : extracted value ([created_2_4_] : [TIMESTAMP]) - [2023-05-04T15:27:17.028682]
2023-05-04 15:27:17.031 TRACE 4540 --- [    Test worker] o.h.type.descriptor.sql.BasicExtractor   : extracted value ([email3_4_] : [VARCHAR]) - [cos@nate.com]
2023-05-04 15:27:17.031 TRACE 4540 --- [    Test worker] o.h.type.descriptor.sql.BasicExtractor   : extracted value ([image4_4_] : [VARCHAR]) - [null]
2023-05-04 15:27:17.031 TRACE 4540 --- [    Test worker] o.h.type.descriptor.sql.BasicExtractor   : extracted value ([password5_4_] : [VARCHAR]) - [$2a$10$4FR/eAAr4LnUrY.DudE49ONyXhg4.ioAARdHWAfJwk.32qe1Tjdge]
2023-05-04 15:27:17.031 TRACE 4540 --- [    Test worker] o.h.type.descriptor.sql.BasicExtractor   : extracted value ([role6_4_] : [VARCHAR]) - [USER]
2023-05-04 15:27:17.031 TRACE 4540 --- [    Test worker] o.h.type.descriptor.sql.BasicExtractor   : extracted value ([status7_4_] : [BOOLEAN]) - [true]
2023-05-04 15:27:17.031 TRACE 4540 --- [    Test worker] o.h.type.descriptor.sql.BasicExtractor   : extracted value ([updated_8_4_] : [TIMESTAMP]) - [null]
2023-05-04 15:27:17.031 TRACE 4540 --- [    Test worker] o.h.type.descriptor.sql.BasicExtractor   : extracted value ([username9_4_] : [VARCHAR]) - [코스]
2023-05-04 15:27:17.032 DEBUG 4540 --- [    Test worker] s.m.restend.core.filter.MyTempFilter     : 디버그 : MyTempFilter 동작
2023-05-04 15:27:17.033 ERROR 4540 --- [    Test worker] s.m.restend.core.advice.MyLogAdvice      : 에러 : 권한이 없습니다
테스트 : {"status":403,"msg":"forbidden","data":"권한이 없습니다"}

MockHttpServletRequest:
      HTTP Method = GET
      Request URI = /api/user/1
       Parameters = {}
          Headers = []
             Body = null
    Session Attrs = {}

Handler:
             Type = shop.mtcoding.restend.controller.UserController
           Method = shop.mtcoding.restend.controller.UserController#detail(Long, MyUserDetails)

Async:
    Async started = false
     Async result = null

Resolved Exception:
             Type = shop.mtcoding.restend.core.exception.Exception403

ModelAndView:
        View name = null
             View = null
            Model = null

FlashMap:
       Attributes = null

MockHttpServletResponse:
           Status = 403
    Error message = null
          Headers = [Vary:"Origin", "Access-Control-Request-Method", "Access-Control-Request-Headers", Content-Type:"application/json;charset=UTF-8", X-Content-Type-Options:"nosniff", X-XSS-Protection:"1; mode=block", Cache-Control:"no-cache, no-store, max-age=0, must-revalidate", Pragma:"no-cache", Expires:"0"]
     Content type = application/json;charset=UTF-8
             Body = {"status":403,"msg":"forbidden","data":"권한이 없습니다"}
    Forwarded URL = null
   Redirected URL = null
          Cookies = []
2023-05-04 15:27:17.044  INFO 4540 --- [    Test worker] o.s.b.t.m.w.SpringBootMockServletContext : Initializing Spring TestDispatcherServlet ''
2023-05-04 15:27:17.044  INFO 4540 --- [    Test worker] o.s.t.web.servlet.TestDispatcherServlet  : Initializing Servlet ''
2023-05-04 15:27:17.044  INFO 4540 --- [    Test worker] o.s.t.web.servlet.TestDispatcherServlet  : Completed initialization in 0 ms
Hibernate: 
    insert 
    into
        user_tb
        (id, created_at, email, image, password, role, status, updated_at, username) 
    values
        (default, ?, ?, ?, ?, ?, ?, ?, ?)
2023-05-04 15:27:17.166 TRACE 4540 --- [    Test worker] o.h.type.descriptor.sql.BasicBinder      : binding parameter [1] as [TIMESTAMP] - [2023-05-04T15:27:17.166155]
2023-05-04 15:27:17.166 TRACE 4540 --- [    Test worker] o.h.type.descriptor.sql.BasicBinder      : binding parameter [2] as [VARCHAR] - [ssar@nate.com]
2023-05-04 15:27:17.166 TRACE 4540 --- [    Test worker] o.h.type.descriptor.sql.BasicBinder      : binding parameter [3] as [VARCHAR] - [null]
2023-05-04 15:27:17.166 TRACE 4540 --- [    Test worker] o.h.type.descriptor.sql.BasicBinder      : binding parameter [4] as [VARCHAR] - [$2a$10$ZXVWZADY2j2K9ipGL5p6YuPQZs/gSoGq7zdbAdB917XdZeAYqP73.]
2023-05-04 15:27:17.166 TRACE 4540 --- [    Test worker] o.h.type.descriptor.sql.BasicBinder      : binding parameter [5] as [VARCHAR] - [USER]
2023-05-04 15:27:17.166 TRACE 4540 --- [    Test worker] o.h.type.descriptor.sql.BasicBinder      : binding parameter [6] as [BOOLEAN] - [true]
2023-05-04 15:27:17.167 TRACE 4540 --- [    Test worker] o.h.type.descriptor.sql.BasicBinder      : binding parameter [7] as [TIMESTAMP] - [null]
2023-05-04 15:27:17.167 TRACE 4540 --- [    Test worker] o.h.type.descriptor.sql.BasicBinder      : binding parameter [8] as [VARCHAR] - [사르]
Hibernate: 
    insert 
    into
        user_tb
        (id, created_at, email, image, password, role, status, updated_at, username) 
    values
        (default, ?, ?, ?, ?, ?, ?, ?, ?)
2023-05-04 15:27:17.289 TRACE 4540 --- [    Test worker] o.h.type.descriptor.sql.BasicBinder      : binding parameter [1] as [TIMESTAMP] - [2023-05-04T15:27:17.289115]
2023-05-04 15:27:17.289 TRACE 4540 --- [    Test worker] o.h.type.descriptor.sql.BasicBinder      : binding parameter [2] as [VARCHAR] - [cos@nate.com]
2023-05-04 15:27:17.289 TRACE 4540 --- [    Test worker] o.h.type.descriptor.sql.BasicBinder      : binding parameter [3] as [VARCHAR] - [null]
2023-05-04 15:27:17.289 TRACE 4540 --- [    Test worker] o.h.type.descriptor.sql.BasicBinder      : binding parameter [4] as [VARCHAR] - [$2a$10$AfeXCwvKHr3hhAWZD9M76OF4f7gjQ4TxoptNYFNSObOEsGg2uKWry]
2023-05-04 15:27:17.289 TRACE 4540 --- [    Test worker] o.h.type.descriptor.sql.BasicBinder      : binding parameter [5] as [VARCHAR] - [USER]
2023-05-04 15:27:17.289 TRACE 4540 --- [    Test worker] o.h.type.descriptor.sql.BasicBinder      : binding parameter [6] as [BOOLEAN] - [true]
2023-05-04 15:27:17.289 TRACE 4540 --- [    Test worker] o.h.type.descriptor.sql.BasicBinder      : binding parameter [7] as [TIMESTAMP] - [null]
2023-05-04 15:27:17.289 TRACE 4540 --- [    Test worker] o.h.type.descriptor.sql.BasicBinder      : binding parameter [8] as [VARCHAR] - [코스]
2023-05-04 15:27:17.291 DEBUG 4540 --- [    Test worker] s.m.restend.core.filter.MyTempFilter     : 디버그 : MyTempFilter 동작
Hibernate: 
    select
        user0_.id as id1_4_,
        user0_.created_at as created_2_4_,
        user0_.email as email3_4_,
        user0_.image as image4_4_,
        user0_.password as password5_4_,
        user0_.role as role6_4_,
        user0_.status as status7_4_,
        user0_.updated_at as updated_8_4_,
        user0_.username as username9_4_ 
    from
        user_tb user0_ 
    where
        user0_.email=?
2023-05-04 15:27:17.293 TRACE 4540 --- [    Test worker] o.h.type.descriptor.sql.BasicBinder      : binding parameter [1] as [VARCHAR] - [love@nate.com]
encPassword : $2a$10$2Z5l/nm.O.K2pXlCcz9GtOmKlLdrKyKCBJ1Uqu2kSBOoYndTshKN2
Hibernate: 
    insert 
    into
        user_tb
        (id, created_at, email, image, password, role, status, updated_at, username) 
    values
        (default, ?, ?, ?, ?, ?, ?, ?, ?)
2023-05-04 15:27:17.414 TRACE 4540 --- [    Test worker] o.h.type.descriptor.sql.BasicBinder      : binding parameter [1] as [TIMESTAMP] - [2023-05-04T15:27:17.414514]
2023-05-04 15:27:17.415 TRACE 4540 --- [    Test worker] o.h.type.descriptor.sql.BasicBinder      : binding parameter [2] as [VARCHAR] - [love@nate.com]
2023-05-04 15:27:17.415 TRACE 4540 --- [    Test worker] o.h.type.descriptor.sql.BasicBinder      : binding parameter [3] as [VARCHAR] - [null]
2023-05-04 15:27:17.415 TRACE 4540 --- [    Test worker] o.h.type.descriptor.sql.BasicBinder      : binding parameter [4] as [VARCHAR] - [$2a$10$2Z5l/nm.O.K2pXlCcz9GtOmKlLdrKyKCBJ1Uqu2kSBOoYndTshKN2]
2023-05-04 15:27:17.415 TRACE 4540 --- [    Test worker] o.h.type.descriptor.sql.BasicBinder      : binding parameter [5] as [VARCHAR] - [USER]
2023-05-04 15:27:17.415 TRACE 4540 --- [    Test worker] o.h.type.descriptor.sql.BasicBinder      : binding parameter [6] as [BOOLEAN] - [true]
2023-05-04 15:27:17.415 TRACE 4540 --- [    Test worker] o.h.type.descriptor.sql.BasicBinder      : binding parameter [7] as [TIMESTAMP] - [null]
2023-05-04 15:27:17.415 TRACE 4540 --- [    Test worker] o.h.type.descriptor.sql.BasicBinder      : binding parameter [8] as [VARCHAR] - [러브]
2023-05-04 15:27:17.415 DEBUG 4540 --- [    Test worker] s.m.restend.core.advice.MyLogAdvice      : 디버그 : 회원가입 성공
2023-05-04 15:27:17.416 DEBUG 4540 --- [    Test worker] s.m.restend.core.advice.MyLogAdvice      : 디버그 : join 성공
테스트 : {"status":200,"msg":"성공","data":{"id":3,"username":"러브","email":"love@nate.com"}}

MockHttpServletRequest:
      HTTP Method = POST
      Request URI = /api/signup
       Parameters = {}
          Headers = [Content-Type:"application/json;charset=UTF-8", Content-Length:"63"]
             Body = {"username":"러브","password":"1234","email":"love@nate.com"}
    Session Attrs = {}

Handler:
             Type = shop.mtcoding.restend.controller.UserController
           Method = shop.mtcoding.restend.controller.UserController#join(JoinInDTO, Errors)

Async:
    Async started = false
     Async result = null

Resolved Exception:
             Type = null

ModelAndView:
        View name = null
             View = null
            Model = null

FlashMap:
       Attributes = null

MockHttpServletResponse:
           Status = 200
    Error message = null
          Headers = [Vary:"Origin", "Access-Control-Request-Method", "Access-Control-Request-Headers", Content-Type:"application/json;charset=UTF-8", X-Content-Type-Options:"nosniff", X-XSS-Protection:"1; mode=block", Cache-Control:"no-cache, no-store, max-age=0, must-revalidate", Pragma:"no-cache", Expires:"0"]
     Content type = application/json;charset=UTF-8
             Body = {"status":200,"msg":"성공","data":{"id":3,"username":"러브","email":"love@nate.com"}}
    Forwarded URL = null
   Redirected URL = null
          Cookies = []
]]></system-out>
  <system-err><![CDATA[]]></system-err>
</testsuite>
