<?xml version="1.0" encoding="UTF-8"?>
<testsuite name="shop.mtcoding.restend.model.user.UserRepositoryTest" tests="3" skipped="0" failures="0" errors="0" timestamp="2023-05-04T06:27:17" hostname="yerim-ui-MacBookAir.local" time="1.264">
  <properties/>
  <testcase name="findById()" classname="shop.mtcoding.restend.model.user.UserRepositoryTest" time="0.393"/>
  <testcase name="save()" classname="shop.mtcoding.restend.model.user.UserRepositoryTest" time="0.495"/>
  <testcase name="findByUsername()" classname="shop.mtcoding.restend.model.user.UserRepositoryTest" time="0.376"/>
  <system-out><![CDATA[2023-05-04 15:27:17.426  INFO 4540 --- [    Test worker] b.t.a.o.j.DataJpaTestContextBootstrapper : Neither @ContextConfiguration nor @ContextHierarchy found for test class [shop.mtcoding.restend.model.user.UserRepositoryTest], using SpringBootContextLoader
2023-05-04 15:27:17.427  INFO 4540 --- [    Test worker] o.s.t.c.support.AbstractContextLoader    : Could not detect default resource locations for test class [shop.mtcoding.restend.model.user.UserRepositoryTest]: no resource found for suffixes {-context.xml, Context.groovy}.
2023-05-04 15:27:17.427  INFO 4540 --- [    Test worker] t.c.s.AnnotationConfigContextLoaderUtils : Could not detect default configuration classes for test class [shop.mtcoding.restend.model.user.UserRepositoryTest]: UserRepositoryTest does not declare any static, non-private, non-final, nested classes annotated with @Configuration.
2023-05-04 15:27:17.432  INFO 4540 --- [    Test worker] .b.t.c.SpringBootTestContextBootstrapper : Found @SpringBootConfiguration shop.mtcoding.restend.RestendApplication for test class shop.mtcoding.restend.model.user.UserRepositoryTest
2023-05-04 15:27:17.433  INFO 4540 --- [    Test worker] b.t.a.o.j.DataJpaTestContextBootstrapper : Loaded default TestExecutionListener class names from location [META-INF/spring.factories]: [org.springframework.security.test.context.support.WithSecurityContextTestExecutionListener, org.springframework.security.test.context.support.ReactorContextTestExecutionListener, org.springframework.boot.test.autoconfigure.restdocs.RestDocsTestExecutionListener, org.springframework.boot.test.autoconfigure.web.client.MockRestServiceServerResetTestExecutionListener, org.springframework.boot.test.autoconfigure.web.servlet.MockMvcPrintOnlyOnFailureTestExecutionListener, org.springframework.boot.test.autoconfigure.web.servlet.WebDriverTestExecutionListener, org.springframework.boot.test.autoconfigure.webservices.client.MockWebServiceServerTestExecutionListener, org.springframework.boot.test.mock.mockito.MockitoTestExecutionListener, org.springframework.boot.test.mock.mockito.ResetMocksTestExecutionListener, org.springframework.test.context.web.ServletTestExecutionListener, org.springframework.test.context.support.DirtiesContextBeforeModesTestExecutionListener, org.springframework.test.context.event.ApplicationEventsTestExecutionListener, org.springframework.test.context.support.DependencyInjectionTestExecutionListener, org.springframework.test.context.support.DirtiesContextTestExecutionListener, org.springframework.test.context.transaction.TransactionalTestExecutionListener, org.springframework.test.context.jdbc.SqlScriptsTestExecutionListener, org.springframework.test.context.event.EventPublishingTestExecutionListener]
2023-05-04 15:27:17.433  INFO 4540 --- [    Test worker] b.t.a.o.j.DataJpaTestContextBootstrapper : Using TestExecutionListeners: [org.springframework.test.context.web.ServletTestExecutionListener@1228a579, org.springframework.test.context.support.DirtiesContextBeforeModesTestExecutionListener@1b856d2a, org.springframework.test.context.event.ApplicationEventsTestExecutionListener@392a091, org.springframework.boot.test.mock.mockito.MockitoTestExecutionListener@384d0e1f, org.springframework.boot.test.autoconfigure.SpringBootDependencyInjectionTestExecutionListener@6f997702, org.springframework.test.context.support.DirtiesContextTestExecutionListener@5f45abe6, org.springframework.test.context.transaction.TransactionalTestExecutionListener@49c51eb7, org.springframework.test.context.jdbc.SqlScriptsTestExecutionListener@1928dc66, org.springframework.security.test.context.support.WithSecurityContextTestExecutionListener@3dad8926, org.springframework.test.context.event.EventPublishingTestExecutionListener@4fc50fee, org.springframework.security.test.context.support.ReactorContextTestExecutionListener@2e949007, org.springframework.boot.test.autoconfigure.restdocs.RestDocsTestExecutionListener@7180b25f, org.springframework.boot.test.autoconfigure.web.client.MockRestServiceServerResetTestExecutionListener@2035f1f0, org.springframework.boot.test.autoconfigure.web.servlet.MockMvcPrintOnlyOnFailureTestExecutionListener@47e82067, org.springframework.boot.test.autoconfigure.web.servlet.WebDriverTestExecutionListener@4d768435, org.springframework.boot.test.autoconfigure.webservices.client.MockWebServiceServerTestExecutionListener@3990d58e, org.springframework.boot.test.mock.mockito.ResetMocksTestExecutionListener@3625093d]

  .   ____          _            __ _ _
 /\\ / ___'_ __ _ _(_)_ __  __ _ \ \ \ \
( ( )\___ | '_ | '_| | '_ \/ _` | \ \ \ \
 \\/  ___)| |_)| | | | | || (_| |  ) ) ) )
  '  |____| .__|_| |_|_| |_\__, | / / / /
 =========|_|==============|___/=/_/_/_/
 :: Spring Boot ::               (v2.7.11)

2023-05-04 15:27:17.451  INFO 4540 --- [    Test worker] s.m.r.model.user.UserRepositoryTest      : Starting UserRepositoryTest using Java 11.0.17 on yerim-ui-MacBookAir.local with PID 4540 (started by yerim in /Users/yerim/Desktop/Project/MiniProject_BE)
2023-05-04 15:27:17.451 DEBUG 4540 --- [    Test worker] s.m.r.model.user.UserRepositoryTest      : Running with Spring Boot v2.7.11, Spring v5.3.27
2023-05-04 15:27:17.451  INFO 4540 --- [    Test worker] s.m.r.model.user.UserRepositoryTest      : The following 1 profile is active: "test"
2023-05-04 15:27:17.509  INFO 4540 --- [    Test worker] .s.d.r.c.RepositoryConfigurationDelegate : Bootstrapping Spring Data JPA repositories in DEFAULT mode.
2023-05-04 15:27:17.528  INFO 4540 --- [    Test worker] .s.d.r.c.RepositoryConfigurationDelegate : Finished Spring Data repository scanning in 18 ms. Found 5 JPA repository interfaces.
2023-05-04 15:27:17.535  INFO 4540 --- [    Test worker] beddedDataSourceBeanFactoryPostProcessor : Replacing 'dataSource' DataSource bean with embedded version
2023-05-04 15:27:17.563  INFO 4540 --- [    Test worker] o.s.j.d.e.EmbeddedDatabaseFactory        : Starting embedded database: url='jdbc:h2:mem:04d962b3-11ed-4f73-af65-acb4e3eaa498;DB_CLOSE_DELAY=-1;DB_CLOSE_ON_EXIT=false', username='sa'
2023-05-04 15:27:17.588  INFO 4540 --- [    Test worker] o.hibernate.jpa.internal.util.LogHelper  : HHH000204: Processing PersistenceUnitInfo [name: default]
2023-05-04 15:27:17.590 DEBUG 4540 --- [    Test worker] org.hibernate.type.BasicTypeRegistry     : Adding type registration boolean -> org.hibernate.type.BooleanType@2926f7bd
2023-05-04 15:27:17.590 DEBUG 4540 --- [    Test worker] org.hibernate.type.BasicTypeRegistry     : Adding type registration boolean -> org.hibernate.type.BooleanType@2926f7bd
2023-05-04 15:27:17.590 DEBUG 4540 --- [    Test worker] org.hibernate.type.BasicTypeRegistry     : Adding type registration java.lang.Boolean -> org.hibernate.type.BooleanType@2926f7bd
2023-05-04 15:27:17.590 DEBUG 4540 --- [    Test worker] org.hibernate.type.BasicTypeRegistry     : Adding type registration numeric_boolean -> org.hibernate.type.NumericBooleanType@1e4b9592
2023-05-04 15:27:17.590 DEBUG 4540 --- [    Test worker] org.hibernate.type.BasicTypeRegistry     : Adding type registration true_false -> org.hibernate.type.TrueFalseType@3751baf6
2023-05-04 15:27:17.590 DEBUG 4540 --- [    Test worker] org.hibernate.type.BasicTypeRegistry     : Adding type registration yes_no -> org.hibernate.type.YesNoType@51d34f02
2023-05-04 15:27:17.590 DEBUG 4540 --- [    Test worker] org.hibernate.type.BasicTypeRegistry     : Adding type registration byte -> org.hibernate.type.ByteType@12c30824
2023-05-04 15:27:17.590 DEBUG 4540 --- [    Test worker] org.hibernate.type.BasicTypeRegistry     : Adding type registration byte -> org.hibernate.type.ByteType@12c30824
2023-05-04 15:27:17.590 DEBUG 4540 --- [    Test worker] org.hibernate.type.BasicTypeRegistry     : Adding type registration java.lang.Byte -> org.hibernate.type.ByteType@12c30824
2023-05-04 15:27:17.590 DEBUG 4540 --- [    Test worker] org.hibernate.type.BasicTypeRegistry     : Adding type registration character -> org.hibernate.type.CharacterType@70b0dc92
2023-05-04 15:27:17.590 DEBUG 4540 --- [    Test worker] org.hibernate.type.BasicTypeRegistry     : Adding type registration char -> org.hibernate.type.CharacterType@70b0dc92
2023-05-04 15:27:17.590 DEBUG 4540 --- [    Test worker] org.hibernate.type.BasicTypeRegistry     : Adding type registration java.lang.Character -> org.hibernate.type.CharacterType@70b0dc92
2023-05-04 15:27:17.590 DEBUG 4540 --- [    Test worker] org.hibernate.type.BasicTypeRegistry     : Adding type registration short -> org.hibernate.type.ShortType@6af0407c
2023-05-04 15:27:17.590 DEBUG 4540 --- [    Test worker] org.hibernate.type.BasicTypeRegistry     : Adding type registration short -> org.hibernate.type.ShortType@6af0407c
2023-05-04 15:27:17.590 DEBUG 4540 --- [    Test worker] org.hibernate.type.BasicTypeRegistry     : Adding type registration java.lang.Short -> org.hibernate.type.ShortType@6af0407c
2023-05-04 15:27:17.590 DEBUG 4540 --- [    Test worker] org.hibernate.type.BasicTypeRegistry     : Adding type registration integer -> org.hibernate.type.IntegerType@28200d43
2023-05-04 15:27:17.590 DEBUG 4540 --- [    Test worker] org.hibernate.type.BasicTypeRegistry     : Adding type registration int -> org.hibernate.type.IntegerType@28200d43
2023-05-04 15:27:17.590 DEBUG 4540 --- [    Test worker] org.hibernate.type.BasicTypeRegistry     : Adding type registration java.lang.Integer -> org.hibernate.type.IntegerType@28200d43
2023-05-04 15:27:17.590 DEBUG 4540 --- [    Test worker] org.hibernate.type.BasicTypeRegistry     : Adding type registration long -> org.hibernate.type.LongType@71db6703
2023-05-04 15:27:17.590 DEBUG 4540 --- [    Test worker] org.hibernate.type.BasicTypeRegistry     : Adding type registration long -> org.hibernate.type.LongType@71db6703
2023-05-04 15:27:17.590 DEBUG 4540 --- [    Test worker] org.hibernate.type.BasicTypeRegistry     : Adding type registration java.lang.Long -> org.hibernate.type.LongType@71db6703
2023-05-04 15:27:17.590 DEBUG 4540 --- [    Test worker] org.hibernate.type.BasicTypeRegistry     : Adding type registration float -> org.hibernate.type.FloatType@7528089c
2023-05-04 15:27:17.590 DEBUG 4540 --- [    Test worker] org.hibernate.type.BasicTypeRegistry     : Adding type registration float -> org.hibernate.type.FloatType@7528089c
2023-05-04 15:27:17.590 DEBUG 4540 --- [    Test worker] org.hibernate.type.BasicTypeRegistry     : Adding type registration java.lang.Float -> org.hibernate.type.FloatType@7528089c
2023-05-04 15:27:17.590 DEBUG 4540 --- [    Test worker] org.hibernate.type.BasicTypeRegistry     : Adding type registration double -> org.hibernate.type.DoubleType@684bfba9
2023-05-04 15:27:17.590 DEBUG 4540 --- [    Test worker] org.hibernate.type.BasicTypeRegistry     : Adding type registration double -> org.hibernate.type.DoubleType@684bfba9
2023-05-04 15:27:17.590 DEBUG 4540 --- [    Test worker] org.hibernate.type.BasicTypeRegistry     : Adding type registration java.lang.Double -> org.hibernate.type.DoubleType@684bfba9
2023-05-04 15:27:17.590 DEBUG 4540 --- [    Test worker] org.hibernate.type.BasicTypeRegistry     : Adding type registration big_decimal -> org.hibernate.type.BigDecimalType@350d9d23
2023-05-04 15:27:17.590 DEBUG 4540 --- [    Test worker] org.hibernate.type.BasicTypeRegistry     : Adding type registration java.math.BigDecimal -> org.hibernate.type.BigDecimalType@350d9d23
2023-05-04 15:27:17.590 DEBUG 4540 --- [    Test worker] org.hibernate.type.BasicTypeRegistry     : Adding type registration big_integer -> org.hibernate.type.BigIntegerType@52afcdd8
2023-05-04 15:27:17.590 DEBUG 4540 --- [    Test worker] org.hibernate.type.BasicTypeRegistry     : Adding type registration java.math.BigInteger -> org.hibernate.type.BigIntegerType@52afcdd8
2023-05-04 15:27:17.590 DEBUG 4540 --- [    Test worker] org.hibernate.type.BasicTypeRegistry     : Adding type registration string -> org.hibernate.type.StringType@9771c71
2023-05-04 15:27:17.590 DEBUG 4540 --- [    Test worker] org.hibernate.type.BasicTypeRegistry     : Adding type registration java.lang.String -> org.hibernate.type.StringType@9771c71
2023-05-04 15:27:17.590 DEBUG 4540 --- [    Test worker] org.hibernate.type.BasicTypeRegistry     : Adding type registration nstring -> org.hibernate.type.StringNVarcharType@5ce0f50a
2023-05-04 15:27:17.590 DEBUG 4540 --- [    Test worker] org.hibernate.type.BasicTypeRegistry     : Adding type registration ncharacter -> org.hibernate.type.CharacterNCharType@7a023e34
2023-05-04 15:27:17.590 DEBUG 4540 --- [    Test worker] org.hibernate.type.BasicTypeRegistry     : Adding type registration url -> org.hibernate.type.UrlType@4d529bc0
2023-05-04 15:27:17.590 DEBUG 4540 --- [    Test worker] org.hibernate.type.BasicTypeRegistry     : Adding type registration java.net.URL -> org.hibernate.type.UrlType@4d529bc0
2023-05-04 15:27:17.590 DEBUG 4540 --- [    Test worker] org.hibernate.type.BasicTypeRegistry     : Adding type registration Duration -> org.hibernate.type.DurationType@58b30e3e
2023-05-04 15:27:17.590 DEBUG 4540 --- [    Test worker] org.hibernate.type.BasicTypeRegistry     : Adding type registration java.time.Duration -> org.hibernate.type.DurationType@58b30e3e
2023-05-04 15:27:17.590 DEBUG 4540 --- [    Test worker] org.hibernate.type.BasicTypeRegistry     : Adding type registration Instant -> org.hibernate.type.InstantType@596d17f4
2023-05-04 15:27:17.590 DEBUG 4540 --- [    Test worker] org.hibernate.type.BasicTypeRegistry     : Adding type registration java.time.Instant -> org.hibernate.type.InstantType@596d17f4
2023-05-04 15:27:17.590 DEBUG 4540 --- [    Test worker] org.hibernate.type.BasicTypeRegistry     : Adding type registration LocalDateTime -> org.hibernate.type.LocalDateTimeType@260ccf0
2023-05-04 15:27:17.590 DEBUG 4540 --- [    Test worker] org.hibernate.type.BasicTypeRegistry     : Adding type registration java.time.LocalDateTime -> org.hibernate.type.LocalDateTimeType@260ccf0
2023-05-04 15:27:17.590 DEBUG 4540 --- [    Test worker] org.hibernate.type.BasicTypeRegistry     : Adding type registration LocalDate -> org.hibernate.type.LocalDateType@7cc7e441
2023-05-04 15:27:17.590 DEBUG 4540 --- [    Test worker] org.hibernate.type.BasicTypeRegistry     : Adding type registration java.time.LocalDate -> org.hibernate.type.LocalDateType@7cc7e441
2023-05-04 15:27:17.590 DEBUG 4540 --- [    Test worker] org.hibernate.type.BasicTypeRegistry     : Adding type registration LocalTime -> org.hibernate.type.LocalTimeType@5f3c866c
2023-05-04 15:27:17.590 DEBUG 4540 --- [    Test worker] org.hibernate.type.BasicTypeRegistry     : Adding type registration java.time.LocalTime -> org.hibernate.type.LocalTimeType@5f3c866c
2023-05-04 15:27:17.590 DEBUG 4540 --- [    Test worker] org.hibernate.type.BasicTypeRegistry     : Adding type registration OffsetDateTime -> org.hibernate.type.OffsetDateTimeType@e21d73
2023-05-04 15:27:17.590 DEBUG 4540 --- [    Test worker] org.hibernate.type.BasicTypeRegistry     : Adding type registration java.time.OffsetDateTime -> org.hibernate.type.OffsetDateTimeType@e21d73
2023-05-04 15:27:17.590 DEBUG 4540 --- [    Test worker] org.hibernate.type.BasicTypeRegistry     : Adding type registration OffsetTime -> org.hibernate.type.OffsetTimeType@89178b4
2023-05-04 15:27:17.590 DEBUG 4540 --- [    Test worker] org.hibernate.type.BasicTypeRegistry     : Adding type registration java.time.OffsetTime -> org.hibernate.type.OffsetTimeType@89178b4
2023-05-04 15:27:17.590 DEBUG 4540 --- [    Test worker] org.hibernate.type.BasicTypeRegistry     : Adding type registration ZonedDateTime -> org.hibernate.type.ZonedDateTimeType@45a05350
2023-05-04 15:27:17.590 DEBUG 4540 --- [    Test worker] org.hibernate.type.BasicTypeRegistry     : Adding type registration java.time.ZonedDateTime -> org.hibernate.type.ZonedDateTimeType@45a05350
2023-05-04 15:27:17.590 DEBUG 4540 --- [    Test worker] org.hibernate.type.BasicTypeRegistry     : Adding type registration date -> org.hibernate.type.DateType@50fe5df2
2023-05-04 15:27:17.590 DEBUG 4540 --- [    Test worker] org.hibernate.type.BasicTypeRegistry     : Adding type registration java.sql.Date -> org.hibernate.type.DateType@50fe5df2
2023-05-04 15:27:17.590 DEBUG 4540 --- [    Test worker] org.hibernate.type.BasicTypeRegistry     : Adding type registration time -> org.hibernate.type.TimeType@71dfca65
2023-05-04 15:27:17.590 DEBUG 4540 --- [    Test worker] org.hibernate.type.BasicTypeRegistry     : Adding type registration java.sql.Time -> org.hibernate.type.TimeType@71dfca65
2023-05-04 15:27:17.590 DEBUG 4540 --- [    Test worker] org.hibernate.type.BasicTypeRegistry     : Adding type registration timestamp -> org.hibernate.type.TimestampType@41935a9d
2023-05-04 15:27:17.590 DEBUG 4540 --- [    Test worker] org.hibernate.type.BasicTypeRegistry     : Adding type registration java.sql.Timestamp -> org.hibernate.type.TimestampType@41935a9d
2023-05-04 15:27:17.590 DEBUG 4540 --- [    Test worker] org.hibernate.type.BasicTypeRegistry     : Adding type registration java.util.Date -> org.hibernate.type.TimestampType@41935a9d
2023-05-04 15:27:17.590 DEBUG 4540 --- [    Test worker] org.hibernate.type.BasicTypeRegistry     : Adding type registration dbtimestamp -> org.hibernate.type.DbTimestampType@2eb31735
2023-05-04 15:27:17.590 DEBUG 4540 --- [    Test worker] org.hibernate.type.BasicTypeRegistry     : Adding type registration calendar -> org.hibernate.type.CalendarType@ebbbe20
2023-05-04 15:27:17.590 DEBUG 4540 --- [    Test worker] org.hibernate.type.BasicTypeRegistry     : Adding type registration java.util.Calendar -> org.hibernate.type.CalendarType@ebbbe20
2023-05-04 15:27:17.590 DEBUG 4540 --- [    Test worker] org.hibernate.type.BasicTypeRegistry     : Adding type registration java.util.GregorianCalendar -> org.hibernate.type.CalendarType@ebbbe20
2023-05-04 15:27:17.590 DEBUG 4540 --- [    Test worker] org.hibernate.type.BasicTypeRegistry     : Adding type registration calendar_date -> org.hibernate.type.CalendarDateType@22349ad3
2023-05-04 15:27:17.590 DEBUG 4540 --- [    Test worker] org.hibernate.type.BasicTypeRegistry     : Adding type registration calendar_time -> org.hibernate.type.CalendarTimeType@35217e0
2023-05-04 15:27:17.590 DEBUG 4540 --- [    Test worker] org.hibernate.type.BasicTypeRegistry     : Adding type registration locale -> org.hibernate.type.LocaleType@7e0b68e5
2023-05-04 15:27:17.590 DEBUG 4540 --- [    Test worker] org.hibernate.type.BasicTypeRegistry     : Adding type registration java.util.Locale -> org.hibernate.type.LocaleType@7e0b68e5
2023-05-04 15:27:17.591 DEBUG 4540 --- [    Test worker] org.hibernate.type.BasicTypeRegistry     : Adding type registration currency -> org.hibernate.type.CurrencyType@96448ee
2023-05-04 15:27:17.591 DEBUG 4540 --- [    Test worker] org.hibernate.type.BasicTypeRegistry     : Adding type registration java.util.Currency -> org.hibernate.type.CurrencyType@96448ee
2023-05-04 15:27:17.591 DEBUG 4540 --- [    Test worker] org.hibernate.type.BasicTypeRegistry     : Adding type registration timezone -> org.hibernate.type.TimeZoneType@3fc7abf6
2023-05-04 15:27:17.591 DEBUG 4540 --- [    Test worker] org.hibernate.type.BasicTypeRegistry     : Adding type registration java.util.TimeZone -> org.hibernate.type.TimeZoneType@3fc7abf6
2023-05-04 15:27:17.591 DEBUG 4540 --- [    Test worker] org.hibernate.type.BasicTypeRegistry     : Adding type registration class -> org.hibernate.type.ClassType@6bfc5296
2023-05-04 15:27:17.591 DEBUG 4540 --- [    Test worker] org.hibernate.type.BasicTypeRegistry     : Adding type registration java.lang.Class -> org.hibernate.type.ClassType@6bfc5296
2023-05-04 15:27:17.591 DEBUG 4540 --- [    Test worker] org.hibernate.type.BasicTypeRegistry     : Adding type registration uuid-binary -> org.hibernate.type.UUIDBinaryType@439d649c
2023-05-04 15:27:17.591 DEBUG 4540 --- [    Test worker] org.hibernate.type.BasicTypeRegistry     : Adding type registration java.util.UUID -> org.hibernate.type.UUIDBinaryType@439d649c
2023-05-04 15:27:17.591 DEBUG 4540 --- [    Test worker] org.hibernate.type.BasicTypeRegistry     : Adding type registration uuid-char -> org.hibernate.type.UUIDCharType@32084a01
2023-05-04 15:27:17.591 DEBUG 4540 --- [    Test worker] org.hibernate.type.BasicTypeRegistry     : Adding type registration binary -> org.hibernate.type.BinaryType@535b4dbf
2023-05-04 15:27:17.591 DEBUG 4540 --- [    Test worker] org.hibernate.type.BasicTypeRegistry     : Adding type registration byte[] -> org.hibernate.type.BinaryType@535b4dbf
2023-05-04 15:27:17.591 DEBUG 4540 --- [    Test worker] org.hibernate.type.BasicTypeRegistry     : Adding type registration [B -> org.hibernate.type.BinaryType@535b4dbf
2023-05-04 15:27:17.591 DEBUG 4540 --- [    Test worker] org.hibernate.type.BasicTypeRegistry     : Adding type registration wrapper-binary -> org.hibernate.type.WrapperBinaryType@677274e7
2023-05-04 15:27:17.591 DEBUG 4540 --- [    Test worker] org.hibernate.type.BasicTypeRegistry     : Adding type registration Byte[] -> org.hibernate.type.WrapperBinaryType@677274e7
2023-05-04 15:27:17.591 DEBUG 4540 --- [    Test worker] org.hibernate.type.BasicTypeRegistry     : Adding type registration [Ljava.lang.Byte; -> org.hibernate.type.WrapperBinaryType@677274e7
2023-05-04 15:27:17.591 DEBUG 4540 --- [    Test worker] org.hibernate.type.BasicTypeRegistry     : Adding type registration row_version -> org.hibernate.type.RowVersionType@4b2af0eb
2023-05-04 15:27:17.591 DEBUG 4540 --- [    Test worker] org.hibernate.type.BasicTypeRegistry     : Adding type registration image -> org.hibernate.type.ImageType@2c7607e5
2023-05-04 15:27:17.591 DEBUG 4540 --- [    Test worker] org.hibernate.type.BasicTypeRegistry     : Adding type registration characters -> org.hibernate.type.CharArrayType@33997e07
2023-05-04 15:27:17.591 DEBUG 4540 --- [    Test worker] org.hibernate.type.BasicTypeRegistry     : Adding type registration char[] -> org.hibernate.type.CharArrayType@33997e07
2023-05-04 15:27:17.591 DEBUG 4540 --- [    Test worker] org.hibernate.type.BasicTypeRegistry     : Adding type registration [C -> org.hibernate.type.CharArrayType@33997e07
2023-05-04 15:27:17.591 DEBUG 4540 --- [    Test worker] org.hibernate.type.BasicTypeRegistry     : Adding type registration wrapper-characters -> org.hibernate.type.CharacterArrayType@24890021
2023-05-04 15:27:17.591 DEBUG 4540 --- [    Test worker] org.hibernate.type.BasicTypeRegistry     : Adding type registration [Ljava.lang.Character; -> org.hibernate.type.CharacterArrayType@24890021
2023-05-04 15:27:17.591 DEBUG 4540 --- [    Test worker] org.hibernate.type.BasicTypeRegistry     : Adding type registration Character[] -> org.hibernate.type.CharacterArrayType@24890021
2023-05-04 15:27:17.591 DEBUG 4540 --- [    Test worker] org.hibernate.type.BasicTypeRegistry     : Adding type registration text -> org.hibernate.type.TextType@1ee126de
2023-05-04 15:27:17.591 DEBUG 4540 --- [    Test worker] org.hibernate.type.BasicTypeRegistry     : Adding type registration ntext -> org.hibernate.type.NTextType@5c6be812
2023-05-04 15:27:17.591 DEBUG 4540 --- [    Test worker] org.hibernate.type.BasicTypeRegistry     : Adding type registration blob -> org.hibernate.type.BlobType@7307ae6
2023-05-04 15:27:17.591 DEBUG 4540 --- [    Test worker] org.hibernate.type.BasicTypeRegistry     : Adding type registration java.sql.Blob -> org.hibernate.type.BlobType@7307ae6
2023-05-04 15:27:17.591 DEBUG 4540 --- [    Test worker] org.hibernate.type.BasicTypeRegistry     : Adding type registration materialized_blob -> org.hibernate.type.MaterializedBlobType@762db992
2023-05-04 15:27:17.591 DEBUG 4540 --- [    Test worker] org.hibernate.type.BasicTypeRegistry     : Adding type registration clob -> org.hibernate.type.ClobType@4a45ff31
2023-05-04 15:27:17.591 DEBUG 4540 --- [    Test worker] org.hibernate.type.BasicTypeRegistry     : Adding type registration java.sql.Clob -> org.hibernate.type.ClobType@4a45ff31
2023-05-04 15:27:17.591 DEBUG 4540 --- [    Test worker] org.hibernate.type.BasicTypeRegistry     : Adding type registration nclob -> org.hibernate.type.NClobType@4131261
2023-05-04 15:27:17.591 DEBUG 4540 --- [    Test worker] org.hibernate.type.BasicTypeRegistry     : Adding type registration java.sql.NClob -> org.hibernate.type.NClobType@4131261
2023-05-04 15:27:17.591 DEBUG 4540 --- [    Test worker] org.hibernate.type.BasicTypeRegistry     : Adding type registration materialized_clob -> org.hibernate.type.MaterializedClobType@3f04fb07
2023-05-04 15:27:17.591 DEBUG 4540 --- [    Test worker] org.hibernate.type.BasicTypeRegistry     : Adding type registration materialized_nclob -> org.hibernate.type.MaterializedNClobType@3e3a07ab
2023-05-04 15:27:17.591 DEBUG 4540 --- [    Test worker] org.hibernate.type.BasicTypeRegistry     : Adding type registration serializable -> org.hibernate.type.SerializableType@1529d534
2023-05-04 15:27:17.591 DEBUG 4540 --- [    Test worker] org.hibernate.type.BasicTypeRegistry     : Adding type registration object -> org.hibernate.type.ObjectType@224e7aa5
2023-05-04 15:27:17.591 DEBUG 4540 --- [    Test worker] org.hibernate.type.BasicTypeRegistry     : Adding type registration java.lang.Object -> org.hibernate.type.ObjectType@224e7aa5
2023-05-04 15:27:17.591 DEBUG 4540 --- [    Test worker] org.hibernate.type.BasicTypeRegistry     : Adding type registration imm_date -> org.hibernate.type.AdaptedImmutableType@3dabf112
2023-05-04 15:27:17.591 DEBUG 4540 --- [    Test worker] org.hibernate.type.BasicTypeRegistry     : Adding type registration imm_time -> org.hibernate.type.AdaptedImmutableType@6e3f38c1
2023-05-04 15:27:17.591 DEBUG 4540 --- [    Test worker] org.hibernate.type.BasicTypeRegistry     : Adding type registration imm_timestamp -> org.hibernate.type.AdaptedImmutableType@7d9f0cf4
2023-05-04 15:27:17.591 DEBUG 4540 --- [    Test worker] org.hibernate.type.BasicTypeRegistry     : Adding type registration imm_dbtimestamp -> org.hibernate.type.AdaptedImmutableType@d0c35a8
2023-05-04 15:27:17.591 DEBUG 4540 --- [    Test worker] org.hibernate.type.BasicTypeRegistry     : Adding type registration imm_calendar -> org.hibernate.type.AdaptedImmutableType@6fcd767a
2023-05-04 15:27:17.591 DEBUG 4540 --- [    Test worker] org.hibernate.type.BasicTypeRegistry     : Adding type registration imm_calendar_date -> org.hibernate.type.AdaptedImmutableType@78a3a272
2023-05-04 15:27:17.591 DEBUG 4540 --- [    Test worker] org.hibernate.type.BasicTypeRegistry     : Adding type registration imm_binary -> org.hibernate.type.AdaptedImmutableType@7d5ef93e
2023-05-04 15:27:17.591 DEBUG 4540 --- [    Test worker] org.hibernate.type.BasicTypeRegistry     : Adding type registration imm_serializable -> org.hibernate.type.AdaptedImmutableType@11932248
2023-05-04 15:27:17.593  INFO 4540 --- [    Test worker] org.hibernate.dialect.Dialect            : HHH000400: Using dialect: org.hibernate.dialect.H2Dialect
2023-05-04 15:27:17.594 DEBUG 4540 --- [    Test worker] o.h.type.spi.TypeConfiguration$Scope     : Scoping TypeConfiguration [org.hibernate.type.spi.TypeConfiguration@3b33b54e] to MetadataBuildingContext [org.hibernate.boot.internal.MetadataBuildingContextRootImpl@4ea4e0f3]
2023-05-04 15:27:17.607 DEBUG 4540 --- [    Test worker] org.hibernate.type.EnumType              : Using ORDINAL-based conversion for Enum shop.mtcoding.restend.model.order.OrderState
2023-05-04 15:27:17.608 DEBUG 4540 --- [    Test worker] org.hibernate.type.EnumType              : Using ORDINAL-based conversion for Enum shop.mtcoding.restend.model.event.EventType
2023-05-04 15:27:17.608 DEBUG 4540 --- [    Test worker] o.h.type.spi.TypeConfiguration$Scope     : Scoping TypeConfiguration [org.hibernate.type.spi.TypeConfiguration@3b33b54e] to SessionFactoryImpl [org.hibernate.internal.SessionFactoryImpl@13b6f82d]
Hibernate: 
    
    drop table if exists annual_tb CASCADE 
Hibernate: 
    
    drop table if exists duty_tb CASCADE 
Hibernate: 
    
    drop table if exists event_tb CASCADE 
Hibernate: 
    
    drop table if exists order_tb CASCADE 
Hibernate: 
    
    drop table if exists user_tb CASCADE 
Hibernate: 
    
    create table annual_tb (
       id bigint generated by default as identity,
        end_date date not null,
        start_date date not null,
        primary key (id)
    )
Hibernate: 
    
    create table duty_tb (
       id bigint generated by default as identity,
        date date not null,
        primary key (id)
    )
Hibernate: 
    
    create table event_tb (
       id bigint generated by default as identity,
        created_at timestamp not null,
        event_type integer not null,
        updated_at timestamp,
        annual_id bigint,
        duty_id bigint,
        user_id bigint,
        primary key (id)
    )
Hibernate: 
    
    create table order_tb (
       id bigint generated by default as identity,
        created_at timestamp not null,
        order_state integer,
        user_id bigint,
        event_id bigint,
        primary key (id)
    )
Hibernate: 
    
    create table user_tb (
       id bigint generated by default as identity,
        created_at timestamp not null,
        email varchar(20) not null,
        image varchar(255),
        password varchar(60) not null,
        role varchar(255),
        status boolean,
        updated_at timestamp,
        username varchar(20) not null,
        primary key (id)
    )
Hibernate: 
    
    alter table user_tb 
       add constraint UK_2dlfg6wvnxboknkp9d1h75icb unique (email)
Hibernate: 
    
    alter table event_tb 
       add constraint FKsm4f7ln48qcydnsmr2ihynjfn 
       foreign key (annual_id) 
       references annual_tb
Hibernate: 
    
    alter table event_tb 
       add constraint FK9kavkxc7qfe23ik88wb7yp3cp 
       foreign key (duty_id) 
       references duty_tb
Hibernate: 
    
    alter table event_tb 
       add constraint FK1dbl1c4nurwq7w5w3o04st4y6 
       foreign key (user_id) 
       references user_tb
Hibernate: 
    
    alter table order_tb 
       add constraint FK9wkv8x8yfgaaquhn4vquq4aps 
       foreign key (user_id) 
       references user_tb
Hibernate: 
    
    alter table order_tb 
       add constraint FK9ahb515t4krdytukumuqg386o 
       foreign key (event_id) 
       references event_tb
2023-05-04 15:27:17.638  INFO 4540 --- [    Test worker] o.h.e.t.j.p.i.JtaPlatformInitiator       : HHH000490: Using JtaPlatform implementation: [org.hibernate.engine.transaction.jta.platform.internal.NoJtaPlatform]
2023-05-04 15:27:17.638 TRACE 4540 --- [    Test worker] o.h.type.spi.TypeConfiguration$Scope     : Handling #sessionFactoryCreated from [org.hibernate.internal.SessionFactoryImpl@13b6f82d] for TypeConfiguration
2023-05-04 15:27:17.638  INFO 4540 --- [    Test worker] j.LocalContainerEntityManagerFactoryBean : Initialized JPA EntityManagerFactory for persistence unit 'default'
2023-05-04 15:27:17.736  INFO 4540 --- [    Test worker] s.m.r.model.user.UserRepositoryTest      : Started UserRepositoryTest in 0.301 seconds (JVM running for 14.107)
2023-05-04 15:27:17.743  INFO 4540 --- [    Test worker] o.s.t.c.transaction.TransactionContext   : Began transaction (1) for test context [DefaultTestContext@3532f633 testClass = UserRepositoryTest, testInstance = shop.mtcoding.restend.model.user.UserRepositoryTest@6d49bd08, testMethod = findById@UserRepositoryTest, testException = [null], mergedContextConfiguration = [MergedContextConfiguration@19e86461 testClass = UserRepositoryTest, locations = '{}', classes = '{class shop.mtcoding.restend.RestendApplication}', contextInitializerClasses = '[]', activeProfiles = '{test}', propertySourceLocations = '{}', propertySourceProperties = '{org.springframework.boot.test.autoconfigure.orm.jpa.DataJpaTestContextBootstrapper=true}', contextCustomizers = set[org.springframework.boot.test.autoconfigure.OverrideAutoConfigurationContextCustomizerFactory$DisableAutoConfigurationContextCustomizer@63648ee9, org.springframework.boot.test.autoconfigure.actuate.metrics.MetricsExportContextCustomizerFactory$DisableMetricExportContextCustomizer@6d366c9b, org.springframework.boot.test.autoconfigure.filter.TypeExcludeFiltersContextCustomizer@351584c0, org.springframework.boot.test.autoconfigure.properties.PropertyMappingContextCustomizer@a730f253, org.springframework.boot.test.autoconfigure.web.servlet.WebDriverContextCustomizerFactory$Customizer@4602c2a9, [ImportsContextCustomizer@31475919 key = [org.springframework.security.crypto.bcrypt.BCryptPasswordEncoder, org.springframework.boot.autoconfigure.cache.CacheAutoConfiguration, org.springframework.boot.autoconfigure.data.jpa.JpaRepositoriesAutoConfiguration, org.springframework.boot.autoconfigure.flyway.FlywayAutoConfiguration, org.springframework.boot.autoconfigure.jdbc.DataSourceAutoConfiguration, org.springframework.boot.autoconfigure.jdbc.DataSourceTransactionManagerAutoConfiguration, org.springframework.boot.autoconfigure.jdbc.JdbcTemplateAutoConfiguration, org.springframework.boot.autoconfigure.liquibase.LiquibaseAutoConfiguration, org.springframework.boot.autoconfigure.orm.jpa.HibernateJpaAutoConfiguration, org.springframework.boot.autoconfigure.sql.init.SqlInitializationAutoConfiguration, org.springframework.boot.autoconfigure.transaction.TransactionAutoConfiguration, org.springframework.boot.test.autoconfigure.jdbc.TestDatabaseAutoConfiguration, org.springframework.boot.test.autoconfigure.orm.jpa.TestEntityManagerAutoConfiguration]], org.springframework.boot.test.context.filter.ExcludeFilterContextCustomizer@403132fc, org.springframework.boot.test.json.DuplicateJsonObjectContextCustomizerFactory$DuplicateJsonObjectContextCustomizer@2f7a7219, org.springframework.boot.test.mock.mockito.MockitoContextCustomizer@0, org.springframework.boot.test.context.SpringBootTestArgs@1, org.springframework.boot.test.context.SpringBootTestWebEnvironment@0], contextLoader = 'org.springframework.boot.test.context.SpringBootContextLoader', parent = [null]], attributes = map['org.springframework.test.context.event.ApplicationEventsTestExecutionListener.recordApplicationEvents' -> false]]; transaction manager [org.springframework.orm.jpa.JpaTransactionManager@7de54be7]; rollback [true]
Hibernate: 
    ALTER TABLE user_tb ALTER COLUMN `id` RESTART WITH 1
Hibernate: 
    insert 
    into
        user_tb
        (id, created_at, email, image, password, role, status, updated_at, username) 
    values
        (default, ?, ?, ?, ?, ?, ?, ?, ?)
2023-05-04 15:27:17.882 TRACE 4540 --- [    Test worker] o.h.type.descriptor.sql.BasicBinder      : binding parameter [1] as [TIMESTAMP] - [2023-05-04T15:27:17.882055]
2023-05-04 15:27:17.882 TRACE 4540 --- [    Test worker] o.h.type.descriptor.sql.BasicBinder      : binding parameter [2] as [VARCHAR] - [ssar@nate.com]
2023-05-04 15:27:17.882 TRACE 4540 --- [    Test worker] o.h.type.descriptor.sql.BasicBinder      : binding parameter [3] as [VARCHAR] - [null]
2023-05-04 15:27:17.882 TRACE 4540 --- [    Test worker] o.h.type.descriptor.sql.BasicBinder      : binding parameter [4] as [VARCHAR] - [$2a$10$g6DmIOtngbjnH8bz4xcdGuIZ.Rnhh5.nzIXywj8iH7NcVeg9gyqay]
2023-05-04 15:27:17.882 TRACE 4540 --- [    Test worker] o.h.type.descriptor.sql.BasicBinder      : binding parameter [5] as [VARCHAR] - [USER]
2023-05-04 15:27:17.882 TRACE 4540 --- [    Test worker] o.h.type.descriptor.sql.BasicBinder      : binding parameter [6] as [BOOLEAN] - [true]
2023-05-04 15:27:17.882 TRACE 4540 --- [    Test worker] o.h.type.descriptor.sql.BasicBinder      : binding parameter [7] as [TIMESTAMP] - [null]
2023-05-04 15:27:17.882 TRACE 4540 --- [    Test worker] o.h.type.descriptor.sql.BasicBinder      : binding parameter [8] as [VARCHAR] - [사르]
Hibernate: 
    insert 
    into
        user_tb
        (id, created_at, email, image, password, role, status, updated_at, username) 
    values
        (default, ?, ?, ?, ?, ?, ?, ?, ?)
2023-05-04 15:27:18.005 TRACE 4540 --- [    Test worker] o.h.type.descriptor.sql.BasicBinder      : binding parameter [1] as [TIMESTAMP] - [2023-05-04T15:27:18.004968]
2023-05-04 15:27:18.005 TRACE 4540 --- [    Test worker] o.h.type.descriptor.sql.BasicBinder      : binding parameter [2] as [VARCHAR] - [cos@nate.com]
2023-05-04 15:27:18.005 TRACE 4540 --- [    Test worker] o.h.type.descriptor.sql.BasicBinder      : binding parameter [3] as [VARCHAR] - [null]
2023-05-04 15:27:18.005 TRACE 4540 --- [    Test worker] o.h.type.descriptor.sql.BasicBinder      : binding parameter [4] as [VARCHAR] - [$2a$10$bnxV2IaSqs4fNvvv6mFG2.C19NEqDPZHv3p5vaZMf06p3M37VdnZm]
2023-05-04 15:27:18.005 TRACE 4540 --- [    Test worker] o.h.type.descriptor.sql.BasicBinder      : binding parameter [5] as [VARCHAR] - [USER]
2023-05-04 15:27:18.005 TRACE 4540 --- [    Test worker] o.h.type.descriptor.sql.BasicBinder      : binding parameter [6] as [BOOLEAN] - [true]
2023-05-04 15:27:18.005 TRACE 4540 --- [    Test worker] o.h.type.descriptor.sql.BasicBinder      : binding parameter [7] as [TIMESTAMP] - [null]
2023-05-04 15:27:18.005 TRACE 4540 --- [    Test worker] o.h.type.descriptor.sql.BasicBinder      : binding parameter [8] as [VARCHAR] - [코스]
Hibernate: 
    select
        user0_.id as id1_4_0_,
        user0_.created_at as created_2_4_0_,
        user0_.email as email3_4_0_,
        user0_.image as image4_4_0_,
        user0_.password as password5_4_0_,
        user0_.role as role6_4_0_,
        user0_.status as status7_4_0_,
        user0_.updated_at as updated_8_4_0_,
        user0_.username as username9_4_0_ 
    from
        user_tb user0_ 
    where
        user0_.id=?
2023-05-04 15:27:18.006 TRACE 4540 --- [    Test worker] o.h.type.descriptor.sql.BasicBinder      : binding parameter [1] as [BIGINT] - [1]
2023-05-04 15:27:18.007 TRACE 4540 --- [    Test worker] o.h.type.descriptor.sql.BasicExtractor   : extracted value ([created_2_4_0_] : [TIMESTAMP]) - [2023-05-04T15:27:17.882055]
2023-05-04 15:27:18.007 TRACE 4540 --- [    Test worker] o.h.type.descriptor.sql.BasicExtractor   : extracted value ([email3_4_0_] : [VARCHAR]) - [ssar@nate.com]
2023-05-04 15:27:18.007 TRACE 4540 --- [    Test worker] o.h.type.descriptor.sql.BasicExtractor   : extracted value ([image4_4_0_] : [VARCHAR]) - [null]
2023-05-04 15:27:18.007 TRACE 4540 --- [    Test worker] o.h.type.descriptor.sql.BasicExtractor   : extracted value ([password5_4_0_] : [VARCHAR]) - [$2a$10$g6DmIOtngbjnH8bz4xcdGuIZ.Rnhh5.nzIXywj8iH7NcVeg9gyqay]
2023-05-04 15:27:18.007 TRACE 4540 --- [    Test worker] o.h.type.descriptor.sql.BasicExtractor   : extracted value ([role6_4_0_] : [VARCHAR]) - [USER]
2023-05-04 15:27:18.007 TRACE 4540 --- [    Test worker] o.h.type.descriptor.sql.BasicExtractor   : extracted value ([status7_4_0_] : [BOOLEAN]) - [true]
2023-05-04 15:27:18.007 TRACE 4540 --- [    Test worker] o.h.type.descriptor.sql.BasicExtractor   : extracted value ([updated_8_4_0_] : [TIMESTAMP]) - [null]
2023-05-04 15:27:18.007 TRACE 4540 --- [    Test worker] o.h.type.descriptor.sql.BasicExtractor   : extracted value ([username9_4_0_] : [VARCHAR]) - [사르]
2023-05-04 15:27:18.131  INFO 4540 --- [    Test worker] o.s.t.c.transaction.TransactionContext   : Rolled back transaction for test: [DefaultTestContext@3532f633 testClass = UserRepositoryTest, testInstance = shop.mtcoding.restend.model.user.UserRepositoryTest@6d49bd08, testMethod = findById@UserRepositoryTest, testException = [null], mergedContextConfiguration = [MergedContextConfiguration@19e86461 testClass = UserRepositoryTest, locations = '{}', classes = '{class shop.mtcoding.restend.RestendApplication}', contextInitializerClasses = '[]', activeProfiles = '{test}', propertySourceLocations = '{}', propertySourceProperties = '{org.springframework.boot.test.autoconfigure.orm.jpa.DataJpaTestContextBootstrapper=true}', contextCustomizers = set[org.springframework.boot.test.autoconfigure.OverrideAutoConfigurationContextCustomizerFactory$DisableAutoConfigurationContextCustomizer@63648ee9, org.springframework.boot.test.autoconfigure.actuate.metrics.MetricsExportContextCustomizerFactory$DisableMetricExportContextCustomizer@6d366c9b, org.springframework.boot.test.autoconfigure.filter.TypeExcludeFiltersContextCustomizer@351584c0, org.springframework.boot.test.autoconfigure.properties.PropertyMappingContextCustomizer@a730f253, org.springframework.boot.test.autoconfigure.web.servlet.WebDriverContextCustomizerFactory$Customizer@4602c2a9, [ImportsContextCustomizer@31475919 key = [org.springframework.security.crypto.bcrypt.BCryptPasswordEncoder, org.springframework.boot.autoconfigure.cache.CacheAutoConfiguration, org.springframework.boot.autoconfigure.data.jpa.JpaRepositoriesAutoConfiguration, org.springframework.boot.autoconfigure.flyway.FlywayAutoConfiguration, org.springframework.boot.autoconfigure.jdbc.DataSourceAutoConfiguration, org.springframework.boot.autoconfigure.jdbc.DataSourceTransactionManagerAutoConfiguration, org.springframework.boot.autoconfigure.jdbc.JdbcTemplateAutoConfiguration, org.springframework.boot.autoconfigure.liquibase.LiquibaseAutoConfiguration, org.springframework.boot.autoconfigure.orm.jpa.HibernateJpaAutoConfiguration, org.springframework.boot.autoconfigure.sql.init.SqlInitializationAutoConfiguration, org.springframework.boot.autoconfigure.transaction.TransactionAutoConfiguration, org.springframework.boot.test.autoconfigure.jdbc.TestDatabaseAutoConfiguration, org.springframework.boot.test.autoconfigure.orm.jpa.TestEntityManagerAutoConfiguration]], org.springframework.boot.test.context.filter.ExcludeFilterContextCustomizer@403132fc, org.springframework.boot.test.json.DuplicateJsonObjectContextCustomizerFactory$DuplicateJsonObjectContextCustomizer@2f7a7219, org.springframework.boot.test.mock.mockito.MockitoContextCustomizer@0, org.springframework.boot.test.context.SpringBootTestArgs@1, org.springframework.boot.test.context.SpringBootTestWebEnvironment@0], contextLoader = 'org.springframework.boot.test.context.SpringBootContextLoader', parent = [null]], attributes = map['org.springframework.test.context.event.ApplicationEventsTestExecutionListener.recordApplicationEvents' -> false]]
2023-05-04 15:27:18.133  INFO 4540 --- [    Test worker] o.s.t.c.transaction.TransactionContext   : Began transaction (1) for test context [DefaultTestContext@3532f633 testClass = UserRepositoryTest, testInstance = shop.mtcoding.restend.model.user.UserRepositoryTest@f7b6b9e, testMethod = save@UserRepositoryTest, testException = [null], mergedContextConfiguration = [MergedContextConfiguration@19e86461 testClass = UserRepositoryTest, locations = '{}', classes = '{class shop.mtcoding.restend.RestendApplication}', contextInitializerClasses = '[]', activeProfiles = '{test}', propertySourceLocations = '{}', propertySourceProperties = '{org.springframework.boot.test.autoconfigure.orm.jpa.DataJpaTestContextBootstrapper=true}', contextCustomizers = set[org.springframework.boot.test.autoconfigure.OverrideAutoConfigurationContextCustomizerFactory$DisableAutoConfigurationContextCustomizer@63648ee9, org.springframework.boot.test.autoconfigure.actuate.metrics.MetricsExportContextCustomizerFactory$DisableMetricExportContextCustomizer@6d366c9b, org.springframework.boot.test.autoconfigure.filter.TypeExcludeFiltersContextCustomizer@351584c0, org.springframework.boot.test.autoconfigure.properties.PropertyMappingContextCustomizer@a730f253, org.springframework.boot.test.autoconfigure.web.servlet.WebDriverContextCustomizerFactory$Customizer@4602c2a9, [ImportsContextCustomizer@31475919 key = [org.springframework.security.crypto.bcrypt.BCryptPasswordEncoder, org.springframework.boot.autoconfigure.cache.CacheAutoConfiguration, org.springframework.boot.autoconfigure.data.jpa.JpaRepositoriesAutoConfiguration, org.springframework.boot.autoconfigure.flyway.FlywayAutoConfiguration, org.springframework.boot.autoconfigure.jdbc.DataSourceAutoConfiguration, org.springframework.boot.autoconfigure.jdbc.DataSourceTransactionManagerAutoConfiguration, org.springframework.boot.autoconfigure.jdbc.JdbcTemplateAutoConfiguration, org.springframework.boot.autoconfigure.liquibase.LiquibaseAutoConfiguration, org.springframework.boot.autoconfigure.orm.jpa.HibernateJpaAutoConfiguration, org.springframework.boot.autoconfigure.sql.init.SqlInitializationAutoConfiguration, org.springframework.boot.autoconfigure.transaction.TransactionAutoConfiguration, org.springframework.boot.test.autoconfigure.jdbc.TestDatabaseAutoConfiguration, org.springframework.boot.test.autoconfigure.orm.jpa.TestEntityManagerAutoConfiguration]], org.springframework.boot.test.context.filter.ExcludeFilterContextCustomizer@403132fc, org.springframework.boot.test.json.DuplicateJsonObjectContextCustomizerFactory$DuplicateJsonObjectContextCustomizer@2f7a7219, org.springframework.boot.test.mock.mockito.MockitoContextCustomizer@0, org.springframework.boot.test.context.SpringBootTestArgs@1, org.springframework.boot.test.context.SpringBootTestWebEnvironment@0], contextLoader = 'org.springframework.boot.test.context.SpringBootContextLoader', parent = [null]], attributes = map['org.springframework.test.context.event.ApplicationEventsTestExecutionListener.recordApplicationEvents' -> false]]; transaction manager [org.springframework.orm.jpa.JpaTransactionManager@7de54be7]; rollback [true]
Hibernate: 
    ALTER TABLE user_tb ALTER COLUMN `id` RESTART WITH 1
Hibernate: 
    insert 
    into
        user_tb
        (id, created_at, email, image, password, role, status, updated_at, username) 
    values
        (default, ?, ?, ?, ?, ?, ?, ?, ?)
2023-05-04 15:27:18.259 TRACE 4540 --- [    Test worker] o.h.type.descriptor.sql.BasicBinder      : binding parameter [1] as [TIMESTAMP] - [2023-05-04T15:27:18.258884]
2023-05-04 15:27:18.259 TRACE 4540 --- [    Test worker] o.h.type.descriptor.sql.BasicBinder      : binding parameter [2] as [VARCHAR] - [ssar@nate.com]
2023-05-04 15:27:18.259 TRACE 4540 --- [    Test worker] o.h.type.descriptor.sql.BasicBinder      : binding parameter [3] as [VARCHAR] - [null]
2023-05-04 15:27:18.259 TRACE 4540 --- [    Test worker] o.h.type.descriptor.sql.BasicBinder      : binding parameter [4] as [VARCHAR] - [$2a$10$iu.n.xlHaV0YFmjz1HstmuhWg/rCKwe2Q77jj3E7Go0z7AsexW2YW]
2023-05-04 15:27:18.259 TRACE 4540 --- [    Test worker] o.h.type.descriptor.sql.BasicBinder      : binding parameter [5] as [VARCHAR] - [USER]
2023-05-04 15:27:18.259 TRACE 4540 --- [    Test worker] o.h.type.descriptor.sql.BasicBinder      : binding parameter [6] as [BOOLEAN] - [true]
2023-05-04 15:27:18.259 TRACE 4540 --- [    Test worker] o.h.type.descriptor.sql.BasicBinder      : binding parameter [7] as [TIMESTAMP] - [null]
2023-05-04 15:27:18.259 TRACE 4540 --- [    Test worker] o.h.type.descriptor.sql.BasicBinder      : binding parameter [8] as [VARCHAR] - [사르]
Hibernate: 
    insert 
    into
        user_tb
        (id, created_at, email, image, password, role, status, updated_at, username) 
    values
        (default, ?, ?, ?, ?, ?, ?, ?, ?)
2023-05-04 15:27:18.381 TRACE 4540 --- [    Test worker] o.h.type.descriptor.sql.BasicBinder      : binding parameter [1] as [TIMESTAMP] - [2023-05-04T15:27:18.381128]
2023-05-04 15:27:18.381 TRACE 4540 --- [    Test worker] o.h.type.descriptor.sql.BasicBinder      : binding parameter [2] as [VARCHAR] - [cos@nate.com]
2023-05-04 15:27:18.381 TRACE 4540 --- [    Test worker] o.h.type.descriptor.sql.BasicBinder      : binding parameter [3] as [VARCHAR] - [null]
2023-05-04 15:27:18.381 TRACE 4540 --- [    Test worker] o.h.type.descriptor.sql.BasicBinder      : binding parameter [4] as [VARCHAR] - [$2a$10$QQJ3IiT8aMbpzkUeIcyY6ONEuGVJxIt7nHzDXoyT.6o9sadkG49je]
2023-05-04 15:27:18.381 TRACE 4540 --- [    Test worker] o.h.type.descriptor.sql.BasicBinder      : binding parameter [5] as [VARCHAR] - [USER]
2023-05-04 15:27:18.381 TRACE 4540 --- [    Test worker] o.h.type.descriptor.sql.BasicBinder      : binding parameter [6] as [BOOLEAN] - [true]
2023-05-04 15:27:18.381 TRACE 4540 --- [    Test worker] o.h.type.descriptor.sql.BasicBinder      : binding parameter [7] as [TIMESTAMP] - [null]
2023-05-04 15:27:18.381 TRACE 4540 --- [    Test worker] o.h.type.descriptor.sql.BasicBinder      : binding parameter [8] as [VARCHAR] - [코스]
Hibernate: 
    insert 
    into
        user_tb
        (id, created_at, email, image, password, role, status, updated_at, username) 
    values
        (default, ?, ?, ?, ?, ?, ?, ?, ?)
2023-05-04 15:27:18.504 TRACE 4540 --- [    Test worker] o.h.type.descriptor.sql.BasicBinder      : binding parameter [1] as [TIMESTAMP] - [2023-05-04T15:27:18.503672]
2023-05-04 15:27:18.504 TRACE 4540 --- [    Test worker] o.h.type.descriptor.sql.BasicBinder      : binding parameter [2] as [VARCHAR] - [love@nate.com]
2023-05-04 15:27:18.504 TRACE 4540 --- [    Test worker] o.h.type.descriptor.sql.BasicBinder      : binding parameter [3] as [VARCHAR] - [null]
2023-05-04 15:27:18.504 TRACE 4540 --- [    Test worker] o.h.type.descriptor.sql.BasicBinder      : binding parameter [4] as [VARCHAR] - [$2a$10$/foT4IejwD3m976l9bbnA.Cv4QMl/zNhQ8Vr2czB7QJQqoO2GgB7e]
2023-05-04 15:27:18.504 TRACE 4540 --- [    Test worker] o.h.type.descriptor.sql.BasicBinder      : binding parameter [5] as [VARCHAR] - [USER]
2023-05-04 15:27:18.504 TRACE 4540 --- [    Test worker] o.h.type.descriptor.sql.BasicBinder      : binding parameter [6] as [BOOLEAN] - [true]
2023-05-04 15:27:18.504 TRACE 4540 --- [    Test worker] o.h.type.descriptor.sql.BasicBinder      : binding parameter [7] as [TIMESTAMP] - [null]
2023-05-04 15:27:18.504 TRACE 4540 --- [    Test worker] o.h.type.descriptor.sql.BasicBinder      : binding parameter [8] as [VARCHAR] - [러브]
2023-05-04 15:27:18.626  INFO 4540 --- [    Test worker] o.s.t.c.transaction.TransactionContext   : Rolled back transaction for test: [DefaultTestContext@3532f633 testClass = UserRepositoryTest, testInstance = shop.mtcoding.restend.model.user.UserRepositoryTest@f7b6b9e, testMethod = save@UserRepositoryTest, testException = [null], mergedContextConfiguration = [MergedContextConfiguration@19e86461 testClass = UserRepositoryTest, locations = '{}', classes = '{class shop.mtcoding.restend.RestendApplication}', contextInitializerClasses = '[]', activeProfiles = '{test}', propertySourceLocations = '{}', propertySourceProperties = '{org.springframework.boot.test.autoconfigure.orm.jpa.DataJpaTestContextBootstrapper=true}', contextCustomizers = set[org.springframework.boot.test.autoconfigure.OverrideAutoConfigurationContextCustomizerFactory$DisableAutoConfigurationContextCustomizer@63648ee9, org.springframework.boot.test.autoconfigure.actuate.metrics.MetricsExportContextCustomizerFactory$DisableMetricExportContextCustomizer@6d366c9b, org.springframework.boot.test.autoconfigure.filter.TypeExcludeFiltersContextCustomizer@351584c0, org.springframework.boot.test.autoconfigure.properties.PropertyMappingContextCustomizer@a730f253, org.springframework.boot.test.autoconfigure.web.servlet.WebDriverContextCustomizerFactory$Customizer@4602c2a9, [ImportsContextCustomizer@31475919 key = [org.springframework.security.crypto.bcrypt.BCryptPasswordEncoder, org.springframework.boot.autoconfigure.cache.CacheAutoConfiguration, org.springframework.boot.autoconfigure.data.jpa.JpaRepositoriesAutoConfiguration, org.springframework.boot.autoconfigure.flyway.FlywayAutoConfiguration, org.springframework.boot.autoconfigure.jdbc.DataSourceAutoConfiguration, org.springframework.boot.autoconfigure.jdbc.DataSourceTransactionManagerAutoConfiguration, org.springframework.boot.autoconfigure.jdbc.JdbcTemplateAutoConfiguration, org.springframework.boot.autoconfigure.liquibase.LiquibaseAutoConfiguration, org.springframework.boot.autoconfigure.orm.jpa.HibernateJpaAutoConfiguration, org.springframework.boot.autoconfigure.sql.init.SqlInitializationAutoConfiguration, org.springframework.boot.autoconfigure.transaction.TransactionAutoConfiguration, org.springframework.boot.test.autoconfigure.jdbc.TestDatabaseAutoConfiguration, org.springframework.boot.test.autoconfigure.orm.jpa.TestEntityManagerAutoConfiguration]], org.springframework.boot.test.context.filter.ExcludeFilterContextCustomizer@403132fc, org.springframework.boot.test.json.DuplicateJsonObjectContextCustomizerFactory$DuplicateJsonObjectContextCustomizer@2f7a7219, org.springframework.boot.test.mock.mockito.MockitoContextCustomizer@0, org.springframework.boot.test.context.SpringBootTestArgs@1, org.springframework.boot.test.context.SpringBootTestWebEnvironment@0], contextLoader = 'org.springframework.boot.test.context.SpringBootContextLoader', parent = [null]], attributes = map['org.springframework.test.context.event.ApplicationEventsTestExecutionListener.recordApplicationEvents' -> false]]
2023-05-04 15:27:18.628  INFO 4540 --- [    Test worker] o.s.t.c.transaction.TransactionContext   : Began transaction (1) for test context [DefaultTestContext@3532f633 testClass = UserRepositoryTest, testInstance = shop.mtcoding.restend.model.user.UserRepositoryTest@734fcb45, testMethod = findByUsername@UserRepositoryTest, testException = [null], mergedContextConfiguration = [MergedContextConfiguration@19e86461 testClass = UserRepositoryTest, locations = '{}', classes = '{class shop.mtcoding.restend.RestendApplication}', contextInitializerClasses = '[]', activeProfiles = '{test}', propertySourceLocations = '{}', propertySourceProperties = '{org.springframework.boot.test.autoconfigure.orm.jpa.DataJpaTestContextBootstrapper=true}', contextCustomizers = set[org.springframework.boot.test.autoconfigure.OverrideAutoConfigurationContextCustomizerFactory$DisableAutoConfigurationContextCustomizer@63648ee9, org.springframework.boot.test.autoconfigure.actuate.metrics.MetricsExportContextCustomizerFactory$DisableMetricExportContextCustomizer@6d366c9b, org.springframework.boot.test.autoconfigure.filter.TypeExcludeFiltersContextCustomizer@351584c0, org.springframework.boot.test.autoconfigure.properties.PropertyMappingContextCustomizer@a730f253, org.springframework.boot.test.autoconfigure.web.servlet.WebDriverContextCustomizerFactory$Customizer@4602c2a9, [ImportsContextCustomizer@31475919 key = [org.springframework.security.crypto.bcrypt.BCryptPasswordEncoder, org.springframework.boot.autoconfigure.cache.CacheAutoConfiguration, org.springframework.boot.autoconfigure.data.jpa.JpaRepositoriesAutoConfiguration, org.springframework.boot.autoconfigure.flyway.FlywayAutoConfiguration, org.springframework.boot.autoconfigure.jdbc.DataSourceAutoConfiguration, org.springframework.boot.autoconfigure.jdbc.DataSourceTransactionManagerAutoConfiguration, org.springframework.boot.autoconfigure.jdbc.JdbcTemplateAutoConfiguration, org.springframework.boot.autoconfigure.liquibase.LiquibaseAutoConfiguration, org.springframework.boot.autoconfigure.orm.jpa.HibernateJpaAutoConfiguration, org.springframework.boot.autoconfigure.sql.init.SqlInitializationAutoConfiguration, org.springframework.boot.autoconfigure.transaction.TransactionAutoConfiguration, org.springframework.boot.test.autoconfigure.jdbc.TestDatabaseAutoConfiguration, org.springframework.boot.test.autoconfigure.orm.jpa.TestEntityManagerAutoConfiguration]], org.springframework.boot.test.context.filter.ExcludeFilterContextCustomizer@403132fc, org.springframework.boot.test.json.DuplicateJsonObjectContextCustomizerFactory$DuplicateJsonObjectContextCustomizer@2f7a7219, org.springframework.boot.test.mock.mockito.MockitoContextCustomizer@0, org.springframework.boot.test.context.SpringBootTestArgs@1, org.springframework.boot.test.context.SpringBootTestWebEnvironment@0], contextLoader = 'org.springframework.boot.test.context.SpringBootContextLoader', parent = [null]], attributes = map['org.springframework.test.context.event.ApplicationEventsTestExecutionListener.recordApplicationEvents' -> false]]; transaction manager [org.springframework.orm.jpa.JpaTransactionManager@7de54be7]; rollback [true]
Hibernate: 
    ALTER TABLE user_tb ALTER COLUMN `id` RESTART WITH 1
Hibernate: 
    insert 
    into
        user_tb
        (id, created_at, email, image, password, role, status, updated_at, username) 
    values
        (default, ?, ?, ?, ?, ?, ?, ?, ?)
2023-05-04 15:27:18.752 TRACE 4540 --- [    Test worker] o.h.type.descriptor.sql.BasicBinder      : binding parameter [1] as [TIMESTAMP] - [2023-05-04T15:27:18.752075]
2023-05-04 15:27:18.752 TRACE 4540 --- [    Test worker] o.h.type.descriptor.sql.BasicBinder      : binding parameter [2] as [VARCHAR] - [ssar@nate.com]
2023-05-04 15:27:18.752 TRACE 4540 --- [    Test worker] o.h.type.descriptor.sql.BasicBinder      : binding parameter [3] as [VARCHAR] - [null]
2023-05-04 15:27:18.752 TRACE 4540 --- [    Test worker] o.h.type.descriptor.sql.BasicBinder      : binding parameter [4] as [VARCHAR] - [$2a$10$OCLjcFK8RPUp6W1SV2ttsuONOMq/gdLTqDutXbzO5oPKAcqwXshuS]
2023-05-04 15:27:18.752 TRACE 4540 --- [    Test worker] o.h.type.descriptor.sql.BasicBinder      : binding parameter [5] as [VARCHAR] - [USER]
2023-05-04 15:27:18.752 TRACE 4540 --- [    Test worker] o.h.type.descriptor.sql.BasicBinder      : binding parameter [6] as [BOOLEAN] - [true]
2023-05-04 15:27:18.752 TRACE 4540 --- [    Test worker] o.h.type.descriptor.sql.BasicBinder      : binding parameter [7] as [TIMESTAMP] - [null]
2023-05-04 15:27:18.752 TRACE 4540 --- [    Test worker] o.h.type.descriptor.sql.BasicBinder      : binding parameter [8] as [VARCHAR] - [사르]
Hibernate: 
    insert 
    into
        user_tb
        (id, created_at, email, image, password, role, status, updated_at, username) 
    values
        (default, ?, ?, ?, ?, ?, ?, ?, ?)
2023-05-04 15:27:18.874 TRACE 4540 --- [    Test worker] o.h.type.descriptor.sql.BasicBinder      : binding parameter [1] as [TIMESTAMP] - [2023-05-04T15:27:18.874468]
2023-05-04 15:27:18.875 TRACE 4540 --- [    Test worker] o.h.type.descriptor.sql.BasicBinder      : binding parameter [2] as [VARCHAR] - [cos@nate.com]
2023-05-04 15:27:18.875 TRACE 4540 --- [    Test worker] o.h.type.descriptor.sql.BasicBinder      : binding parameter [3] as [VARCHAR] - [null]
2023-05-04 15:27:18.875 TRACE 4540 --- [    Test worker] o.h.type.descriptor.sql.BasicBinder      : binding parameter [4] as [VARCHAR] - [$2a$10$MYfO/OBHpFy3KCVo8mmCFeQaUjNpJD6OTl0p1.PZVUpM71cFdd4Ki]
2023-05-04 15:27:18.875 TRACE 4540 --- [    Test worker] o.h.type.descriptor.sql.BasicBinder      : binding parameter [5] as [VARCHAR] - [USER]
2023-05-04 15:27:18.875 TRACE 4540 --- [    Test worker] o.h.type.descriptor.sql.BasicBinder      : binding parameter [6] as [BOOLEAN] - [true]
2023-05-04 15:27:18.875 TRACE 4540 --- [    Test worker] o.h.type.descriptor.sql.BasicBinder      : binding parameter [7] as [TIMESTAMP] - [null]
2023-05-04 15:27:18.875 TRACE 4540 --- [    Test worker] o.h.type.descriptor.sql.BasicBinder      : binding parameter [8] as [VARCHAR] - [코스]
Hibernate: 
    select
        user0_.id as id1_4_,
        user0_.created_at as created_2_4_,
        user0_.email as email3_4_,
        user0_.image as image4_4_,
        user0_.password as password5_4_,
        user0_.role as role6_4_,
        user0_.status as status7_4_,
        user0_.updated_at as updated_8_4_,
        user0_.username as username9_4_ 
    from
        user_tb user0_ 
    where
        user0_.username=?
2023-05-04 15:27:18.876 TRACE 4540 --- [    Test worker] o.h.type.descriptor.sql.BasicBinder      : binding parameter [1] as [VARCHAR] - [사르]
2023-05-04 15:27:18.877 TRACE 4540 --- [    Test worker] o.h.type.descriptor.sql.BasicExtractor   : extracted value ([id1_4_] : [BIGINT]) - [1]
2023-05-04 15:27:18.877 TRACE 4540 --- [    Test worker] o.h.type.descriptor.sql.BasicExtractor   : extracted value ([created_2_4_] : [TIMESTAMP]) - [2023-05-04T15:27:18.752075]
2023-05-04 15:27:18.877 TRACE 4540 --- [    Test worker] o.h.type.descriptor.sql.BasicExtractor   : extracted value ([email3_4_] : [VARCHAR]) - [ssar@nate.com]
2023-05-04 15:27:18.877 TRACE 4540 --- [    Test worker] o.h.type.descriptor.sql.BasicExtractor   : extracted value ([image4_4_] : [VARCHAR]) - [null]
2023-05-04 15:27:18.877 TRACE 4540 --- [    Test worker] o.h.type.descriptor.sql.BasicExtractor   : extracted value ([password5_4_] : [VARCHAR]) - [$2a$10$OCLjcFK8RPUp6W1SV2ttsuONOMq/gdLTqDutXbzO5oPKAcqwXshuS]
2023-05-04 15:27:18.877 TRACE 4540 --- [    Test worker] o.h.type.descriptor.sql.BasicExtractor   : extracted value ([role6_4_] : [VARCHAR]) - [USER]
2023-05-04 15:27:18.877 TRACE 4540 --- [    Test worker] o.h.type.descriptor.sql.BasicExtractor   : extracted value ([status7_4_] : [BOOLEAN]) - [true]
2023-05-04 15:27:18.877 TRACE 4540 --- [    Test worker] o.h.type.descriptor.sql.BasicExtractor   : extracted value ([updated_8_4_] : [TIMESTAMP]) - [null]
2023-05-04 15:27:18.877 TRACE 4540 --- [    Test worker] o.h.type.descriptor.sql.BasicExtractor   : extracted value ([username9_4_] : [VARCHAR]) - [사르]
2023-05-04 15:27:19.002  INFO 4540 --- [    Test worker] o.s.t.c.transaction.TransactionContext   : Rolled back transaction for test: [DefaultTestContext@3532f633 testClass = UserRepositoryTest, testInstance = shop.mtcoding.restend.model.user.UserRepositoryTest@734fcb45, testMethod = findByUsername@UserRepositoryTest, testException = [null], mergedContextConfiguration = [MergedContextConfiguration@19e86461 testClass = UserRepositoryTest, locations = '{}', classes = '{class shop.mtcoding.restend.RestendApplication}', contextInitializerClasses = '[]', activeProfiles = '{test}', propertySourceLocations = '{}', propertySourceProperties = '{org.springframework.boot.test.autoconfigure.orm.jpa.DataJpaTestContextBootstrapper=true}', contextCustomizers = set[org.springframework.boot.test.autoconfigure.OverrideAutoConfigurationContextCustomizerFactory$DisableAutoConfigurationContextCustomizer@63648ee9, org.springframework.boot.test.autoconfigure.actuate.metrics.MetricsExportContextCustomizerFactory$DisableMetricExportContextCustomizer@6d366c9b, org.springframework.boot.test.autoconfigure.filter.TypeExcludeFiltersContextCustomizer@351584c0, org.springframework.boot.test.autoconfigure.properties.PropertyMappingContextCustomizer@a730f253, org.springframework.boot.test.autoconfigure.web.servlet.WebDriverContextCustomizerFactory$Customizer@4602c2a9, [ImportsContextCustomizer@31475919 key = [org.springframework.security.crypto.bcrypt.BCryptPasswordEncoder, org.springframework.boot.autoconfigure.cache.CacheAutoConfiguration, org.springframework.boot.autoconfigure.data.jpa.JpaRepositoriesAutoConfiguration, org.springframework.boot.autoconfigure.flyway.FlywayAutoConfiguration, org.springframework.boot.autoconfigure.jdbc.DataSourceAutoConfiguration, org.springframework.boot.autoconfigure.jdbc.DataSourceTransactionManagerAutoConfiguration, org.springframework.boot.autoconfigure.jdbc.JdbcTemplateAutoConfiguration, org.springframework.boot.autoconfigure.liquibase.LiquibaseAutoConfiguration, org.springframework.boot.autoconfigure.orm.jpa.HibernateJpaAutoConfiguration, org.springframework.boot.autoconfigure.sql.init.SqlInitializationAutoConfiguration, org.springframework.boot.autoconfigure.transaction.TransactionAutoConfiguration, org.springframework.boot.test.autoconfigure.jdbc.TestDatabaseAutoConfiguration, org.springframework.boot.test.autoconfigure.orm.jpa.TestEntityManagerAutoConfiguration]], org.springframework.boot.test.context.filter.ExcludeFilterContextCustomizer@403132fc, org.springframework.boot.test.json.DuplicateJsonObjectContextCustomizerFactory$DuplicateJsonObjectContextCustomizer@2f7a7219, org.springframework.boot.test.mock.mockito.MockitoContextCustomizer@0, org.springframework.boot.test.context.SpringBootTestArgs@1, org.springframework.boot.test.context.SpringBootTestWebEnvironment@0], contextLoader = 'org.springframework.boot.test.context.SpringBootContextLoader', parent = [null]], attributes = map['org.springframework.test.context.event.ApplicationEventsTestExecutionListener.recordApplicationEvents' -> false]]
]]></system-out>
  <system-err><![CDATA[]]></system-err>
</testsuite>
