<?xml version="1.0" encoding="UTF-8"?>
<testsuite name="shop.mtcoding.restend.model.user.UserRepositoryTest" tests="3" skipped="0" failures="0" errors="0" timestamp="2023-05-04T03:01:38" hostname="jihoonui-MacBookAir.local" time="0.767">
  <properties/>
  <testcase name="findById()" classname="shop.mtcoding.restend.model.user.UserRepositoryTest" time="0.249"/>
  <testcase name="save()" classname="shop.mtcoding.restend.model.user.UserRepositoryTest" time="0.294"/>
  <testcase name="findByUsername()" classname="shop.mtcoding.restend.model.user.UserRepositoryTest" time="0.222"/>
  <system-out><![CDATA[2023-05-04 12:01:38.155  INFO 95819 --- [    Test worker] b.t.a.o.j.DataJpaTestContextBootstrapper : Neither @ContextConfiguration nor @ContextHierarchy found for test class [shop.mtcoding.restend.model.user.UserRepositoryTest], using SpringBootContextLoader
2023-05-04 12:01:38.155  INFO 95819 --- [    Test worker] o.s.t.c.support.AbstractContextLoader    : Could not detect default resource locations for test class [shop.mtcoding.restend.model.user.UserRepositoryTest]: no resource found for suffixes {-context.xml, Context.groovy}.
2023-05-04 12:01:38.156  INFO 95819 --- [    Test worker] t.c.s.AnnotationConfigContextLoaderUtils : Could not detect default configuration classes for test class [shop.mtcoding.restend.model.user.UserRepositoryTest]: UserRepositoryTest does not declare any static, non-private, non-final, nested classes annotated with @Configuration.
2023-05-04 12:01:38.159  INFO 95819 --- [    Test worker] .b.t.c.SpringBootTestContextBootstrapper : Found @SpringBootConfiguration shop.mtcoding.restend.RestendApplication for test class shop.mtcoding.restend.model.user.UserRepositoryTest
2023-05-04 12:01:38.159  INFO 95819 --- [    Test worker] b.t.a.o.j.DataJpaTestContextBootstrapper : Loaded default TestExecutionListener class names from location [META-INF/spring.factories]: [org.springframework.security.test.context.support.WithSecurityContextTestExecutionListener, org.springframework.security.test.context.support.ReactorContextTestExecutionListener, org.springframework.boot.test.autoconfigure.restdocs.RestDocsTestExecutionListener, org.springframework.boot.test.autoconfigure.web.client.MockRestServiceServerResetTestExecutionListener, org.springframework.boot.test.autoconfigure.web.servlet.MockMvcPrintOnlyOnFailureTestExecutionListener, org.springframework.boot.test.autoconfigure.web.servlet.WebDriverTestExecutionListener, org.springframework.boot.test.autoconfigure.webservices.client.MockWebServiceServerTestExecutionListener, org.springframework.boot.test.mock.mockito.MockitoTestExecutionListener, org.springframework.boot.test.mock.mockito.ResetMocksTestExecutionListener, org.springframework.test.context.web.ServletTestExecutionListener, org.springframework.test.context.support.DirtiesContextBeforeModesTestExecutionListener, org.springframework.test.context.event.ApplicationEventsTestExecutionListener, org.springframework.test.context.support.DependencyInjectionTestExecutionListener, org.springframework.test.context.support.DirtiesContextTestExecutionListener, org.springframework.test.context.transaction.TransactionalTestExecutionListener, org.springframework.test.context.jdbc.SqlScriptsTestExecutionListener, org.springframework.test.context.event.EventPublishingTestExecutionListener]
2023-05-04 12:01:38.159  INFO 95819 --- [    Test worker] b.t.a.o.j.DataJpaTestContextBootstrapper : Using TestExecutionListeners: [org.springframework.test.context.web.ServletTestExecutionListener@81cba04, org.springframework.test.context.support.DirtiesContextBeforeModesTestExecutionListener@15c46930, org.springframework.test.context.event.ApplicationEventsTestExecutionListener@2c635953, org.springframework.boot.test.mock.mockito.MockitoTestExecutionListener@547ef1c6, org.springframework.boot.test.autoconfigure.SpringBootDependencyInjectionTestExecutionListener@39dfadd7, org.springframework.test.context.support.DirtiesContextTestExecutionListener@f64ce35, org.springframework.test.context.transaction.TransactionalTestExecutionListener@397ba74b, org.springframework.test.context.jdbc.SqlScriptsTestExecutionListener@1a288163, org.springframework.security.test.context.support.WithSecurityContextTestExecutionListener@5e5d26e4, org.springframework.test.context.event.EventPublishingTestExecutionListener@77614e7c, org.springframework.security.test.context.support.ReactorContextTestExecutionListener@1344ee24, org.springframework.boot.test.autoconfigure.restdocs.RestDocsTestExecutionListener@4d3946b6, org.springframework.boot.test.autoconfigure.web.client.MockRestServiceServerResetTestExecutionListener@7a6433f3, org.springframework.boot.test.autoconfigure.web.servlet.MockMvcPrintOnlyOnFailureTestExecutionListener@78b906d, org.springframework.boot.test.autoconfigure.web.servlet.WebDriverTestExecutionListener@330a6b76, org.springframework.boot.test.autoconfigure.webservices.client.MockWebServiceServerTestExecutionListener@34018757, org.springframework.boot.test.mock.mockito.ResetMocksTestExecutionListener@6f21c18f]

  .   ____          _            __ _ _
 /\\ / ___'_ __ _ _(_)_ __  __ _ \ \ \ \
( ( )\___ | '_ | '_| | '_ \/ _` | \ \ \ \
 \\/  ___)| |_)| | | | | || (_| |  ) ) ) )
  '  |____| .__|_| |_|_| |_\__, | / / / /
 =========|_|==============|___/=/_/_/_/
 :: Spring Boot ::               (v2.7.11)

2023-05-04 12:01:38.169  INFO 95819 --- [    Test worker] s.m.r.model.user.UserRepositoryTest      : Starting UserRepositoryTest using Java 11.0.16 on jihoonui-MacBookAir.local with PID 95819 (started by jihoon in /Users/jihoon/Library/CloudStorage/OneDrive-gc.gachon.ac.kr/2022 fastcampus/fast_lab/MiniProject_BE2)
2023-05-04 12:01:38.169 DEBUG 95819 --- [    Test worker] s.m.r.model.user.UserRepositoryTest      : Running with Spring Boot v2.7.11, Spring v5.3.27
2023-05-04 12:01:38.169  INFO 95819 --- [    Test worker] s.m.r.model.user.UserRepositoryTest      : The following 1 profile is active: "test"
2023-05-04 12:01:38.198  INFO 95819 --- [    Test worker] .s.d.r.c.RepositoryConfigurationDelegate : Bootstrapping Spring Data JPA repositories in DEFAULT mode.
2023-05-04 12:01:38.208  INFO 95819 --- [    Test worker] .s.d.r.c.RepositoryConfigurationDelegate : Finished Spring Data repository scanning in 9 ms. Found 5 JPA repository interfaces.
2023-05-04 12:01:38.211  INFO 95819 --- [    Test worker] beddedDataSourceBeanFactoryPostProcessor : Replacing 'dataSource' DataSource bean with embedded version
2023-05-04 12:01:38.224  INFO 95819 --- [    Test worker] o.s.j.d.e.EmbeddedDatabaseFactory        : Starting embedded database: url='jdbc:h2:mem:b15201a6-5b63-42ef-86c5-a3a10b2a83da;DB_CLOSE_DELAY=-1;DB_CLOSE_ON_EXIT=false', username='sa'
2023-05-04 12:01:38.238  INFO 95819 --- [    Test worker] o.hibernate.jpa.internal.util.LogHelper  : HHH000204: Processing PersistenceUnitInfo [name: default]
2023-05-04 12:01:38.239 DEBUG 95819 --- [    Test worker] org.hibernate.type.BasicTypeRegistry     : Adding type registration boolean -> org.hibernate.type.BooleanType@16c5b50a
2023-05-04 12:01:38.239 DEBUG 95819 --- [    Test worker] org.hibernate.type.BasicTypeRegistry     : Adding type registration boolean -> org.hibernate.type.BooleanType@16c5b50a
2023-05-04 12:01:38.239 DEBUG 95819 --- [    Test worker] org.hibernate.type.BasicTypeRegistry     : Adding type registration java.lang.Boolean -> org.hibernate.type.BooleanType@16c5b50a
2023-05-04 12:01:38.239 DEBUG 95819 --- [    Test worker] org.hibernate.type.BasicTypeRegistry     : Adding type registration numeric_boolean -> org.hibernate.type.NumericBooleanType@1d4cc7
2023-05-04 12:01:38.239 DEBUG 95819 --- [    Test worker] org.hibernate.type.BasicTypeRegistry     : Adding type registration true_false -> org.hibernate.type.TrueFalseType@2a7bc16b
2023-05-04 12:01:38.239 DEBUG 95819 --- [    Test worker] org.hibernate.type.BasicTypeRegistry     : Adding type registration yes_no -> org.hibernate.type.YesNoType@20820df0
2023-05-04 12:01:38.239 DEBUG 95819 --- [    Test worker] org.hibernate.type.BasicTypeRegistry     : Adding type registration byte -> org.hibernate.type.ByteType@7114e780
2023-05-04 12:01:38.239 DEBUG 95819 --- [    Test worker] org.hibernate.type.BasicTypeRegistry     : Adding type registration byte -> org.hibernate.type.ByteType@7114e780
2023-05-04 12:01:38.239 DEBUG 95819 --- [    Test worker] org.hibernate.type.BasicTypeRegistry     : Adding type registration java.lang.Byte -> org.hibernate.type.ByteType@7114e780
2023-05-04 12:01:38.239 DEBUG 95819 --- [    Test worker] org.hibernate.type.BasicTypeRegistry     : Adding type registration character -> org.hibernate.type.CharacterType@4492b393
2023-05-04 12:01:38.239 DEBUG 95819 --- [    Test worker] org.hibernate.type.BasicTypeRegistry     : Adding type registration char -> org.hibernate.type.CharacterType@4492b393
2023-05-04 12:01:38.239 DEBUG 95819 --- [    Test worker] org.hibernate.type.BasicTypeRegistry     : Adding type registration java.lang.Character -> org.hibernate.type.CharacterType@4492b393
2023-05-04 12:01:38.239 DEBUG 95819 --- [    Test worker] org.hibernate.type.BasicTypeRegistry     : Adding type registration short -> org.hibernate.type.ShortType@32b46831
2023-05-04 12:01:38.239 DEBUG 95819 --- [    Test worker] org.hibernate.type.BasicTypeRegistry     : Adding type registration short -> org.hibernate.type.ShortType@32b46831
2023-05-04 12:01:38.239 DEBUG 95819 --- [    Test worker] org.hibernate.type.BasicTypeRegistry     : Adding type registration java.lang.Short -> org.hibernate.type.ShortType@32b46831
2023-05-04 12:01:38.239 DEBUG 95819 --- [    Test worker] org.hibernate.type.BasicTypeRegistry     : Adding type registration integer -> org.hibernate.type.IntegerType@4b691611
2023-05-04 12:01:38.239 DEBUG 95819 --- [    Test worker] org.hibernate.type.BasicTypeRegistry     : Adding type registration int -> org.hibernate.type.IntegerType@4b691611
2023-05-04 12:01:38.239 DEBUG 95819 --- [    Test worker] org.hibernate.type.BasicTypeRegistry     : Adding type registration java.lang.Integer -> org.hibernate.type.IntegerType@4b691611
2023-05-04 12:01:38.239 DEBUG 95819 --- [    Test worker] org.hibernate.type.BasicTypeRegistry     : Adding type registration long -> org.hibernate.type.LongType@542c65d9
2023-05-04 12:01:38.239 DEBUG 95819 --- [    Test worker] org.hibernate.type.BasicTypeRegistry     : Adding type registration long -> org.hibernate.type.LongType@542c65d9
2023-05-04 12:01:38.239 DEBUG 95819 --- [    Test worker] org.hibernate.type.BasicTypeRegistry     : Adding type registration java.lang.Long -> org.hibernate.type.LongType@542c65d9
2023-05-04 12:01:38.239 DEBUG 95819 --- [    Test worker] org.hibernate.type.BasicTypeRegistry     : Adding type registration float -> org.hibernate.type.FloatType@6003220a
2023-05-04 12:01:38.239 DEBUG 95819 --- [    Test worker] org.hibernate.type.BasicTypeRegistry     : Adding type registration float -> org.hibernate.type.FloatType@6003220a
2023-05-04 12:01:38.239 DEBUG 95819 --- [    Test worker] org.hibernate.type.BasicTypeRegistry     : Adding type registration java.lang.Float -> org.hibernate.type.FloatType@6003220a
2023-05-04 12:01:38.239 DEBUG 95819 --- [    Test worker] org.hibernate.type.BasicTypeRegistry     : Adding type registration double -> org.hibernate.type.DoubleType@2b395581
2023-05-04 12:01:38.239 DEBUG 95819 --- [    Test worker] org.hibernate.type.BasicTypeRegistry     : Adding type registration double -> org.hibernate.type.DoubleType@2b395581
2023-05-04 12:01:38.239 DEBUG 95819 --- [    Test worker] org.hibernate.type.BasicTypeRegistry     : Adding type registration java.lang.Double -> org.hibernate.type.DoubleType@2b395581
2023-05-04 12:01:38.239 DEBUG 95819 --- [    Test worker] org.hibernate.type.BasicTypeRegistry     : Adding type registration big_decimal -> org.hibernate.type.BigDecimalType@2c6927f0
2023-05-04 12:01:38.239 DEBUG 95819 --- [    Test worker] org.hibernate.type.BasicTypeRegistry     : Adding type registration java.math.BigDecimal -> org.hibernate.type.BigDecimalType@2c6927f0
2023-05-04 12:01:38.239 DEBUG 95819 --- [    Test worker] org.hibernate.type.BasicTypeRegistry     : Adding type registration big_integer -> org.hibernate.type.BigIntegerType@5b4954b2
2023-05-04 12:01:38.239 DEBUG 95819 --- [    Test worker] org.hibernate.type.BasicTypeRegistry     : Adding type registration java.math.BigInteger -> org.hibernate.type.BigIntegerType@5b4954b2
2023-05-04 12:01:38.239 DEBUG 95819 --- [    Test worker] org.hibernate.type.BasicTypeRegistry     : Adding type registration string -> org.hibernate.type.StringType@5c8ab9de
2023-05-04 12:01:38.239 DEBUG 95819 --- [    Test worker] org.hibernate.type.BasicTypeRegistry     : Adding type registration java.lang.String -> org.hibernate.type.StringType@5c8ab9de
2023-05-04 12:01:38.239 DEBUG 95819 --- [    Test worker] org.hibernate.type.BasicTypeRegistry     : Adding type registration nstring -> org.hibernate.type.StringNVarcharType@74d22ddd
2023-05-04 12:01:38.239 DEBUG 95819 --- [    Test worker] org.hibernate.type.BasicTypeRegistry     : Adding type registration ncharacter -> org.hibernate.type.CharacterNCharType@3a88f6fb
2023-05-04 12:01:38.239 DEBUG 95819 --- [    Test worker] org.hibernate.type.BasicTypeRegistry     : Adding type registration url -> org.hibernate.type.UrlType@33ebe4f0
2023-05-04 12:01:38.239 DEBUG 95819 --- [    Test worker] org.hibernate.type.BasicTypeRegistry     : Adding type registration java.net.URL -> org.hibernate.type.UrlType@33ebe4f0
2023-05-04 12:01:38.239 DEBUG 95819 --- [    Test worker] org.hibernate.type.BasicTypeRegistry     : Adding type registration Duration -> org.hibernate.type.DurationType@21e484b
2023-05-04 12:01:38.239 DEBUG 95819 --- [    Test worker] org.hibernate.type.BasicTypeRegistry     : Adding type registration java.time.Duration -> org.hibernate.type.DurationType@21e484b
2023-05-04 12:01:38.239 DEBUG 95819 --- [    Test worker] org.hibernate.type.BasicTypeRegistry     : Adding type registration Instant -> org.hibernate.type.InstantType@ce655b9
2023-05-04 12:01:38.239 DEBUG 95819 --- [    Test worker] org.hibernate.type.BasicTypeRegistry     : Adding type registration java.time.Instant -> org.hibernate.type.InstantType@ce655b9
2023-05-04 12:01:38.239 DEBUG 95819 --- [    Test worker] org.hibernate.type.BasicTypeRegistry     : Adding type registration LocalDateTime -> org.hibernate.type.LocalDateTimeType@1a345298
2023-05-04 12:01:38.239 DEBUG 95819 --- [    Test worker] org.hibernate.type.BasicTypeRegistry     : Adding type registration java.time.LocalDateTime -> org.hibernate.type.LocalDateTimeType@1a345298
2023-05-04 12:01:38.239 DEBUG 95819 --- [    Test worker] org.hibernate.type.BasicTypeRegistry     : Adding type registration LocalDate -> org.hibernate.type.LocalDateType@3c488b34
2023-05-04 12:01:38.239 DEBUG 95819 --- [    Test worker] org.hibernate.type.BasicTypeRegistry     : Adding type registration java.time.LocalDate -> org.hibernate.type.LocalDateType@3c488b34
2023-05-04 12:01:38.239 DEBUG 95819 --- [    Test worker] org.hibernate.type.BasicTypeRegistry     : Adding type registration LocalTime -> org.hibernate.type.LocalTimeType@eded048
2023-05-04 12:01:38.239 DEBUG 95819 --- [    Test worker] org.hibernate.type.BasicTypeRegistry     : Adding type registration java.time.LocalTime -> org.hibernate.type.LocalTimeType@eded048
2023-05-04 12:01:38.239 DEBUG 95819 --- [    Test worker] org.hibernate.type.BasicTypeRegistry     : Adding type registration OffsetDateTime -> org.hibernate.type.OffsetDateTimeType@23f5008a
2023-05-04 12:01:38.239 DEBUG 95819 --- [    Test worker] org.hibernate.type.BasicTypeRegistry     : Adding type registration java.time.OffsetDateTime -> org.hibernate.type.OffsetDateTimeType@23f5008a
2023-05-04 12:01:38.239 DEBUG 95819 --- [    Test worker] org.hibernate.type.BasicTypeRegistry     : Adding type registration OffsetTime -> org.hibernate.type.OffsetTimeType@78128dd0
2023-05-04 12:01:38.239 DEBUG 95819 --- [    Test worker] org.hibernate.type.BasicTypeRegistry     : Adding type registration java.time.OffsetTime -> org.hibernate.type.OffsetTimeType@78128dd0
2023-05-04 12:01:38.239 DEBUG 95819 --- [    Test worker] org.hibernate.type.BasicTypeRegistry     : Adding type registration ZonedDateTime -> org.hibernate.type.ZonedDateTimeType@144a5e6e
2023-05-04 12:01:38.239 DEBUG 95819 --- [    Test worker] org.hibernate.type.BasicTypeRegistry     : Adding type registration java.time.ZonedDateTime -> org.hibernate.type.ZonedDateTimeType@144a5e6e
2023-05-04 12:01:38.239 DEBUG 95819 --- [    Test worker] org.hibernate.type.BasicTypeRegistry     : Adding type registration date -> org.hibernate.type.DateType@1214d23c
2023-05-04 12:01:38.239 DEBUG 95819 --- [    Test worker] org.hibernate.type.BasicTypeRegistry     : Adding type registration java.sql.Date -> org.hibernate.type.DateType@1214d23c
2023-05-04 12:01:38.239 DEBUG 95819 --- [    Test worker] org.hibernate.type.BasicTypeRegistry     : Adding type registration time -> org.hibernate.type.TimeType@696174d3
2023-05-04 12:01:38.239 DEBUG 95819 --- [    Test worker] org.hibernate.type.BasicTypeRegistry     : Adding type registration java.sql.Time -> org.hibernate.type.TimeType@696174d3
2023-05-04 12:01:38.239 DEBUG 95819 --- [    Test worker] org.hibernate.type.BasicTypeRegistry     : Adding type registration timestamp -> org.hibernate.type.TimestampType@3c09a350
2023-05-04 12:01:38.239 DEBUG 95819 --- [    Test worker] org.hibernate.type.BasicTypeRegistry     : Adding type registration java.sql.Timestamp -> org.hibernate.type.TimestampType@3c09a350
2023-05-04 12:01:38.239 DEBUG 95819 --- [    Test worker] org.hibernate.type.BasicTypeRegistry     : Adding type registration java.util.Date -> org.hibernate.type.TimestampType@3c09a350
2023-05-04 12:01:38.239 DEBUG 95819 --- [    Test worker] org.hibernate.type.BasicTypeRegistry     : Adding type registration dbtimestamp -> org.hibernate.type.DbTimestampType@30c01c37
2023-05-04 12:01:38.239 DEBUG 95819 --- [    Test worker] org.hibernate.type.BasicTypeRegistry     : Adding type registration calendar -> org.hibernate.type.CalendarType@3005623b
2023-05-04 12:01:38.239 DEBUG 95819 --- [    Test worker] org.hibernate.type.BasicTypeRegistry     : Adding type registration java.util.Calendar -> org.hibernate.type.CalendarType@3005623b
2023-05-04 12:01:38.239 DEBUG 95819 --- [    Test worker] org.hibernate.type.BasicTypeRegistry     : Adding type registration java.util.GregorianCalendar -> org.hibernate.type.CalendarType@3005623b
2023-05-04 12:01:38.239 DEBUG 95819 --- [    Test worker] org.hibernate.type.BasicTypeRegistry     : Adding type registration calendar_date -> org.hibernate.type.CalendarDateType@41143873
2023-05-04 12:01:38.239 DEBUG 95819 --- [    Test worker] org.hibernate.type.BasicTypeRegistry     : Adding type registration calendar_time -> org.hibernate.type.CalendarTimeType@43786627
2023-05-04 12:01:38.240 DEBUG 95819 --- [    Test worker] org.hibernate.type.BasicTypeRegistry     : Adding type registration locale -> org.hibernate.type.LocaleType@7956f93a
2023-05-04 12:01:38.240 DEBUG 95819 --- [    Test worker] org.hibernate.type.BasicTypeRegistry     : Adding type registration java.util.Locale -> org.hibernate.type.LocaleType@7956f93a
2023-05-04 12:01:38.240 DEBUG 95819 --- [    Test worker] org.hibernate.type.BasicTypeRegistry     : Adding type registration currency -> org.hibernate.type.CurrencyType@21b744ec
2023-05-04 12:01:38.240 DEBUG 95819 --- [    Test worker] org.hibernate.type.BasicTypeRegistry     : Adding type registration java.util.Currency -> org.hibernate.type.CurrencyType@21b744ec
2023-05-04 12:01:38.240 DEBUG 95819 --- [    Test worker] org.hibernate.type.BasicTypeRegistry     : Adding type registration timezone -> org.hibernate.type.TimeZoneType@7f6b57f2
2023-05-04 12:01:38.240 DEBUG 95819 --- [    Test worker] org.hibernate.type.BasicTypeRegistry     : Adding type registration java.util.TimeZone -> org.hibernate.type.TimeZoneType@7f6b57f2
2023-05-04 12:01:38.240 DEBUG 95819 --- [    Test worker] org.hibernate.type.BasicTypeRegistry     : Adding type registration class -> org.hibernate.type.ClassType@4c65d8e3
2023-05-04 12:01:38.240 DEBUG 95819 --- [    Test worker] org.hibernate.type.BasicTypeRegistry     : Adding type registration java.lang.Class -> org.hibernate.type.ClassType@4c65d8e3
2023-05-04 12:01:38.240 DEBUG 95819 --- [    Test worker] org.hibernate.type.BasicTypeRegistry     : Adding type registration uuid-binary -> org.hibernate.type.UUIDBinaryType@52909a97
2023-05-04 12:01:38.240 DEBUG 95819 --- [    Test worker] org.hibernate.type.BasicTypeRegistry     : Adding type registration java.util.UUID -> org.hibernate.type.UUIDBinaryType@52909a97
2023-05-04 12:01:38.240 DEBUG 95819 --- [    Test worker] org.hibernate.type.BasicTypeRegistry     : Adding type registration uuid-char -> org.hibernate.type.UUIDCharType@7bbdb220
2023-05-04 12:01:38.240 DEBUG 95819 --- [    Test worker] org.hibernate.type.BasicTypeRegistry     : Adding type registration binary -> org.hibernate.type.BinaryType@7afb9c93
2023-05-04 12:01:38.240 DEBUG 95819 --- [    Test worker] org.hibernate.type.BasicTypeRegistry     : Adding type registration byte[] -> org.hibernate.type.BinaryType@7afb9c93
2023-05-04 12:01:38.240 DEBUG 95819 --- [    Test worker] org.hibernate.type.BasicTypeRegistry     : Adding type registration [B -> org.hibernate.type.BinaryType@7afb9c93
2023-05-04 12:01:38.240 DEBUG 95819 --- [    Test worker] org.hibernate.type.BasicTypeRegistry     : Adding type registration wrapper-binary -> org.hibernate.type.WrapperBinaryType@5a0f87e5
2023-05-04 12:01:38.240 DEBUG 95819 --- [    Test worker] org.hibernate.type.BasicTypeRegistry     : Adding type registration Byte[] -> org.hibernate.type.WrapperBinaryType@5a0f87e5
2023-05-04 12:01:38.240 DEBUG 95819 --- [    Test worker] org.hibernate.type.BasicTypeRegistry     : Adding type registration [Ljava.lang.Byte; -> org.hibernate.type.WrapperBinaryType@5a0f87e5
2023-05-04 12:01:38.240 DEBUG 95819 --- [    Test worker] org.hibernate.type.BasicTypeRegistry     : Adding type registration row_version -> org.hibernate.type.RowVersionType@165d1d54
2023-05-04 12:01:38.240 DEBUG 95819 --- [    Test worker] org.hibernate.type.BasicTypeRegistry     : Adding type registration image -> org.hibernate.type.ImageType@63553e9f
2023-05-04 12:01:38.240 DEBUG 95819 --- [    Test worker] org.hibernate.type.BasicTypeRegistry     : Adding type registration characters -> org.hibernate.type.CharArrayType@5c839677
2023-05-04 12:01:38.240 DEBUG 95819 --- [    Test worker] org.hibernate.type.BasicTypeRegistry     : Adding type registration char[] -> org.hibernate.type.CharArrayType@5c839677
2023-05-04 12:01:38.240 DEBUG 95819 --- [    Test worker] org.hibernate.type.BasicTypeRegistry     : Adding type registration [C -> org.hibernate.type.CharArrayType@5c839677
2023-05-04 12:01:38.240 DEBUG 95819 --- [    Test worker] org.hibernate.type.BasicTypeRegistry     : Adding type registration wrapper-characters -> org.hibernate.type.CharacterArrayType@6e73974
2023-05-04 12:01:38.240 DEBUG 95819 --- [    Test worker] org.hibernate.type.BasicTypeRegistry     : Adding type registration [Ljava.lang.Character; -> org.hibernate.type.CharacterArrayType@6e73974
2023-05-04 12:01:38.240 DEBUG 95819 --- [    Test worker] org.hibernate.type.BasicTypeRegistry     : Adding type registration Character[] -> org.hibernate.type.CharacterArrayType@6e73974
2023-05-04 12:01:38.240 DEBUG 95819 --- [    Test worker] org.hibernate.type.BasicTypeRegistry     : Adding type registration text -> org.hibernate.type.TextType@e07b4db
2023-05-04 12:01:38.240 DEBUG 95819 --- [    Test worker] org.hibernate.type.BasicTypeRegistry     : Adding type registration ntext -> org.hibernate.type.NTextType@49c83262
2023-05-04 12:01:38.240 DEBUG 95819 --- [    Test worker] org.hibernate.type.BasicTypeRegistry     : Adding type registration blob -> org.hibernate.type.BlobType@6dcf7b6a
2023-05-04 12:01:38.240 DEBUG 95819 --- [    Test worker] org.hibernate.type.BasicTypeRegistry     : Adding type registration java.sql.Blob -> org.hibernate.type.BlobType@6dcf7b6a
2023-05-04 12:01:38.240 DEBUG 95819 --- [    Test worker] org.hibernate.type.BasicTypeRegistry     : Adding type registration materialized_blob -> org.hibernate.type.MaterializedBlobType@4eb63dc8
2023-05-04 12:01:38.240 DEBUG 95819 --- [    Test worker] org.hibernate.type.BasicTypeRegistry     : Adding type registration clob -> org.hibernate.type.ClobType@5d221b20
2023-05-04 12:01:38.240 DEBUG 95819 --- [    Test worker] org.hibernate.type.BasicTypeRegistry     : Adding type registration java.sql.Clob -> org.hibernate.type.ClobType@5d221b20
2023-05-04 12:01:38.240 DEBUG 95819 --- [    Test worker] org.hibernate.type.BasicTypeRegistry     : Adding type registration nclob -> org.hibernate.type.NClobType@2dd3d39d
2023-05-04 12:01:38.240 DEBUG 95819 --- [    Test worker] org.hibernate.type.BasicTypeRegistry     : Adding type registration java.sql.NClob -> org.hibernate.type.NClobType@2dd3d39d
2023-05-04 12:01:38.240 DEBUG 95819 --- [    Test worker] org.hibernate.type.BasicTypeRegistry     : Adding type registration materialized_clob -> org.hibernate.type.MaterializedClobType@42cc420b
2023-05-04 12:01:38.240 DEBUG 95819 --- [    Test worker] org.hibernate.type.BasicTypeRegistry     : Adding type registration materialized_nclob -> org.hibernate.type.MaterializedNClobType@7eae55
2023-05-04 12:01:38.240 DEBUG 95819 --- [    Test worker] org.hibernate.type.BasicTypeRegistry     : Adding type registration serializable -> org.hibernate.type.SerializableType@2bfa17b0
2023-05-04 12:01:38.240 DEBUG 95819 --- [    Test worker] org.hibernate.type.BasicTypeRegistry     : Adding type registration object -> org.hibernate.type.ObjectType@13908f9c
2023-05-04 12:01:38.240 DEBUG 95819 --- [    Test worker] org.hibernate.type.BasicTypeRegistry     : Adding type registration java.lang.Object -> org.hibernate.type.ObjectType@13908f9c
2023-05-04 12:01:38.240 DEBUG 95819 --- [    Test worker] org.hibernate.type.BasicTypeRegistry     : Adding type registration imm_date -> org.hibernate.type.AdaptedImmutableType@12aa9370
2023-05-04 12:01:38.240 DEBUG 95819 --- [    Test worker] org.hibernate.type.BasicTypeRegistry     : Adding type registration imm_time -> org.hibernate.type.AdaptedImmutableType@2338eeef
2023-05-04 12:01:38.240 DEBUG 95819 --- [    Test worker] org.hibernate.type.BasicTypeRegistry     : Adding type registration imm_timestamp -> org.hibernate.type.AdaptedImmutableType@41fc5625
2023-05-04 12:01:38.240 DEBUG 95819 --- [    Test worker] org.hibernate.type.BasicTypeRegistry     : Adding type registration imm_dbtimestamp -> org.hibernate.type.AdaptedImmutableType@27c05ed9
2023-05-04 12:01:38.240 DEBUG 95819 --- [    Test worker] org.hibernate.type.BasicTypeRegistry     : Adding type registration imm_calendar -> org.hibernate.type.AdaptedImmutableType@61377842
2023-05-04 12:01:38.240 DEBUG 95819 --- [    Test worker] org.hibernate.type.BasicTypeRegistry     : Adding type registration imm_calendar_date -> org.hibernate.type.AdaptedImmutableType@51cbd1d
2023-05-04 12:01:38.240 DEBUG 95819 --- [    Test worker] org.hibernate.type.BasicTypeRegistry     : Adding type registration imm_binary -> org.hibernate.type.AdaptedImmutableType@26f29ee5
2023-05-04 12:01:38.240 DEBUG 95819 --- [    Test worker] org.hibernate.type.BasicTypeRegistry     : Adding type registration imm_serializable -> org.hibernate.type.AdaptedImmutableType@3e13a74
2023-05-04 12:01:38.241  INFO 95819 --- [    Test worker] org.hibernate.dialect.Dialect            : HHH000400: Using dialect: org.hibernate.dialect.H2Dialect
2023-05-04 12:01:38.242 DEBUG 95819 --- [    Test worker] o.h.type.spi.TypeConfiguration$Scope     : Scoping TypeConfiguration [org.hibernate.type.spi.TypeConfiguration@445760e0] to MetadataBuildingContext [org.hibernate.boot.internal.MetadataBuildingContextRootImpl@22152da0]
2023-05-04 12:01:38.251 DEBUG 95819 --- [    Test worker] org.hibernate.type.EnumType              : Using ORDINAL-based conversion for Enum shop.mtcoding.restend.model.order.OrderState
2023-05-04 12:01:38.251 DEBUG 95819 --- [    Test worker] org.hibernate.type.EnumType              : Using ORDINAL-based conversion for Enum shop.mtcoding.restend.model.event.EventType
2023-05-04 12:01:38.251 DEBUG 95819 --- [    Test worker] o.h.type.spi.TypeConfiguration$Scope     : Scoping TypeConfiguration [org.hibernate.type.spi.TypeConfiguration@445760e0] to SessionFactoryImpl [org.hibernate.internal.SessionFactoryImpl@7ee46aaf]
Hibernate: 
    
    drop table if exists annual_tb CASCADE 
Hibernate: 
    
    drop table if exists duty_tb CASCADE 
Hibernate: 
    
    drop table if exists event_tb CASCADE 
Hibernate: 
    
    drop table if exists order_tb CASCADE 
Hibernate: 
    
    drop table if exists user_tb CASCADE 
Hibernate: 
    
    create table annual_tb (
       id bigint generated by default as identity,
        end_date date not null,
        start_date date not null,
        primary key (id)
    )
Hibernate: 
    
    create table duty_tb (
       id bigint generated by default as identity,
        date date not null,
        primary key (id)
    )
Hibernate: 
    
    create table event_tb (
       id bigint generated by default as identity,
        created_at timestamp not null,
        event_type integer not null,
        updated_at timestamp,
        annual_id bigint,
        duty_id bigint,
        user_id bigint,
        primary key (id)
    )
Hibernate: 
    
    create table order_tb (
       id bigint generated by default as identity,
        created_at timestamp not null,
        order_state integer,
        user_id bigint,
        event_id bigint,
        primary key (id)
    )
Hibernate: 
    
    create table user_tb (
       id bigint generated by default as identity,
        created_at timestamp not null,
        email varchar(20) not null,
        image varchar(255),
        password varchar(60) not null,
        role varchar(255),
        status boolean,
        updated_at timestamp,
        username varchar(20) not null,
        primary key (id)
    )
Hibernate: 
    
    alter table user_tb 
       add constraint UK_2dlfg6wvnxboknkp9d1h75icb unique (email)
Hibernate: 
    
    alter table event_tb 
       add constraint FKsm4f7ln48qcydnsmr2ihynjfn 
       foreign key (annual_id) 
       references annual_tb
Hibernate: 
    
    alter table event_tb 
       add constraint FK9kavkxc7qfe23ik88wb7yp3cp 
       foreign key (duty_id) 
       references duty_tb
Hibernate: 
    
    alter table event_tb 
       add constraint FK1dbl1c4nurwq7w5w3o04st4y6 
       foreign key (user_id) 
       references user_tb
Hibernate: 
    
    alter table order_tb 
       add constraint FK9wkv8x8yfgaaquhn4vquq4aps 
       foreign key (user_id) 
       references user_tb
Hibernate: 
    
    alter table order_tb 
       add constraint FK9ahb515t4krdytukumuqg386o 
       foreign key (event_id) 
       references event_tb
2023-05-04 12:01:38.270  INFO 95819 --- [    Test worker] o.h.e.t.j.p.i.JtaPlatformInitiator       : HHH000490: Using JtaPlatform implementation: [org.hibernate.engine.transaction.jta.platform.internal.NoJtaPlatform]
2023-05-04 12:01:38.270 TRACE 95819 --- [    Test worker] o.h.type.spi.TypeConfiguration$Scope     : Handling #sessionFactoryCreated from [org.hibernate.internal.SessionFactoryImpl@7ee46aaf] for TypeConfiguration
2023-05-04 12:01:38.270  INFO 95819 --- [    Test worker] j.LocalContainerEntityManagerFactoryBean : Initialized JPA EntityManagerFactory for persistence unit 'default'
2023-05-04 12:01:38.330  INFO 95819 --- [    Test worker] s.m.r.model.user.UserRepositoryTest      : Started UserRepositoryTest in 0.17 seconds (JVM running for 6.41)
2023-05-04 12:01:38.334  INFO 95819 --- [    Test worker] o.s.t.c.transaction.TransactionContext   : Began transaction (1) for test context [DefaultTestContext@35e79be0 testClass = UserRepositoryTest, testInstance = shop.mtcoding.restend.model.user.UserRepositoryTest@678c654c, testMethod = findById@UserRepositoryTest, testException = [null], mergedContextConfiguration = [MergedContextConfiguration@50e3be0a testClass = UserRepositoryTest, locations = '{}', classes = '{class shop.mtcoding.restend.RestendApplication}', contextInitializerClasses = '[]', activeProfiles = '{test}', propertySourceLocations = '{}', propertySourceProperties = '{org.springframework.boot.test.autoconfigure.orm.jpa.DataJpaTestContextBootstrapper=true}', contextCustomizers = set[org.springframework.boot.test.autoconfigure.OverrideAutoConfigurationContextCustomizerFactory$DisableAutoConfigurationContextCustomizer@1659a0ff, org.springframework.boot.test.autoconfigure.actuate.metrics.MetricsExportContextCustomizerFactory$DisableMetricExportContextCustomizer@6ca0256d, org.springframework.boot.test.autoconfigure.filter.TypeExcludeFiltersContextCustomizer@351584c0, org.springframework.boot.test.autoconfigure.properties.PropertyMappingContextCustomizer@d16acde6, org.springframework.boot.test.autoconfigure.web.servlet.WebDriverContextCustomizerFactory$Customizer@1d7f7be7, [ImportsContextCustomizer@167650f8 key = [org.springframework.security.crypto.bcrypt.BCryptPasswordEncoder, org.springframework.boot.autoconfigure.cache.CacheAutoConfiguration, org.springframework.boot.autoconfigure.data.jpa.JpaRepositoriesAutoConfiguration, org.springframework.boot.autoconfigure.flyway.FlywayAutoConfiguration, org.springframework.boot.autoconfigure.jdbc.DataSourceAutoConfiguration, org.springframework.boot.autoconfigure.jdbc.DataSourceTransactionManagerAutoConfiguration, org.springframework.boot.autoconfigure.jdbc.JdbcTemplateAutoConfiguration, org.springframework.boot.autoconfigure.liquibase.LiquibaseAutoConfiguration, org.springframework.boot.autoconfigure.orm.jpa.HibernateJpaAutoConfiguration, org.springframework.boot.autoconfigure.sql.init.SqlInitializationAutoConfiguration, org.springframework.boot.autoconfigure.transaction.TransactionAutoConfiguration, org.springframework.boot.test.autoconfigure.jdbc.TestDatabaseAutoConfiguration, org.springframework.boot.test.autoconfigure.orm.jpa.TestEntityManagerAutoConfiguration]], org.springframework.boot.test.context.filter.ExcludeFilterContextCustomizer@427b5f92, org.springframework.boot.test.json.DuplicateJsonObjectContextCustomizerFactory$DuplicateJsonObjectContextCustomizer@65aa6596, org.springframework.boot.test.mock.mockito.MockitoContextCustomizer@0, org.springframework.boot.test.context.SpringBootTestArgs@1, org.springframework.boot.test.context.SpringBootTestWebEnvironment@0], contextLoader = 'org.springframework.boot.test.context.SpringBootContextLoader', parent = [null]], attributes = map['org.springframework.test.context.event.ApplicationEventsTestExecutionListener.recordApplicationEvents' -> false]]; transaction manager [org.springframework.orm.jpa.JpaTransactionManager@563434b4]; rollback [true]
Hibernate: 
    ALTER TABLE user_tb ALTER COLUMN `id` RESTART WITH 1
Hibernate: 
    insert 
    into
        user_tb
        (id, created_at, email, image, password, role, status, updated_at, username) 
    values
        (default, ?, ?, ?, ?, ?, ?, ?, ?)
2023-05-04 12:01:38.425 TRACE 95819 --- [    Test worker] o.h.type.descriptor.sql.BasicBinder      : binding parameter [1] as [TIMESTAMP] - [2023-05-04T12:01:38.425540]
2023-05-04 12:01:38.426 TRACE 95819 --- [    Test worker] o.h.type.descriptor.sql.BasicBinder      : binding parameter [2] as [VARCHAR] - [ssar@nate.com]
2023-05-04 12:01:38.426 TRACE 95819 --- [    Test worker] o.h.type.descriptor.sql.BasicBinder      : binding parameter [3] as [VARCHAR] - [null]
2023-05-04 12:01:38.426 TRACE 95819 --- [    Test worker] o.h.type.descriptor.sql.BasicBinder      : binding parameter [4] as [VARCHAR] - [$2a$10$AsjBPRF7UOMlKWt/ak3mdONfC/YV8.SC.XdTIGf8Thog305cvy3ya]
2023-05-04 12:01:38.426 TRACE 95819 --- [    Test worker] o.h.type.descriptor.sql.BasicBinder      : binding parameter [5] as [VARCHAR] - [USER]
2023-05-04 12:01:38.426 TRACE 95819 --- [    Test worker] o.h.type.descriptor.sql.BasicBinder      : binding parameter [6] as [BOOLEAN] - [true]
2023-05-04 12:01:38.426 TRACE 95819 --- [    Test worker] o.h.type.descriptor.sql.BasicBinder      : binding parameter [7] as [TIMESTAMP] - [null]
2023-05-04 12:01:38.426 TRACE 95819 --- [    Test worker] o.h.type.descriptor.sql.BasicBinder      : binding parameter [8] as [VARCHAR] - [사르]
Hibernate: 
    insert 
    into
        user_tb
        (id, created_at, email, image, password, role, status, updated_at, username) 
    values
        (default, ?, ?, ?, ?, ?, ?, ?, ?)
2023-05-04 12:01:38.500 TRACE 95819 --- [    Test worker] o.h.type.descriptor.sql.BasicBinder      : binding parameter [1] as [TIMESTAMP] - [2023-05-04T12:01:38.500079]
2023-05-04 12:01:38.500 TRACE 95819 --- [    Test worker] o.h.type.descriptor.sql.BasicBinder      : binding parameter [2] as [VARCHAR] - [cos@nate.com]
2023-05-04 12:01:38.500 TRACE 95819 --- [    Test worker] o.h.type.descriptor.sql.BasicBinder      : binding parameter [3] as [VARCHAR] - [null]
2023-05-04 12:01:38.500 TRACE 95819 --- [    Test worker] o.h.type.descriptor.sql.BasicBinder      : binding parameter [4] as [VARCHAR] - [$2a$10$TZzX4tSxeJb4.GrLw3UHKO8C1Vi3933Fei4FdTALrnu1jJ3jiy7Q.]
2023-05-04 12:01:38.500 TRACE 95819 --- [    Test worker] o.h.type.descriptor.sql.BasicBinder      : binding parameter [5] as [VARCHAR] - [USER]
2023-05-04 12:01:38.500 TRACE 95819 --- [    Test worker] o.h.type.descriptor.sql.BasicBinder      : binding parameter [6] as [BOOLEAN] - [true]
2023-05-04 12:01:38.500 TRACE 95819 --- [    Test worker] o.h.type.descriptor.sql.BasicBinder      : binding parameter [7] as [TIMESTAMP] - [null]
2023-05-04 12:01:38.500 TRACE 95819 --- [    Test worker] o.h.type.descriptor.sql.BasicBinder      : binding parameter [8] as [VARCHAR] - [코스]
Hibernate: 
    select
        user0_.id as id1_4_0_,
        user0_.created_at as created_2_4_0_,
        user0_.email as email3_4_0_,
        user0_.image as image4_4_0_,
        user0_.password as password5_4_0_,
        user0_.role as role6_4_0_,
        user0_.status as status7_4_0_,
        user0_.updated_at as updated_8_4_0_,
        user0_.username as username9_4_0_ 
    from
        user_tb user0_ 
    where
        user0_.id=?
2023-05-04 12:01:38.501 TRACE 95819 --- [    Test worker] o.h.type.descriptor.sql.BasicBinder      : binding parameter [1] as [BIGINT] - [1]
2023-05-04 12:01:38.501 TRACE 95819 --- [    Test worker] o.h.type.descriptor.sql.BasicExtractor   : extracted value ([created_2_4_0_] : [TIMESTAMP]) - [2023-05-04T12:01:38.425540]
2023-05-04 12:01:38.501 TRACE 95819 --- [    Test worker] o.h.type.descriptor.sql.BasicExtractor   : extracted value ([email3_4_0_] : [VARCHAR]) - [ssar@nate.com]
2023-05-04 12:01:38.501 TRACE 95819 --- [    Test worker] o.h.type.descriptor.sql.BasicExtractor   : extracted value ([image4_4_0_] : [VARCHAR]) - [null]
2023-05-04 12:01:38.501 TRACE 95819 --- [    Test worker] o.h.type.descriptor.sql.BasicExtractor   : extracted value ([password5_4_0_] : [VARCHAR]) - [$2a$10$AsjBPRF7UOMlKWt/ak3mdONfC/YV8.SC.XdTIGf8Thog305cvy3ya]
2023-05-04 12:01:38.501 TRACE 95819 --- [    Test worker] o.h.type.descriptor.sql.BasicExtractor   : extracted value ([role6_4_0_] : [VARCHAR]) - [USER]
2023-05-04 12:01:38.501 TRACE 95819 --- [    Test worker] o.h.type.descriptor.sql.BasicExtractor   : extracted value ([status7_4_0_] : [BOOLEAN]) - [true]
2023-05-04 12:01:38.501 TRACE 95819 --- [    Test worker] o.h.type.descriptor.sql.BasicExtractor   : extracted value ([updated_8_4_0_] : [TIMESTAMP]) - [null]
2023-05-04 12:01:38.501 TRACE 95819 --- [    Test worker] o.h.type.descriptor.sql.BasicExtractor   : extracted value ([username9_4_0_] : [VARCHAR]) - [사르]
2023-05-04 12:01:38.580  INFO 95819 --- [    Test worker] o.s.t.c.transaction.TransactionContext   : Rolled back transaction for test: [DefaultTestContext@35e79be0 testClass = UserRepositoryTest, testInstance = shop.mtcoding.restend.model.user.UserRepositoryTest@678c654c, testMethod = findById@UserRepositoryTest, testException = [null], mergedContextConfiguration = [MergedContextConfiguration@50e3be0a testClass = UserRepositoryTest, locations = '{}', classes = '{class shop.mtcoding.restend.RestendApplication}', contextInitializerClasses = '[]', activeProfiles = '{test}', propertySourceLocations = '{}', propertySourceProperties = '{org.springframework.boot.test.autoconfigure.orm.jpa.DataJpaTestContextBootstrapper=true}', contextCustomizers = set[org.springframework.boot.test.autoconfigure.OverrideAutoConfigurationContextCustomizerFactory$DisableAutoConfigurationContextCustomizer@1659a0ff, org.springframework.boot.test.autoconfigure.actuate.metrics.MetricsExportContextCustomizerFactory$DisableMetricExportContextCustomizer@6ca0256d, org.springframework.boot.test.autoconfigure.filter.TypeExcludeFiltersContextCustomizer@351584c0, org.springframework.boot.test.autoconfigure.properties.PropertyMappingContextCustomizer@d16acde6, org.springframework.boot.test.autoconfigure.web.servlet.WebDriverContextCustomizerFactory$Customizer@1d7f7be7, [ImportsContextCustomizer@167650f8 key = [org.springframework.security.crypto.bcrypt.BCryptPasswordEncoder, org.springframework.boot.autoconfigure.cache.CacheAutoConfiguration, org.springframework.boot.autoconfigure.data.jpa.JpaRepositoriesAutoConfiguration, org.springframework.boot.autoconfigure.flyway.FlywayAutoConfiguration, org.springframework.boot.autoconfigure.jdbc.DataSourceAutoConfiguration, org.springframework.boot.autoconfigure.jdbc.DataSourceTransactionManagerAutoConfiguration, org.springframework.boot.autoconfigure.jdbc.JdbcTemplateAutoConfiguration, org.springframework.boot.autoconfigure.liquibase.LiquibaseAutoConfiguration, org.springframework.boot.autoconfigure.orm.jpa.HibernateJpaAutoConfiguration, org.springframework.boot.autoconfigure.sql.init.SqlInitializationAutoConfiguration, org.springframework.boot.autoconfigure.transaction.TransactionAutoConfiguration, org.springframework.boot.test.autoconfigure.jdbc.TestDatabaseAutoConfiguration, org.springframework.boot.test.autoconfigure.orm.jpa.TestEntityManagerAutoConfiguration]], org.springframework.boot.test.context.filter.ExcludeFilterContextCustomizer@427b5f92, org.springframework.boot.test.json.DuplicateJsonObjectContextCustomizerFactory$DuplicateJsonObjectContextCustomizer@65aa6596, org.springframework.boot.test.mock.mockito.MockitoContextCustomizer@0, org.springframework.boot.test.context.SpringBootTestArgs@1, org.springframework.boot.test.context.SpringBootTestWebEnvironment@0], contextLoader = 'org.springframework.boot.test.context.SpringBootContextLoader', parent = [null]], attributes = map['org.springframework.test.context.event.ApplicationEventsTestExecutionListener.recordApplicationEvents' -> false]]
2023-05-04 12:01:38.582  INFO 95819 --- [    Test worker] o.s.t.c.transaction.TransactionContext   : Began transaction (1) for test context [DefaultTestContext@35e79be0 testClass = UserRepositoryTest, testInstance = shop.mtcoding.restend.model.user.UserRepositoryTest@1159a049, testMethod = save@UserRepositoryTest, testException = [null], mergedContextConfiguration = [MergedContextConfiguration@50e3be0a testClass = UserRepositoryTest, locations = '{}', classes = '{class shop.mtcoding.restend.RestendApplication}', contextInitializerClasses = '[]', activeProfiles = '{test}', propertySourceLocations = '{}', propertySourceProperties = '{org.springframework.boot.test.autoconfigure.orm.jpa.DataJpaTestContextBootstrapper=true}', contextCustomizers = set[org.springframework.boot.test.autoconfigure.OverrideAutoConfigurationContextCustomizerFactory$DisableAutoConfigurationContextCustomizer@1659a0ff, org.springframework.boot.test.autoconfigure.actuate.metrics.MetricsExportContextCustomizerFactory$DisableMetricExportContextCustomizer@6ca0256d, org.springframework.boot.test.autoconfigure.filter.TypeExcludeFiltersContextCustomizer@351584c0, org.springframework.boot.test.autoconfigure.properties.PropertyMappingContextCustomizer@d16acde6, org.springframework.boot.test.autoconfigure.web.servlet.WebDriverContextCustomizerFactory$Customizer@1d7f7be7, [ImportsContextCustomizer@167650f8 key = [org.springframework.security.crypto.bcrypt.BCryptPasswordEncoder, org.springframework.boot.autoconfigure.cache.CacheAutoConfiguration, org.springframework.boot.autoconfigure.data.jpa.JpaRepositoriesAutoConfiguration, org.springframework.boot.autoconfigure.flyway.FlywayAutoConfiguration, org.springframework.boot.autoconfigure.jdbc.DataSourceAutoConfiguration, org.springframework.boot.autoconfigure.jdbc.DataSourceTransactionManagerAutoConfiguration, org.springframework.boot.autoconfigure.jdbc.JdbcTemplateAutoConfiguration, org.springframework.boot.autoconfigure.liquibase.LiquibaseAutoConfiguration, org.springframework.boot.autoconfigure.orm.jpa.HibernateJpaAutoConfiguration, org.springframework.boot.autoconfigure.sql.init.SqlInitializationAutoConfiguration, org.springframework.boot.autoconfigure.transaction.TransactionAutoConfiguration, org.springframework.boot.test.autoconfigure.jdbc.TestDatabaseAutoConfiguration, org.springframework.boot.test.autoconfigure.orm.jpa.TestEntityManagerAutoConfiguration]], org.springframework.boot.test.context.filter.ExcludeFilterContextCustomizer@427b5f92, org.springframework.boot.test.json.DuplicateJsonObjectContextCustomizerFactory$DuplicateJsonObjectContextCustomizer@65aa6596, org.springframework.boot.test.mock.mockito.MockitoContextCustomizer@0, org.springframework.boot.test.context.SpringBootTestArgs@1, org.springframework.boot.test.context.SpringBootTestWebEnvironment@0], contextLoader = 'org.springframework.boot.test.context.SpringBootContextLoader', parent = [null]], attributes = map['org.springframework.test.context.event.ApplicationEventsTestExecutionListener.recordApplicationEvents' -> false]]; transaction manager [org.springframework.orm.jpa.JpaTransactionManager@563434b4]; rollback [true]
Hibernate: 
    ALTER TABLE user_tb ALTER COLUMN `id` RESTART WITH 1
Hibernate: 
    insert 
    into
        user_tb
        (id, created_at, email, image, password, role, status, updated_at, username) 
    values
        (default, ?, ?, ?, ?, ?, ?, ?, ?)
2023-05-04 12:01:38.657 TRACE 95819 --- [    Test worker] o.h.type.descriptor.sql.BasicBinder      : binding parameter [1] as [TIMESTAMP] - [2023-05-04T12:01:38.656876]
2023-05-04 12:01:38.657 TRACE 95819 --- [    Test worker] o.h.type.descriptor.sql.BasicBinder      : binding parameter [2] as [VARCHAR] - [ssar@nate.com]
2023-05-04 12:01:38.657 TRACE 95819 --- [    Test worker] o.h.type.descriptor.sql.BasicBinder      : binding parameter [3] as [VARCHAR] - [null]
2023-05-04 12:01:38.657 TRACE 95819 --- [    Test worker] o.h.type.descriptor.sql.BasicBinder      : binding parameter [4] as [VARCHAR] - [$2a$10$vhEwIkqgYoyBfbCBqXwnoOZ63hX46A7jR60PBmohbCVMcQD6aVU7G]
2023-05-04 12:01:38.657 TRACE 95819 --- [    Test worker] o.h.type.descriptor.sql.BasicBinder      : binding parameter [5] as [VARCHAR] - [USER]
2023-05-04 12:01:38.657 TRACE 95819 --- [    Test worker] o.h.type.descriptor.sql.BasicBinder      : binding parameter [6] as [BOOLEAN] - [true]
2023-05-04 12:01:38.657 TRACE 95819 --- [    Test worker] o.h.type.descriptor.sql.BasicBinder      : binding parameter [7] as [TIMESTAMP] - [null]
2023-05-04 12:01:38.657 TRACE 95819 --- [    Test worker] o.h.type.descriptor.sql.BasicBinder      : binding parameter [8] as [VARCHAR] - [사르]
Hibernate: 
    insert 
    into
        user_tb
        (id, created_at, email, image, password, role, status, updated_at, username) 
    values
        (default, ?, ?, ?, ?, ?, ?, ?, ?)
2023-05-04 12:01:38.729 TRACE 95819 --- [    Test worker] o.h.type.descriptor.sql.BasicBinder      : binding parameter [1] as [TIMESTAMP] - [2023-05-04T12:01:38.728965]
2023-05-04 12:01:38.729 TRACE 95819 --- [    Test worker] o.h.type.descriptor.sql.BasicBinder      : binding parameter [2] as [VARCHAR] - [cos@nate.com]
2023-05-04 12:01:38.729 TRACE 95819 --- [    Test worker] o.h.type.descriptor.sql.BasicBinder      : binding parameter [3] as [VARCHAR] - [null]
2023-05-04 12:01:38.729 TRACE 95819 --- [    Test worker] o.h.type.descriptor.sql.BasicBinder      : binding parameter [4] as [VARCHAR] - [$2a$10$DkaeoJgfFWRA0uOn/lSjd.9vreUMigGKcHqp6POVyql6jHj4w0Jiu]
2023-05-04 12:01:38.729 TRACE 95819 --- [    Test worker] o.h.type.descriptor.sql.BasicBinder      : binding parameter [5] as [VARCHAR] - [USER]
2023-05-04 12:01:38.729 TRACE 95819 --- [    Test worker] o.h.type.descriptor.sql.BasicBinder      : binding parameter [6] as [BOOLEAN] - [true]
2023-05-04 12:01:38.729 TRACE 95819 --- [    Test worker] o.h.type.descriptor.sql.BasicBinder      : binding parameter [7] as [TIMESTAMP] - [null]
2023-05-04 12:01:38.729 TRACE 95819 --- [    Test worker] o.h.type.descriptor.sql.BasicBinder      : binding parameter [8] as [VARCHAR] - [코스]
Hibernate: 
    insert 
    into
        user_tb
        (id, created_at, email, image, password, role, status, updated_at, username) 
    values
        (default, ?, ?, ?, ?, ?, ?, ?, ?)
2023-05-04 12:01:38.803 TRACE 95819 --- [    Test worker] o.h.type.descriptor.sql.BasicBinder      : binding parameter [1] as [TIMESTAMP] - [2023-05-04T12:01:38.802960]
2023-05-04 12:01:38.803 TRACE 95819 --- [    Test worker] o.h.type.descriptor.sql.BasicBinder      : binding parameter [2] as [VARCHAR] - [love@nate.com]
2023-05-04 12:01:38.803 TRACE 95819 --- [    Test worker] o.h.type.descriptor.sql.BasicBinder      : binding parameter [3] as [VARCHAR] - [null]
2023-05-04 12:01:38.803 TRACE 95819 --- [    Test worker] o.h.type.descriptor.sql.BasicBinder      : binding parameter [4] as [VARCHAR] - [$2a$10$gPfJDO7hTKe3VA4HYqM9m.544Le9ZSc497VApOQ.a8Ug3u9DbzRI6]
2023-05-04 12:01:38.803 TRACE 95819 --- [    Test worker] o.h.type.descriptor.sql.BasicBinder      : binding parameter [5] as [VARCHAR] - [USER]
2023-05-04 12:01:38.803 TRACE 95819 --- [    Test worker] o.h.type.descriptor.sql.BasicBinder      : binding parameter [6] as [BOOLEAN] - [true]
2023-05-04 12:01:38.803 TRACE 95819 --- [    Test worker] o.h.type.descriptor.sql.BasicBinder      : binding parameter [7] as [TIMESTAMP] - [null]
2023-05-04 12:01:38.803 TRACE 95819 --- [    Test worker] o.h.type.descriptor.sql.BasicBinder      : binding parameter [8] as [VARCHAR] - [러브]
2023-05-04 12:01:38.875  INFO 95819 --- [    Test worker] o.s.t.c.transaction.TransactionContext   : Rolled back transaction for test: [DefaultTestContext@35e79be0 testClass = UserRepositoryTest, testInstance = shop.mtcoding.restend.model.user.UserRepositoryTest@1159a049, testMethod = save@UserRepositoryTest, testException = [null], mergedContextConfiguration = [MergedContextConfiguration@50e3be0a testClass = UserRepositoryTest, locations = '{}', classes = '{class shop.mtcoding.restend.RestendApplication}', contextInitializerClasses = '[]', activeProfiles = '{test}', propertySourceLocations = '{}', propertySourceProperties = '{org.springframework.boot.test.autoconfigure.orm.jpa.DataJpaTestContextBootstrapper=true}', contextCustomizers = set[org.springframework.boot.test.autoconfigure.OverrideAutoConfigurationContextCustomizerFactory$DisableAutoConfigurationContextCustomizer@1659a0ff, org.springframework.boot.test.autoconfigure.actuate.metrics.MetricsExportContextCustomizerFactory$DisableMetricExportContextCustomizer@6ca0256d, org.springframework.boot.test.autoconfigure.filter.TypeExcludeFiltersContextCustomizer@351584c0, org.springframework.boot.test.autoconfigure.properties.PropertyMappingContextCustomizer@d16acde6, org.springframework.boot.test.autoconfigure.web.servlet.WebDriverContextCustomizerFactory$Customizer@1d7f7be7, [ImportsContextCustomizer@167650f8 key = [org.springframework.security.crypto.bcrypt.BCryptPasswordEncoder, org.springframework.boot.autoconfigure.cache.CacheAutoConfiguration, org.springframework.boot.autoconfigure.data.jpa.JpaRepositoriesAutoConfiguration, org.springframework.boot.autoconfigure.flyway.FlywayAutoConfiguration, org.springframework.boot.autoconfigure.jdbc.DataSourceAutoConfiguration, org.springframework.boot.autoconfigure.jdbc.DataSourceTransactionManagerAutoConfiguration, org.springframework.boot.autoconfigure.jdbc.JdbcTemplateAutoConfiguration, org.springframework.boot.autoconfigure.liquibase.LiquibaseAutoConfiguration, org.springframework.boot.autoconfigure.orm.jpa.HibernateJpaAutoConfiguration, org.springframework.boot.autoconfigure.sql.init.SqlInitializationAutoConfiguration, org.springframework.boot.autoconfigure.transaction.TransactionAutoConfiguration, org.springframework.boot.test.autoconfigure.jdbc.TestDatabaseAutoConfiguration, org.springframework.boot.test.autoconfigure.orm.jpa.TestEntityManagerAutoConfiguration]], org.springframework.boot.test.context.filter.ExcludeFilterContextCustomizer@427b5f92, org.springframework.boot.test.json.DuplicateJsonObjectContextCustomizerFactory$DuplicateJsonObjectContextCustomizer@65aa6596, org.springframework.boot.test.mock.mockito.MockitoContextCustomizer@0, org.springframework.boot.test.context.SpringBootTestArgs@1, org.springframework.boot.test.context.SpringBootTestWebEnvironment@0], contextLoader = 'org.springframework.boot.test.context.SpringBootContextLoader', parent = [null]], attributes = map['org.springframework.test.context.event.ApplicationEventsTestExecutionListener.recordApplicationEvents' -> false]]
2023-05-04 12:01:38.876  INFO 95819 --- [    Test worker] o.s.t.c.transaction.TransactionContext   : Began transaction (1) for test context [DefaultTestContext@35e79be0 testClass = UserRepositoryTest, testInstance = shop.mtcoding.restend.model.user.UserRepositoryTest@4b9be679, testMethod = findByUsername@UserRepositoryTest, testException = [null], mergedContextConfiguration = [MergedContextConfiguration@50e3be0a testClass = UserRepositoryTest, locations = '{}', classes = '{class shop.mtcoding.restend.RestendApplication}', contextInitializerClasses = '[]', activeProfiles = '{test}', propertySourceLocations = '{}', propertySourceProperties = '{org.springframework.boot.test.autoconfigure.orm.jpa.DataJpaTestContextBootstrapper=true}', contextCustomizers = set[org.springframework.boot.test.autoconfigure.OverrideAutoConfigurationContextCustomizerFactory$DisableAutoConfigurationContextCustomizer@1659a0ff, org.springframework.boot.test.autoconfigure.actuate.metrics.MetricsExportContextCustomizerFactory$DisableMetricExportContextCustomizer@6ca0256d, org.springframework.boot.test.autoconfigure.filter.TypeExcludeFiltersContextCustomizer@351584c0, org.springframework.boot.test.autoconfigure.properties.PropertyMappingContextCustomizer@d16acde6, org.springframework.boot.test.autoconfigure.web.servlet.WebDriverContextCustomizerFactory$Customizer@1d7f7be7, [ImportsContextCustomizer@167650f8 key = [org.springframework.security.crypto.bcrypt.BCryptPasswordEncoder, org.springframework.boot.autoconfigure.cache.CacheAutoConfiguration, org.springframework.boot.autoconfigure.data.jpa.JpaRepositoriesAutoConfiguration, org.springframework.boot.autoconfigure.flyway.FlywayAutoConfiguration, org.springframework.boot.autoconfigure.jdbc.DataSourceAutoConfiguration, org.springframework.boot.autoconfigure.jdbc.DataSourceTransactionManagerAutoConfiguration, org.springframework.boot.autoconfigure.jdbc.JdbcTemplateAutoConfiguration, org.springframework.boot.autoconfigure.liquibase.LiquibaseAutoConfiguration, org.springframework.boot.autoconfigure.orm.jpa.HibernateJpaAutoConfiguration, org.springframework.boot.autoconfigure.sql.init.SqlInitializationAutoConfiguration, org.springframework.boot.autoconfigure.transaction.TransactionAutoConfiguration, org.springframework.boot.test.autoconfigure.jdbc.TestDatabaseAutoConfiguration, org.springframework.boot.test.autoconfigure.orm.jpa.TestEntityManagerAutoConfiguration]], org.springframework.boot.test.context.filter.ExcludeFilterContextCustomizer@427b5f92, org.springframework.boot.test.json.DuplicateJsonObjectContextCustomizerFactory$DuplicateJsonObjectContextCustomizer@65aa6596, org.springframework.boot.test.mock.mockito.MockitoContextCustomizer@0, org.springframework.boot.test.context.SpringBootTestArgs@1, org.springframework.boot.test.context.SpringBootTestWebEnvironment@0], contextLoader = 'org.springframework.boot.test.context.SpringBootContextLoader', parent = [null]], attributes = map['org.springframework.test.context.event.ApplicationEventsTestExecutionListener.recordApplicationEvents' -> false]]; transaction manager [org.springframework.orm.jpa.JpaTransactionManager@563434b4]; rollback [true]
Hibernate: 
    ALTER TABLE user_tb ALTER COLUMN `id` RESTART WITH 1
Hibernate: 
    insert 
    into
        user_tb
        (id, created_at, email, image, password, role, status, updated_at, username) 
    values
        (default, ?, ?, ?, ?, ?, ?, ?, ?)
2023-05-04 12:01:38.948 TRACE 95819 --- [    Test worker] o.h.type.descriptor.sql.BasicBinder      : binding parameter [1] as [TIMESTAMP] - [2023-05-04T12:01:38.947885]
2023-05-04 12:01:38.948 TRACE 95819 --- [    Test worker] o.h.type.descriptor.sql.BasicBinder      : binding parameter [2] as [VARCHAR] - [ssar@nate.com]
2023-05-04 12:01:38.948 TRACE 95819 --- [    Test worker] o.h.type.descriptor.sql.BasicBinder      : binding parameter [3] as [VARCHAR] - [null]
2023-05-04 12:01:38.948 TRACE 95819 --- [    Test worker] o.h.type.descriptor.sql.BasicBinder      : binding parameter [4] as [VARCHAR] - [$2a$10$zfcn7NtloT.9jgnLdrQfWuBobogvk8tTbu5.xXlqmjXR.expPEogm]
2023-05-04 12:01:38.948 TRACE 95819 --- [    Test worker] o.h.type.descriptor.sql.BasicBinder      : binding parameter [5] as [VARCHAR] - [USER]
2023-05-04 12:01:38.948 TRACE 95819 --- [    Test worker] o.h.type.descriptor.sql.BasicBinder      : binding parameter [6] as [BOOLEAN] - [true]
2023-05-04 12:01:38.948 TRACE 95819 --- [    Test worker] o.h.type.descriptor.sql.BasicBinder      : binding parameter [7] as [TIMESTAMP] - [null]
2023-05-04 12:01:38.948 TRACE 95819 --- [    Test worker] o.h.type.descriptor.sql.BasicBinder      : binding parameter [8] as [VARCHAR] - [사르]
Hibernate: 
    insert 
    into
        user_tb
        (id, created_at, email, image, password, role, status, updated_at, username) 
    values
        (default, ?, ?, ?, ?, ?, ?, ?, ?)
2023-05-04 12:01:39.021 TRACE 95819 --- [    Test worker] o.h.type.descriptor.sql.BasicBinder      : binding parameter [1] as [TIMESTAMP] - [2023-05-04T12:01:39.021487]
2023-05-04 12:01:39.021 TRACE 95819 --- [    Test worker] o.h.type.descriptor.sql.BasicBinder      : binding parameter [2] as [VARCHAR] - [cos@nate.com]
2023-05-04 12:01:39.021 TRACE 95819 --- [    Test worker] o.h.type.descriptor.sql.BasicBinder      : binding parameter [3] as [VARCHAR] - [null]
2023-05-04 12:01:39.021 TRACE 95819 --- [    Test worker] o.h.type.descriptor.sql.BasicBinder      : binding parameter [4] as [VARCHAR] - [$2a$10$zHmSrfMOzdHu3Eoc5P6uSuszfHSZmZf6hzMACKq8aazaiGo1OFj0u]
2023-05-04 12:01:39.021 TRACE 95819 --- [    Test worker] o.h.type.descriptor.sql.BasicBinder      : binding parameter [5] as [VARCHAR] - [USER]
2023-05-04 12:01:39.021 TRACE 95819 --- [    Test worker] o.h.type.descriptor.sql.BasicBinder      : binding parameter [6] as [BOOLEAN] - [true]
2023-05-04 12:01:39.021 TRACE 95819 --- [    Test worker] o.h.type.descriptor.sql.BasicBinder      : binding parameter [7] as [TIMESTAMP] - [null]
2023-05-04 12:01:39.021 TRACE 95819 --- [    Test worker] o.h.type.descriptor.sql.BasicBinder      : binding parameter [8] as [VARCHAR] - [코스]
Hibernate: 
    select
        user0_.id as id1_4_,
        user0_.created_at as created_2_4_,
        user0_.email as email3_4_,
        user0_.image as image4_4_,
        user0_.password as password5_4_,
        user0_.role as role6_4_,
        user0_.status as status7_4_,
        user0_.updated_at as updated_8_4_,
        user0_.username as username9_4_ 
    from
        user_tb user0_ 
    where
        user0_.username=?
2023-05-04 12:01:39.022 TRACE 95819 --- [    Test worker] o.h.type.descriptor.sql.BasicBinder      : binding parameter [1] as [VARCHAR] - [사르]
2023-05-04 12:01:39.023 TRACE 95819 --- [    Test worker] o.h.type.descriptor.sql.BasicExtractor   : extracted value ([id1_4_] : [BIGINT]) - [1]
2023-05-04 12:01:39.023 TRACE 95819 --- [    Test worker] o.h.type.descriptor.sql.BasicExtractor   : extracted value ([created_2_4_] : [TIMESTAMP]) - [2023-05-04T12:01:38.947885]
2023-05-04 12:01:39.023 TRACE 95819 --- [    Test worker] o.h.type.descriptor.sql.BasicExtractor   : extracted value ([email3_4_] : [VARCHAR]) - [ssar@nate.com]
2023-05-04 12:01:39.023 TRACE 95819 --- [    Test worker] o.h.type.descriptor.sql.BasicExtractor   : extracted value ([image4_4_] : [VARCHAR]) - [null]
2023-05-04 12:01:39.023 TRACE 95819 --- [    Test worker] o.h.type.descriptor.sql.BasicExtractor   : extracted value ([password5_4_] : [VARCHAR]) - [$2a$10$zfcn7NtloT.9jgnLdrQfWuBobogvk8tTbu5.xXlqmjXR.expPEogm]
2023-05-04 12:01:39.023 TRACE 95819 --- [    Test worker] o.h.type.descriptor.sql.BasicExtractor   : extracted value ([role6_4_] : [VARCHAR]) - [USER]
2023-05-04 12:01:39.023 TRACE 95819 --- [    Test worker] o.h.type.descriptor.sql.BasicExtractor   : extracted value ([status7_4_] : [BOOLEAN]) - [true]
2023-05-04 12:01:39.023 TRACE 95819 --- [    Test worker] o.h.type.descriptor.sql.BasicExtractor   : extracted value ([updated_8_4_] : [TIMESTAMP]) - [null]
2023-05-04 12:01:39.023 TRACE 95819 --- [    Test worker] o.h.type.descriptor.sql.BasicExtractor   : extracted value ([username9_4_] : [VARCHAR]) - [사르]
2023-05-04 12:01:39.097  INFO 95819 --- [    Test worker] o.s.t.c.transaction.TransactionContext   : Rolled back transaction for test: [DefaultTestContext@35e79be0 testClass = UserRepositoryTest, testInstance = shop.mtcoding.restend.model.user.UserRepositoryTest@4b9be679, testMethod = findByUsername@UserRepositoryTest, testException = [null], mergedContextConfiguration = [MergedContextConfiguration@50e3be0a testClass = UserRepositoryTest, locations = '{}', classes = '{class shop.mtcoding.restend.RestendApplication}', contextInitializerClasses = '[]', activeProfiles = '{test}', propertySourceLocations = '{}', propertySourceProperties = '{org.springframework.boot.test.autoconfigure.orm.jpa.DataJpaTestContextBootstrapper=true}', contextCustomizers = set[org.springframework.boot.test.autoconfigure.OverrideAutoConfigurationContextCustomizerFactory$DisableAutoConfigurationContextCustomizer@1659a0ff, org.springframework.boot.test.autoconfigure.actuate.metrics.MetricsExportContextCustomizerFactory$DisableMetricExportContextCustomizer@6ca0256d, org.springframework.boot.test.autoconfigure.filter.TypeExcludeFiltersContextCustomizer@351584c0, org.springframework.boot.test.autoconfigure.properties.PropertyMappingContextCustomizer@d16acde6, org.springframework.boot.test.autoconfigure.web.servlet.WebDriverContextCustomizerFactory$Customizer@1d7f7be7, [ImportsContextCustomizer@167650f8 key = [org.springframework.security.crypto.bcrypt.BCryptPasswordEncoder, org.springframework.boot.autoconfigure.cache.CacheAutoConfiguration, org.springframework.boot.autoconfigure.data.jpa.JpaRepositoriesAutoConfiguration, org.springframework.boot.autoconfigure.flyway.FlywayAutoConfiguration, org.springframework.boot.autoconfigure.jdbc.DataSourceAutoConfiguration, org.springframework.boot.autoconfigure.jdbc.DataSourceTransactionManagerAutoConfiguration, org.springframework.boot.autoconfigure.jdbc.JdbcTemplateAutoConfiguration, org.springframework.boot.autoconfigure.liquibase.LiquibaseAutoConfiguration, org.springframework.boot.autoconfigure.orm.jpa.HibernateJpaAutoConfiguration, org.springframework.boot.autoconfigure.sql.init.SqlInitializationAutoConfiguration, org.springframework.boot.autoconfigure.transaction.TransactionAutoConfiguration, org.springframework.boot.test.autoconfigure.jdbc.TestDatabaseAutoConfiguration, org.springframework.boot.test.autoconfigure.orm.jpa.TestEntityManagerAutoConfiguration]], org.springframework.boot.test.context.filter.ExcludeFilterContextCustomizer@427b5f92, org.springframework.boot.test.json.DuplicateJsonObjectContextCustomizerFactory$DuplicateJsonObjectContextCustomizer@65aa6596, org.springframework.boot.test.mock.mockito.MockitoContextCustomizer@0, org.springframework.boot.test.context.SpringBootTestArgs@1, org.springframework.boot.test.context.SpringBootTestWebEnvironment@0], contextLoader = 'org.springframework.boot.test.context.SpringBootContextLoader', parent = [null]], attributes = map['org.springframework.test.context.event.ApplicationEventsTestExecutionListener.recordApplicationEvents' -> false]]
]]></system-out>
  <system-err><![CDATA[]]></system-err>
</testsuite>
