<?xml version="1.0" encoding="UTF-8"?>
<testsuite name="shop.mtcoding.restend.service.UserServiceTest" tests="4" skipped="0" failures="0" errors="0" timestamp="2023-05-04T03:01:39" hostname="jihoonui-MacBookAir.local" time="0.402">
  <properties/>
  <testcase name="hello_test()" classname="shop.mtcoding.restend.service.UserServiceTest" time="0.111"/>
  <testcase name="회원가입_test()" classname="shop.mtcoding.restend.service.UserServiceTest" time="0.144"/>
  <testcase name="유저상세보기_test()" classname="shop.mtcoding.restend.service.UserServiceTest" time="0.073"/>
  <testcase name="로그인_test()" classname="shop.mtcoding.restend.service.UserServiceTest" time="0.072"/>
  <system-out><![CDATA[$2a$10$SNupGwYFHqMm/oyzlmk/dO6TZLKxW.mTGCol2YVJJPj7kWnAntmaW
encPassword : $2a$10$zfpYkKo2KU9nJHgSn1x.8.SvWCPeIkOzWpk9IEAvXr7fwGO6TE.ZW
디버그 : Bearer eyJ0eXAiOiJKV1QiLCJhbGciOiJIUzUxMiJ9.eyJzdWIiOiJqd3RzdHVkeSIsInJvbGUiOiJVU0VSIiwiaWQiOjEsImV4cCI6MTY4MzI1NTY5OX0.kU-dgWHMdcZYx4yZXR3LJwC0vfRejE3-gztihRbqzVP3_gtUapGgv7dhf42MGi9qrxHXng1tSpLjBSRsBPTFmg
]]></system-out>
  <system-err><![CDATA[]]></system-err>
</testsuite>
