<?xml version="1.0" encoding="UTF-8"?>
<testsuite name="shop.mtcoding.restend.RestendApplicationTests" tests="1" skipped="0" failures="0" errors="0" timestamp="2023-05-04T03:01:35" hostname="jihoonui-MacBookAir.local" time="0.05">
  <properties/>
  <testcase name="contextLoads()" classname="shop.mtcoding.restend.RestendApplicationTests" time="0.05"/>
  <system-out><![CDATA[12:01:32.373 [Test worker] DEBUG org.springframework.test.context.BootstrapUtils - Instantiating CacheAwareContextLoaderDelegate from class [org.springframework.test.context.cache.DefaultCacheAwareContextLoaderDelegate]
12:01:32.378 [Test worker] DEBUG org.springframework.test.context.BootstrapUtils - Instantiating BootstrapContext using constructor [public org.springframework.test.context.support.DefaultBootstrapContext(java.lang.Class,org.springframework.test.context.CacheAwareContextLoaderDelegate)]
12:01:32.392 [Test worker] DEBUG org.springframework.test.context.BootstrapUtils - Instantiating TestContextBootstrapper for test class [shop.mtcoding.restend.RestendApplicationTests] from class [org.springframework.boot.test.context.SpringBootTestContextBootstrapper]
12:01:32.396 [Test worker] INFO org.springframework.boot.test.context.SpringBootTestContextBootstrapper - Neither @ContextConfiguration nor @ContextHierarchy found for test class [shop.mtcoding.restend.RestendApplicationTests], using SpringBootContextLoader
12:01:32.398 [Test worker] DEBUG org.springframework.test.context.support.AbstractContextLoader - Did not detect default resource location for test class [shop.mtcoding.restend.RestendApplicationTests]: class path resource [shop/mtcoding/restend/RestendApplicationTests-context.xml] does not exist
12:01:32.398 [Test worker] DEBUG org.springframework.test.context.support.AbstractContextLoader - Did not detect default resource location for test class [shop.mtcoding.restend.RestendApplicationTests]: class path resource [shop/mtcoding/restend/RestendApplicationTestsContext.groovy] does not exist
12:01:32.398 [Test worker] INFO org.springframework.test.context.support.AbstractContextLoader - Could not detect default resource locations for test class [shop.mtcoding.restend.RestendApplicationTests]: no resource found for suffixes {-context.xml, Context.groovy}.
12:01:32.398 [Test worker] INFO org.springframework.test.context.support.AnnotationConfigContextLoaderUtils - Could not detect default configuration classes for test class [shop.mtcoding.restend.RestendApplicationTests]: RestendApplicationTests does not declare any static, non-private, non-final, nested classes annotated with @Configuration.
12:01:32.416 [Test worker] DEBUG org.springframework.test.context.support.ActiveProfilesUtils - Could not find an 'annotation declaring class' for annotation type [org.springframework.test.context.ActiveProfiles] and class [shop.mtcoding.restend.RestendApplicationTests]
12:01:32.439 [Test worker] DEBUG org.springframework.context.annotation.ClassPathScanningCandidateComponentProvider - Identified candidate component class: file [/Users/jihoon/Library/CloudStorage/OneDrive-gc.gachon.ac.kr/2022 fastcampus/fast_lab/MiniProject_BE2/build/classes/java/main/shop/mtcoding/restend/RestendApplication.class]
12:01:32.439 [Test worker] INFO org.springframework.boot.test.context.SpringBootTestContextBootstrapper - Found @SpringBootConfiguration shop.mtcoding.restend.RestendApplication for test class shop.mtcoding.restend.RestendApplicationTests
12:01:32.481 [Test worker] DEBUG org.springframework.boot.test.context.SpringBootTestContextBootstrapper - @TestExecutionListeners is not present for class [shop.mtcoding.restend.RestendApplicationTests]: using defaults.
12:01:32.481 [Test worker] INFO org.springframework.boot.test.context.SpringBootTestContextBootstrapper - Loaded default TestExecutionListener class names from location [META-INF/spring.factories]: [org.springframework.security.test.context.support.WithSecurityContextTestExecutionListener, org.springframework.security.test.context.support.ReactorContextTestExecutionListener, org.springframework.boot.test.autoconfigure.restdocs.RestDocsTestExecutionListener, org.springframework.boot.test.autoconfigure.web.client.MockRestServiceServerResetTestExecutionListener, org.springframework.boot.test.autoconfigure.web.servlet.MockMvcPrintOnlyOnFailureTestExecutionListener, org.springframework.boot.test.autoconfigure.web.servlet.WebDriverTestExecutionListener, org.springframework.boot.test.autoconfigure.webservices.client.MockWebServiceServerTestExecutionListener, org.springframework.boot.test.mock.mockito.MockitoTestExecutionListener, org.springframework.boot.test.mock.mockito.ResetMocksTestExecutionListener, org.springframework.test.context.web.ServletTestExecutionListener, org.springframework.test.context.support.DirtiesContextBeforeModesTestExecutionListener, org.springframework.test.context.event.ApplicationEventsTestExecutionListener, org.springframework.test.context.support.DependencyInjectionTestExecutionListener, org.springframework.test.context.support.DirtiesContextTestExecutionListener, org.springframework.test.context.transaction.TransactionalTestExecutionListener, org.springframework.test.context.jdbc.SqlScriptsTestExecutionListener, org.springframework.test.context.event.EventPublishingTestExecutionListener]
12:01:32.490 [Test worker] INFO org.springframework.boot.test.context.SpringBootTestContextBootstrapper - Using TestExecutionListeners: [org.springframework.test.context.web.ServletTestExecutionListener@62df0ff3, org.springframework.test.context.support.DirtiesContextBeforeModesTestExecutionListener@61019f59, org.springframework.test.context.event.ApplicationEventsTestExecutionListener@62e8f862, org.springframework.boot.test.mock.mockito.MockitoTestExecutionListener@26f3d90c, org.springframework.boot.test.autoconfigure.SpringBootDependencyInjectionTestExecutionListener@3c49fab6, org.springframework.test.context.support.DirtiesContextTestExecutionListener@515f4131, org.springframework.test.context.transaction.TransactionalTestExecutionListener@74518890, org.springframework.test.context.jdbc.SqlScriptsTestExecutionListener@4c5204af, org.springframework.security.test.context.support.WithSecurityContextTestExecutionListener@3f3ddbd9, org.springframework.test.context.event.EventPublishingTestExecutionListener@14c053c6, org.springframework.security.test.context.support.ReactorContextTestExecutionListener@6c2d4cc6, org.springframework.boot.test.autoconfigure.restdocs.RestDocsTestExecutionListener@30865a90, org.springframework.boot.test.autoconfigure.web.client.MockRestServiceServerResetTestExecutionListener@6134ac4a, org.springframework.boot.test.autoconfigure.web.servlet.MockMvcPrintOnlyOnFailureTestExecutionListener@777c9dc9, org.springframework.boot.test.autoconfigure.web.servlet.WebDriverTestExecutionListener@71b1a49c, org.springframework.boot.test.autoconfigure.webservices.client.MockWebServiceServerTestExecutionListener@73e132e0, org.springframework.boot.test.mock.mockito.ResetMocksTestExecutionListener@3773862a]
12:01:32.492 [Test worker] DEBUG org.springframework.test.context.support.AbstractDirtiesContextTestExecutionListener - Before test class: context [DefaultTestContext@6594402a testClass = RestendApplicationTests, testInstance = [null], testMethod = [null], testException = [null], mergedContextConfiguration = [WebMergedContextConfiguration@30f4b1a6 testClass = RestendApplicationTests, locations = '{}', classes = '{class shop.mtcoding.restend.RestendApplication}', contextInitializerClasses = '[]', activeProfiles = '{}', propertySourceLocations = '{}', propertySourceProperties = '{org.springframework.boot.test.context.SpringBootTestContextBootstrapper=true}', contextCustomizers = set[org.springframework.boot.test.autoconfigure.actuate.metrics.MetricsExportContextCustomizerFactory$DisableMetricExportContextCustomizer@6ca0256d, org.springframework.boot.test.autoconfigure.properties.PropertyMappingContextCustomizer@0, org.springframework.boot.test.autoconfigure.web.servlet.WebDriverContextCustomizerFactory$Customizer@1d7f7be7, org.springframework.boot.test.context.filter.ExcludeFilterContextCustomizer@427b5f92, org.springframework.boot.test.json.DuplicateJsonObjectContextCustomizerFactory$DuplicateJsonObjectContextCustomizer@65aa6596, org.springframework.boot.test.mock.mockito.MockitoContextCustomizer@0, org.springframework.boot.test.web.client.TestRestTemplateContextCustomizer@7db82169, org.springframework.boot.test.context.SpringBootTestArgs@1, org.springframework.boot.test.context.SpringBootTestWebEnvironment@19b843ba], resourceBasePath = 'src/main/webapp', contextLoader = 'org.springframework.boot.test.context.SpringBootContextLoader', parent = [null]], attributes = map['org.springframework.test.context.web.ServletTestExecutionListener.activateListener' -> true]], class annotated with @DirtiesContext [false] with mode [null].

  .   ____          _            __ _ _
 /\\ / ___'_ __ _ _(_)_ __  __ _ \ \ \ \
( ( )\___ | '_ | '_| | '_ \/ _` | \ \ \ \
 \\/  ___)| |_)| | | | | || (_| |  ) ) ) )
  '  |____| .__|_| |_|_| |_\__, | / / / /
 =========|_|==============|___/=/_/_/_/
 :: Spring Boot ::               (v2.7.11)

2023-05-04 12:01:32.668  INFO 95819 --- [    Test worker] s.m.restend.RestendApplicationTests      : Starting RestendApplicationTests using Java 11.0.16 on jihoonui-MacBookAir.local with PID 95819 (started by jihoon in /Users/jihoon/Library/CloudStorage/OneDrive-gc.gachon.ac.kr/2022 fastcampus/fast_lab/MiniProject_BE2)
2023-05-04 12:01:32.668 DEBUG 95819 --- [    Test worker] s.m.restend.RestendApplicationTests      : Running with Spring Boot v2.7.11, Spring v5.3.27
2023-05-04 12:01:32.669  INFO 95819 --- [    Test worker] s.m.restend.RestendApplicationTests      : The following 1 profile is active: "dev"
2023-05-04 12:01:32.995  INFO 95819 --- [    Test worker] .s.d.r.c.RepositoryConfigurationDelegate : Bootstrapping Spring Data JPA repositories in DEFAULT mode.
2023-05-04 12:01:33.030  INFO 95819 --- [    Test worker] .s.d.r.c.RepositoryConfigurationDelegate : Finished Spring Data repository scanning in 30 ms. Found 5 JPA repository interfaces.
2023-05-04 12:01:33.352  INFO 95819 --- [    Test worker] o.hibernate.jpa.internal.util.LogHelper  : HHH000204: Processing PersistenceUnitInfo [name: default]
2023-05-04 12:01:33.387  INFO 95819 --- [    Test worker] org.hibernate.Version                    : HHH000412: Hibernate ORM core version 5.6.15.Final
2023-05-04 12:01:33.477  INFO 95819 --- [    Test worker] o.hibernate.annotations.common.Version   : HCANN000001: Hibernate Commons Annotations {5.1.2.Final}
2023-05-04 12:01:33.495 DEBUG 95819 --- [    Test worker] org.hibernate.type.BasicTypeRegistry     : Adding type registration boolean -> org.hibernate.type.BooleanType@16c5b50a
2023-05-04 12:01:33.496 DEBUG 95819 --- [    Test worker] org.hibernate.type.BasicTypeRegistry     : Adding type registration boolean -> org.hibernate.type.BooleanType@16c5b50a
2023-05-04 12:01:33.496 DEBUG 95819 --- [    Test worker] org.hibernate.type.BasicTypeRegistry     : Adding type registration java.lang.Boolean -> org.hibernate.type.BooleanType@16c5b50a
2023-05-04 12:01:33.496 DEBUG 95819 --- [    Test worker] org.hibernate.type.BasicTypeRegistry     : Adding type registration numeric_boolean -> org.hibernate.type.NumericBooleanType@1d4cc7
2023-05-04 12:01:33.496 DEBUG 95819 --- [    Test worker] org.hibernate.type.BasicTypeRegistry     : Adding type registration true_false -> org.hibernate.type.TrueFalseType@2a7bc16b
2023-05-04 12:01:33.496 DEBUG 95819 --- [    Test worker] org.hibernate.type.BasicTypeRegistry     : Adding type registration yes_no -> org.hibernate.type.YesNoType@20820df0
2023-05-04 12:01:33.497 DEBUG 95819 --- [    Test worker] org.hibernate.type.BasicTypeRegistry     : Adding type registration byte -> org.hibernate.type.ByteType@7114e780
2023-05-04 12:01:33.497 DEBUG 95819 --- [    Test worker] org.hibernate.type.BasicTypeRegistry     : Adding type registration byte -> org.hibernate.type.ByteType@7114e780
2023-05-04 12:01:33.497 DEBUG 95819 --- [    Test worker] org.hibernate.type.BasicTypeRegistry     : Adding type registration java.lang.Byte -> org.hibernate.type.ByteType@7114e780
2023-05-04 12:01:33.497 DEBUG 95819 --- [    Test worker] org.hibernate.type.BasicTypeRegistry     : Adding type registration character -> org.hibernate.type.CharacterType@4492b393
2023-05-04 12:01:33.498 DEBUG 95819 --- [    Test worker] org.hibernate.type.BasicTypeRegistry     : Adding type registration char -> org.hibernate.type.CharacterType@4492b393
2023-05-04 12:01:33.498 DEBUG 95819 --- [    Test worker] org.hibernate.type.BasicTypeRegistry     : Adding type registration java.lang.Character -> org.hibernate.type.CharacterType@4492b393
2023-05-04 12:01:33.498 DEBUG 95819 --- [    Test worker] org.hibernate.type.BasicTypeRegistry     : Adding type registration short -> org.hibernate.type.ShortType@32b46831
2023-05-04 12:01:33.498 DEBUG 95819 --- [    Test worker] org.hibernate.type.BasicTypeRegistry     : Adding type registration short -> org.hibernate.type.ShortType@32b46831
2023-05-04 12:01:33.498 DEBUG 95819 --- [    Test worker] org.hibernate.type.BasicTypeRegistry     : Adding type registration java.lang.Short -> org.hibernate.type.ShortType@32b46831
2023-05-04 12:01:33.499 DEBUG 95819 --- [    Test worker] org.hibernate.type.BasicTypeRegistry     : Adding type registration integer -> org.hibernate.type.IntegerType@4b691611
2023-05-04 12:01:33.499 DEBUG 95819 --- [    Test worker] org.hibernate.type.BasicTypeRegistry     : Adding type registration int -> org.hibernate.type.IntegerType@4b691611
2023-05-04 12:01:33.499 DEBUG 95819 --- [    Test worker] org.hibernate.type.BasicTypeRegistry     : Adding type registration java.lang.Integer -> org.hibernate.type.IntegerType@4b691611
2023-05-04 12:01:33.499 DEBUG 95819 --- [    Test worker] org.hibernate.type.BasicTypeRegistry     : Adding type registration long -> org.hibernate.type.LongType@542c65d9
2023-05-04 12:01:33.500 DEBUG 95819 --- [    Test worker] org.hibernate.type.BasicTypeRegistry     : Adding type registration long -> org.hibernate.type.LongType@542c65d9
2023-05-04 12:01:33.500 DEBUG 95819 --- [    Test worker] org.hibernate.type.BasicTypeRegistry     : Adding type registration java.lang.Long -> org.hibernate.type.LongType@542c65d9
2023-05-04 12:01:33.500 DEBUG 95819 --- [    Test worker] org.hibernate.type.BasicTypeRegistry     : Adding type registration float -> org.hibernate.type.FloatType@6003220a
2023-05-04 12:01:33.500 DEBUG 95819 --- [    Test worker] org.hibernate.type.BasicTypeRegistry     : Adding type registration float -> org.hibernate.type.FloatType@6003220a
2023-05-04 12:01:33.500 DEBUG 95819 --- [    Test worker] org.hibernate.type.BasicTypeRegistry     : Adding type registration java.lang.Float -> org.hibernate.type.FloatType@6003220a
2023-05-04 12:01:33.500 DEBUG 95819 --- [    Test worker] org.hibernate.type.BasicTypeRegistry     : Adding type registration double -> org.hibernate.type.DoubleType@2b395581
2023-05-04 12:01:33.500 DEBUG 95819 --- [    Test worker] org.hibernate.type.BasicTypeRegistry     : Adding type registration double -> org.hibernate.type.DoubleType@2b395581
2023-05-04 12:01:33.500 DEBUG 95819 --- [    Test worker] org.hibernate.type.BasicTypeRegistry     : Adding type registration java.lang.Double -> org.hibernate.type.DoubleType@2b395581
2023-05-04 12:01:33.501 DEBUG 95819 --- [    Test worker] org.hibernate.type.BasicTypeRegistry     : Adding type registration big_decimal -> org.hibernate.type.BigDecimalType@2c6927f0
2023-05-04 12:01:33.501 DEBUG 95819 --- [    Test worker] org.hibernate.type.BasicTypeRegistry     : Adding type registration java.math.BigDecimal -> org.hibernate.type.BigDecimalType@2c6927f0
2023-05-04 12:01:33.501 DEBUG 95819 --- [    Test worker] org.hibernate.type.BasicTypeRegistry     : Adding type registration big_integer -> org.hibernate.type.BigIntegerType@5b4954b2
2023-05-04 12:01:33.502 DEBUG 95819 --- [    Test worker] org.hibernate.type.BasicTypeRegistry     : Adding type registration java.math.BigInteger -> org.hibernate.type.BigIntegerType@5b4954b2
2023-05-04 12:01:33.502 DEBUG 95819 --- [    Test worker] org.hibernate.type.BasicTypeRegistry     : Adding type registration string -> org.hibernate.type.StringType@5c8ab9de
2023-05-04 12:01:33.502 DEBUG 95819 --- [    Test worker] org.hibernate.type.BasicTypeRegistry     : Adding type registration java.lang.String -> org.hibernate.type.StringType@5c8ab9de
2023-05-04 12:01:33.502 DEBUG 95819 --- [    Test worker] org.hibernate.type.BasicTypeRegistry     : Adding type registration nstring -> org.hibernate.type.StringNVarcharType@74d22ddd
2023-05-04 12:01:33.503 DEBUG 95819 --- [    Test worker] org.hibernate.type.BasicTypeRegistry     : Adding type registration ncharacter -> org.hibernate.type.CharacterNCharType@3a88f6fb
2023-05-04 12:01:33.503 DEBUG 95819 --- [    Test worker] org.hibernate.type.BasicTypeRegistry     : Adding type registration url -> org.hibernate.type.UrlType@33ebe4f0
2023-05-04 12:01:33.503 DEBUG 95819 --- [    Test worker] org.hibernate.type.BasicTypeRegistry     : Adding type registration java.net.URL -> org.hibernate.type.UrlType@33ebe4f0
2023-05-04 12:01:33.503 DEBUG 95819 --- [    Test worker] org.hibernate.type.BasicTypeRegistry     : Adding type registration Duration -> org.hibernate.type.DurationType@21e484b
2023-05-04 12:01:33.503 DEBUG 95819 --- [    Test worker] org.hibernate.type.BasicTypeRegistry     : Adding type registration java.time.Duration -> org.hibernate.type.DurationType@21e484b
2023-05-04 12:01:33.504 DEBUG 95819 --- [    Test worker] org.hibernate.type.BasicTypeRegistry     : Adding type registration Instant -> org.hibernate.type.InstantType@ce655b9
2023-05-04 12:01:33.504 DEBUG 95819 --- [    Test worker] org.hibernate.type.BasicTypeRegistry     : Adding type registration java.time.Instant -> org.hibernate.type.InstantType@ce655b9
2023-05-04 12:01:33.505 DEBUG 95819 --- [    Test worker] org.hibernate.type.BasicTypeRegistry     : Adding type registration LocalDateTime -> org.hibernate.type.LocalDateTimeType@1a345298
2023-05-04 12:01:33.505 DEBUG 95819 --- [    Test worker] org.hibernate.type.BasicTypeRegistry     : Adding type registration java.time.LocalDateTime -> org.hibernate.type.LocalDateTimeType@1a345298
2023-05-04 12:01:33.505 DEBUG 95819 --- [    Test worker] org.hibernate.type.BasicTypeRegistry     : Adding type registration LocalDate -> org.hibernate.type.LocalDateType@3c488b34
2023-05-04 12:01:33.505 DEBUG 95819 --- [    Test worker] org.hibernate.type.BasicTypeRegistry     : Adding type registration java.time.LocalDate -> org.hibernate.type.LocalDateType@3c488b34
2023-05-04 12:01:33.506 DEBUG 95819 --- [    Test worker] org.hibernate.type.BasicTypeRegistry     : Adding type registration LocalTime -> org.hibernate.type.LocalTimeType@eded048
2023-05-04 12:01:33.506 DEBUG 95819 --- [    Test worker] org.hibernate.type.BasicTypeRegistry     : Adding type registration java.time.LocalTime -> org.hibernate.type.LocalTimeType@eded048
2023-05-04 12:01:33.506 DEBUG 95819 --- [    Test worker] org.hibernate.type.BasicTypeRegistry     : Adding type registration OffsetDateTime -> org.hibernate.type.OffsetDateTimeType@23f5008a
2023-05-04 12:01:33.506 DEBUG 95819 --- [    Test worker] org.hibernate.type.BasicTypeRegistry     : Adding type registration java.time.OffsetDateTime -> org.hibernate.type.OffsetDateTimeType@23f5008a
2023-05-04 12:01:33.507 DEBUG 95819 --- [    Test worker] org.hibernate.type.BasicTypeRegistry     : Adding type registration OffsetTime -> org.hibernate.type.OffsetTimeType@78128dd0
2023-05-04 12:01:33.507 DEBUG 95819 --- [    Test worker] org.hibernate.type.BasicTypeRegistry     : Adding type registration java.time.OffsetTime -> org.hibernate.type.OffsetTimeType@78128dd0
2023-05-04 12:01:33.507 DEBUG 95819 --- [    Test worker] org.hibernate.type.BasicTypeRegistry     : Adding type registration ZonedDateTime -> org.hibernate.type.ZonedDateTimeType@144a5e6e
2023-05-04 12:01:33.507 DEBUG 95819 --- [    Test worker] org.hibernate.type.BasicTypeRegistry     : Adding type registration java.time.ZonedDateTime -> org.hibernate.type.ZonedDateTimeType@144a5e6e
2023-05-04 12:01:33.508 DEBUG 95819 --- [    Test worker] org.hibernate.type.BasicTypeRegistry     : Adding type registration date -> org.hibernate.type.DateType@1214d23c
2023-05-04 12:01:33.508 DEBUG 95819 --- [    Test worker] org.hibernate.type.BasicTypeRegistry     : Adding type registration java.sql.Date -> org.hibernate.type.DateType@1214d23c
2023-05-04 12:01:33.508 DEBUG 95819 --- [    Test worker] org.hibernate.type.BasicTypeRegistry     : Adding type registration time -> org.hibernate.type.TimeType@696174d3
2023-05-04 12:01:33.508 DEBUG 95819 --- [    Test worker] org.hibernate.type.BasicTypeRegistry     : Adding type registration java.sql.Time -> org.hibernate.type.TimeType@696174d3
2023-05-04 12:01:33.509 DEBUG 95819 --- [    Test worker] org.hibernate.type.BasicTypeRegistry     : Adding type registration timestamp -> org.hibernate.type.TimestampType@3c09a350
2023-05-04 12:01:33.509 DEBUG 95819 --- [    Test worker] org.hibernate.type.BasicTypeRegistry     : Adding type registration java.sql.Timestamp -> org.hibernate.type.TimestampType@3c09a350
2023-05-04 12:01:33.509 DEBUG 95819 --- [    Test worker] org.hibernate.type.BasicTypeRegistry     : Adding type registration java.util.Date -> org.hibernate.type.TimestampType@3c09a350
2023-05-04 12:01:33.510 DEBUG 95819 --- [    Test worker] org.hibernate.type.BasicTypeRegistry     : Adding type registration dbtimestamp -> org.hibernate.type.DbTimestampType@30c01c37
2023-05-04 12:01:33.510 DEBUG 95819 --- [    Test worker] org.hibernate.type.BasicTypeRegistry     : Adding type registration calendar -> org.hibernate.type.CalendarType@3005623b
2023-05-04 12:01:33.510 DEBUG 95819 --- [    Test worker] org.hibernate.type.BasicTypeRegistry     : Adding type registration java.util.Calendar -> org.hibernate.type.CalendarType@3005623b
2023-05-04 12:01:33.510 DEBUG 95819 --- [    Test worker] org.hibernate.type.BasicTypeRegistry     : Adding type registration java.util.GregorianCalendar -> org.hibernate.type.CalendarType@3005623b
2023-05-04 12:01:33.511 DEBUG 95819 --- [    Test worker] org.hibernate.type.BasicTypeRegistry     : Adding type registration calendar_date -> org.hibernate.type.CalendarDateType@41143873
2023-05-04 12:01:33.511 DEBUG 95819 --- [    Test worker] org.hibernate.type.BasicTypeRegistry     : Adding type registration calendar_time -> org.hibernate.type.CalendarTimeType@43786627
2023-05-04 12:01:33.511 DEBUG 95819 --- [    Test worker] org.hibernate.type.BasicTypeRegistry     : Adding type registration locale -> org.hibernate.type.LocaleType@7956f93a
2023-05-04 12:01:33.511 DEBUG 95819 --- [    Test worker] org.hibernate.type.BasicTypeRegistry     : Adding type registration java.util.Locale -> org.hibernate.type.LocaleType@7956f93a
2023-05-04 12:01:33.512 DEBUG 95819 --- [    Test worker] org.hibernate.type.BasicTypeRegistry     : Adding type registration currency -> org.hibernate.type.CurrencyType@21b744ec
2023-05-04 12:01:33.512 DEBUG 95819 --- [    Test worker] org.hibernate.type.BasicTypeRegistry     : Adding type registration java.util.Currency -> org.hibernate.type.CurrencyType@21b744ec
2023-05-04 12:01:33.512 DEBUG 95819 --- [    Test worker] org.hibernate.type.BasicTypeRegistry     : Adding type registration timezone -> org.hibernate.type.TimeZoneType@7f6b57f2
2023-05-04 12:01:33.512 DEBUG 95819 --- [    Test worker] org.hibernate.type.BasicTypeRegistry     : Adding type registration java.util.TimeZone -> org.hibernate.type.TimeZoneType@7f6b57f2
2023-05-04 12:01:33.512 DEBUG 95819 --- [    Test worker] org.hibernate.type.BasicTypeRegistry     : Adding type registration class -> org.hibernate.type.ClassType@4c65d8e3
2023-05-04 12:01:33.512 DEBUG 95819 --- [    Test worker] org.hibernate.type.BasicTypeRegistry     : Adding type registration java.lang.Class -> org.hibernate.type.ClassType@4c65d8e3
2023-05-04 12:01:33.512 DEBUG 95819 --- [    Test worker] org.hibernate.type.BasicTypeRegistry     : Adding type registration uuid-binary -> org.hibernate.type.UUIDBinaryType@52909a97
2023-05-04 12:01:33.512 DEBUG 95819 --- [    Test worker] org.hibernate.type.BasicTypeRegistry     : Adding type registration java.util.UUID -> org.hibernate.type.UUIDBinaryType@52909a97
2023-05-04 12:01:33.513 DEBUG 95819 --- [    Test worker] org.hibernate.type.BasicTypeRegistry     : Adding type registration uuid-char -> org.hibernate.type.UUIDCharType@7bbdb220
2023-05-04 12:01:33.513 DEBUG 95819 --- [    Test worker] org.hibernate.type.BasicTypeRegistry     : Adding type registration binary -> org.hibernate.type.BinaryType@7afb9c93
2023-05-04 12:01:33.513 DEBUG 95819 --- [    Test worker] org.hibernate.type.BasicTypeRegistry     : Adding type registration byte[] -> org.hibernate.type.BinaryType@7afb9c93
2023-05-04 12:01:33.513 DEBUG 95819 --- [    Test worker] org.hibernate.type.BasicTypeRegistry     : Adding type registration [B -> org.hibernate.type.BinaryType@7afb9c93
2023-05-04 12:01:33.513 DEBUG 95819 --- [    Test worker] org.hibernate.type.BasicTypeRegistry     : Adding type registration wrapper-binary -> org.hibernate.type.WrapperBinaryType@5a0f87e5
2023-05-04 12:01:33.513 DEBUG 95819 --- [    Test worker] org.hibernate.type.BasicTypeRegistry     : Adding type registration Byte[] -> org.hibernate.type.WrapperBinaryType@5a0f87e5
2023-05-04 12:01:33.513 DEBUG 95819 --- [    Test worker] org.hibernate.type.BasicTypeRegistry     : Adding type registration [Ljava.lang.Byte; -> org.hibernate.type.WrapperBinaryType@5a0f87e5
2023-05-04 12:01:33.514 DEBUG 95819 --- [    Test worker] org.hibernate.type.BasicTypeRegistry     : Adding type registration row_version -> org.hibernate.type.RowVersionType@165d1d54
2023-05-04 12:01:33.514 DEBUG 95819 --- [    Test worker] org.hibernate.type.BasicTypeRegistry     : Adding type registration image -> org.hibernate.type.ImageType@63553e9f
2023-05-04 12:01:33.514 DEBUG 95819 --- [    Test worker] org.hibernate.type.BasicTypeRegistry     : Adding type registration characters -> org.hibernate.type.CharArrayType@5c839677
2023-05-04 12:01:33.514 DEBUG 95819 --- [    Test worker] org.hibernate.type.BasicTypeRegistry     : Adding type registration char[] -> org.hibernate.type.CharArrayType@5c839677
2023-05-04 12:01:33.514 DEBUG 95819 --- [    Test worker] org.hibernate.type.BasicTypeRegistry     : Adding type registration [C -> org.hibernate.type.CharArrayType@5c839677
2023-05-04 12:01:33.515 DEBUG 95819 --- [    Test worker] org.hibernate.type.BasicTypeRegistry     : Adding type registration wrapper-characters -> org.hibernate.type.CharacterArrayType@6e73974
2023-05-04 12:01:33.515 DEBUG 95819 --- [    Test worker] org.hibernate.type.BasicTypeRegistry     : Adding type registration [Ljava.lang.Character; -> org.hibernate.type.CharacterArrayType@6e73974
2023-05-04 12:01:33.515 DEBUG 95819 --- [    Test worker] org.hibernate.type.BasicTypeRegistry     : Adding type registration Character[] -> org.hibernate.type.CharacterArrayType@6e73974
2023-05-04 12:01:33.515 DEBUG 95819 --- [    Test worker] org.hibernate.type.BasicTypeRegistry     : Adding type registration text -> org.hibernate.type.TextType@e07b4db
2023-05-04 12:01:33.515 DEBUG 95819 --- [    Test worker] org.hibernate.type.BasicTypeRegistry     : Adding type registration ntext -> org.hibernate.type.NTextType@49c83262
2023-05-04 12:01:33.516 DEBUG 95819 --- [    Test worker] org.hibernate.type.BasicTypeRegistry     : Adding type registration blob -> org.hibernate.type.BlobType@6dcf7b6a
2023-05-04 12:01:33.516 DEBUG 95819 --- [    Test worker] org.hibernate.type.BasicTypeRegistry     : Adding type registration java.sql.Blob -> org.hibernate.type.BlobType@6dcf7b6a
2023-05-04 12:01:33.516 DEBUG 95819 --- [    Test worker] org.hibernate.type.BasicTypeRegistry     : Adding type registration materialized_blob -> org.hibernate.type.MaterializedBlobType@4eb63dc8
2023-05-04 12:01:33.516 DEBUG 95819 --- [    Test worker] org.hibernate.type.BasicTypeRegistry     : Adding type registration clob -> org.hibernate.type.ClobType@5d221b20
2023-05-04 12:01:33.516 DEBUG 95819 --- [    Test worker] org.hibernate.type.BasicTypeRegistry     : Adding type registration java.sql.Clob -> org.hibernate.type.ClobType@5d221b20
2023-05-04 12:01:33.517 DEBUG 95819 --- [    Test worker] org.hibernate.type.BasicTypeRegistry     : Adding type registration nclob -> org.hibernate.type.NClobType@2dd3d39d
2023-05-04 12:01:33.517 DEBUG 95819 --- [    Test worker] org.hibernate.type.BasicTypeRegistry     : Adding type registration java.sql.NClob -> org.hibernate.type.NClobType@2dd3d39d
2023-05-04 12:01:33.517 DEBUG 95819 --- [    Test worker] org.hibernate.type.BasicTypeRegistry     : Adding type registration materialized_clob -> org.hibernate.type.MaterializedClobType@42cc420b
2023-05-04 12:01:33.517 DEBUG 95819 --- [    Test worker] org.hibernate.type.BasicTypeRegistry     : Adding type registration materialized_nclob -> org.hibernate.type.MaterializedNClobType@7eae55
2023-05-04 12:01:33.518 DEBUG 95819 --- [    Test worker] org.hibernate.type.BasicTypeRegistry     : Adding type registration serializable -> org.hibernate.type.SerializableType@2bfa17b0
2023-05-04 12:01:33.519 DEBUG 95819 --- [    Test worker] org.hibernate.type.BasicTypeRegistry     : Adding type registration object -> org.hibernate.type.ObjectType@13908f9c
2023-05-04 12:01:33.520 DEBUG 95819 --- [    Test worker] org.hibernate.type.BasicTypeRegistry     : Adding type registration java.lang.Object -> org.hibernate.type.ObjectType@13908f9c
2023-05-04 12:01:33.520 DEBUG 95819 --- [    Test worker] org.hibernate.type.BasicTypeRegistry     : Adding type registration imm_date -> org.hibernate.type.AdaptedImmutableType@74ce7fdf
2023-05-04 12:01:33.520 DEBUG 95819 --- [    Test worker] org.hibernate.type.BasicTypeRegistry     : Adding type registration imm_time -> org.hibernate.type.AdaptedImmutableType@1f26b992
2023-05-04 12:01:33.520 DEBUG 95819 --- [    Test worker] org.hibernate.type.BasicTypeRegistry     : Adding type registration imm_timestamp -> org.hibernate.type.AdaptedImmutableType@2f60cbf2
2023-05-04 12:01:33.520 DEBUG 95819 --- [    Test worker] org.hibernate.type.BasicTypeRegistry     : Adding type registration imm_dbtimestamp -> org.hibernate.type.AdaptedImmutableType@631bc9f4
2023-05-04 12:01:33.520 DEBUG 95819 --- [    Test worker] org.hibernate.type.BasicTypeRegistry     : Adding type registration imm_calendar -> org.hibernate.type.AdaptedImmutableType@642c72cf
2023-05-04 12:01:33.520 DEBUG 95819 --- [    Test worker] org.hibernate.type.BasicTypeRegistry     : Adding type registration imm_calendar_date -> org.hibernate.type.AdaptedImmutableType@4e6cbdf1
2023-05-04 12:01:33.521 DEBUG 95819 --- [    Test worker] org.hibernate.type.BasicTypeRegistry     : Adding type registration imm_binary -> org.hibernate.type.AdaptedImmutableType@67fac095
2023-05-04 12:01:33.521 DEBUG 95819 --- [    Test worker] org.hibernate.type.BasicTypeRegistry     : Adding type registration imm_serializable -> org.hibernate.type.AdaptedImmutableType@5a13f1f7
2023-05-04 12:01:33.546  INFO 95819 --- [    Test worker] com.zaxxer.hikari.HikariDataSource       : HikariPool-1 - Starting...
2023-05-04 12:01:33.647  INFO 95819 --- [    Test worker] com.zaxxer.hikari.HikariDataSource       : HikariPool-1 - Start completed.
2023-05-04 12:01:33.664  INFO 95819 --- [    Test worker] org.hibernate.dialect.Dialect            : HHH000400: Using dialect: org.hibernate.dialect.H2Dialect
2023-05-04 12:01:33.685 DEBUG 95819 --- [    Test worker] o.h.type.spi.TypeConfiguration$Scope     : Scoping TypeConfiguration [org.hibernate.type.spi.TypeConfiguration@68454ed5] to MetadataBuildingContext [org.hibernate.boot.internal.MetadataBuildingContextRootImpl@6d2db15b]
2023-05-04 12:01:33.819 DEBUG 95819 --- [    Test worker] org.hibernate.type.EnumType              : Using ORDINAL-based conversion for Enum shop.mtcoding.restend.model.order.OrderState
2023-05-04 12:01:33.820 DEBUG 95819 --- [    Test worker] org.hibernate.type.EnumType              : Using ORDINAL-based conversion for Enum shop.mtcoding.restend.model.event.EventType
2023-05-04 12:01:33.820 DEBUG 95819 --- [    Test worker] o.h.type.spi.TypeConfiguration$Scope     : Scoping TypeConfiguration [org.hibernate.type.spi.TypeConfiguration@68454ed5] to SessionFactoryImpl [org.hibernate.internal.SessionFactoryImpl@c6bf8d9]
Hibernate: 
    
    drop table if exists annual_tb CASCADE 
Hibernate: 
    
    drop table if exists duty_tb CASCADE 
Hibernate: 
    
    drop table if exists event_tb CASCADE 
Hibernate: 
    
    drop table if exists order_tb CASCADE 
Hibernate: 
    
    drop table if exists user_tb CASCADE 
Hibernate: 
    
    create table annual_tb (
       id bigint generated by default as identity,
        end_date date not null,
        start_date date not null,
        primary key (id)
    )
Hibernate: 
    
    create table duty_tb (
       id bigint generated by default as identity,
        date date not null,
        primary key (id)
    )
Hibernate: 
    
    create table event_tb (
       id bigint generated by default as identity,
        created_at timestamp not null,
        event_type integer not null,
        updated_at timestamp,
        annual_id bigint,
        duty_id bigint,
        user_id bigint,
        primary key (id)
    )
Hibernate: 
    
    create table order_tb (
       id bigint generated by default as identity,
        created_at timestamp not null,
        order_state integer,
        user_id bigint,
        event_id bigint,
        primary key (id)
    )
Hibernate: 
    
    create table user_tb (
       id bigint generated by default as identity,
        created_at timestamp not null,
        email varchar(20) not null,
        image varchar(255),
        password varchar(60) not null,
        role varchar(255),
        status boolean,
        updated_at timestamp,
        username varchar(20) not null,
        primary key (id)
    )
Hibernate: 
    
    alter table user_tb 
       add constraint UK_2dlfg6wvnxboknkp9d1h75icb unique (email)
Hibernate: 
    
    alter table event_tb 
       add constraint FKsm4f7ln48qcydnsmr2ihynjfn 
       foreign key (annual_id) 
       references annual_tb
Hibernate: 
    
    alter table event_tb 
       add constraint FK9kavkxc7qfe23ik88wb7yp3cp 
       foreign key (duty_id) 
       references duty_tb
Hibernate: 
    
    alter table event_tb 
       add constraint FK1dbl1c4nurwq7w5w3o04st4y6 
       foreign key (user_id) 
       references user_tb
Hibernate: 
    
    alter table order_tb 
       add constraint FK9wkv8x8yfgaaquhn4vquq4aps 
       foreign key (user_id) 
       references user_tb
Hibernate: 
    
    alter table order_tb 
       add constraint FK9ahb515t4krdytukumuqg386o 
       foreign key (event_id) 
       references event_tb
2023-05-04 12:01:34.031  INFO 95819 --- [    Test worker] o.h.e.t.j.p.i.JtaPlatformInitiator       : HHH000490: Using JtaPlatform implementation: [org.hibernate.engine.transaction.jta.platform.internal.NoJtaPlatform]
2023-05-04 12:01:34.036 TRACE 95819 --- [    Test worker] o.h.type.spi.TypeConfiguration$Scope     : Handling #sessionFactoryCreated from [org.hibernate.internal.SessionFactoryImpl@c6bf8d9] for TypeConfiguration
2023-05-04 12:01:34.037  INFO 95819 --- [    Test worker] j.LocalContainerEntityManagerFactoryBean : Initialized JPA EntityManagerFactory for persistence unit 'default'
2023-05-04 12:01:34.505  INFO 95819 --- [    Test worker] o.s.s.web.DefaultSecurityFilterChain     : Will secure any request with [org.springframework.security.web.session.DisableEncodeUrlFilter@28da5c4d, org.springframework.security.web.context.request.async.WebAsyncManagerIntegrationFilter@7c928399, org.springframework.security.web.context.SecurityContextPersistenceFilter@1c0a143, org.springframework.security.web.header.HeaderWriterFilter@27caa186, org.springframework.web.filter.CorsFilter@1bcca516, org.springframework.security.web.authentication.logout.LogoutFilter@425a5c2e, shop.mtcoding.restend.core.auth.jwt.MyJwtAuthorizationFilter@cef23a8, org.springframework.security.web.savedrequest.RequestCacheAwareFilter@38991781, org.springframework.security.web.servletapi.SecurityContextHolderAwareRequestFilter@3c577368, org.springframework.security.web.authentication.AnonymousAuthenticationFilter@762d2e4c, org.springframework.security.web.session.SessionManagementFilter@3ba015b1, org.springframework.security.web.access.ExceptionTranslationFilter@16a14076, org.springframework.security.web.access.intercept.FilterSecurityInterceptor@1eda12b3]
2023-05-04 12:01:34.767  INFO 95819 --- [    Test worker] o.s.b.a.h2.H2ConsoleAutoConfiguration    : H2 console available at '/h2-console'. Database available at 'jdbc:h2:mem:test'
2023-05-04 12:01:34.958  INFO 95819 --- [    Test worker] s.m.restend.RestendApplicationTests      : Started RestendApplicationTests in 2.445 seconds (JVM running for 3.033)
Hibernate: 
    insert 
    into
        user_tb
        (id, created_at, email, image, password, role, status, updated_at, username) 
    values
        (default, ?, ?, ?, ?, ?, ?, ?, ?)
2023-05-04 12:01:35.053 TRACE 95819 --- [    Test worker] o.h.type.descriptor.sql.BasicBinder      : binding parameter [1] as [TIMESTAMP] - [2023-05-04T12:01:35.042184]
2023-05-04 12:01:35.054 TRACE 95819 --- [    Test worker] o.h.type.descriptor.sql.BasicBinder      : binding parameter [2] as [VARCHAR] - [ssar@nate.com]
2023-05-04 12:01:35.054 TRACE 95819 --- [    Test worker] o.h.type.descriptor.sql.BasicBinder      : binding parameter [3] as [VARCHAR] - [null]
2023-05-04 12:01:35.054 TRACE 95819 --- [    Test worker] o.h.type.descriptor.sql.BasicBinder      : binding parameter [4] as [VARCHAR] - [$2a$10$Y.xfL90MYrL6W9AoodEen.PaL8pQEISBEFrn49WbWciPKXxQipe/u]
2023-05-04 12:01:35.054 TRACE 95819 --- [    Test worker] o.h.type.descriptor.sql.BasicBinder      : binding parameter [5] as [VARCHAR] - [USER]
2023-05-04 12:01:35.054 TRACE 95819 --- [    Test worker] o.h.type.descriptor.sql.BasicBinder      : binding parameter [6] as [BOOLEAN] - [true]
2023-05-04 12:01:35.054 TRACE 95819 --- [    Test worker] o.h.type.descriptor.sql.BasicBinder      : binding parameter [7] as [TIMESTAMP] - [null]
2023-05-04 12:01:35.054 TRACE 95819 --- [    Test worker] o.h.type.descriptor.sql.BasicBinder      : binding parameter [8] as [VARCHAR] - [사르]
Hibernate: 
    insert 
    into
        user_tb
        (id, created_at, email, image, password, role, status, updated_at, username) 
    values
        (default, ?, ?, ?, ?, ?, ?, ?, ?)
2023-05-04 12:01:35.161 TRACE 95819 --- [    Test worker] o.h.type.descriptor.sql.BasicBinder      : binding parameter [1] as [TIMESTAMP] - [2023-05-04T12:01:35.161292]
2023-05-04 12:01:35.161 TRACE 95819 --- [    Test worker] o.h.type.descriptor.sql.BasicBinder      : binding parameter [2] as [VARCHAR] - [cos@nate.com]
2023-05-04 12:01:35.162 TRACE 95819 --- [    Test worker] o.h.type.descriptor.sql.BasicBinder      : binding parameter [3] as [VARCHAR] - [null]
2023-05-04 12:01:35.162 TRACE 95819 --- [    Test worker] o.h.type.descriptor.sql.BasicBinder      : binding parameter [4] as [VARCHAR] - [$2a$10$FZJgadP1FrTwmnGhLpZxJOwTOa0eLbJfr0wogquoNm.tDQNqLG8nW]
2023-05-04 12:01:35.162 TRACE 95819 --- [    Test worker] o.h.type.descriptor.sql.BasicBinder      : binding parameter [5] as [VARCHAR] - [USER]
2023-05-04 12:01:35.162 TRACE 95819 --- [    Test worker] o.h.type.descriptor.sql.BasicBinder      : binding parameter [6] as [BOOLEAN] - [true]
2023-05-04 12:01:35.162 TRACE 95819 --- [    Test worker] o.h.type.descriptor.sql.BasicBinder      : binding parameter [7] as [TIMESTAMP] - [null]
2023-05-04 12:01:35.162 TRACE 95819 --- [    Test worker] o.h.type.descriptor.sql.BasicBinder      : binding parameter [8] as [VARCHAR] - [코스]
]]></system-out>
  <system-err><![CDATA[]]></system-err>
</testsuite>
