<?xml version="1.0" encoding="UTF-8"?>
<testsuite name="shop.mtcoding.restend.controller.UserControllerUnitTest" tests="3" skipped="0" failures="0" errors="0" timestamp="2023-05-04T03:01:37" hostname="jihoonui-MacBookAir.local" time="0.174">
  <properties/>
  <testcase name="detail_test()" classname="shop.mtcoding.restend.controller.UserControllerUnitTest" time="0.088"/>
  <testcase name="login_test()" classname="shop.mtcoding.restend.controller.UserControllerUnitTest" time="0.003"/>
  <testcase name="join_test()" classname="shop.mtcoding.restend.controller.UserControllerUnitTest" time="0.082"/>
  <system-out><![CDATA[2023-05-04 12:01:37.650  INFO 95819 --- [    Test worker] .b.t.a.w.s.WebMvcTestContextBootstrapper : Neither @ContextConfiguration nor @ContextHierarchy found for test class [shop.mtcoding.restend.controller.UserControllerUnitTest], using SpringBootContextLoader
2023-05-04 12:01:37.650  INFO 95819 --- [    Test worker] o.s.t.c.support.AbstractContextLoader    : Could not detect default resource locations for test class [shop.mtcoding.restend.controller.UserControllerUnitTest]: no resource found for suffixes {-context.xml, Context.groovy}.
2023-05-04 12:01:37.650  INFO 95819 --- [    Test worker] t.c.s.AnnotationConfigContextLoaderUtils : Could not detect default configuration classes for test class [shop.mtcoding.restend.controller.UserControllerUnitTest]: UserControllerUnitTest does not declare any static, non-private, non-final, nested classes annotated with @Configuration.
2023-05-04 12:01:37.654  INFO 95819 --- [    Test worker] .b.t.c.SpringBootTestContextBootstrapper : Found @SpringBootConfiguration shop.mtcoding.restend.RestendApplication for test class shop.mtcoding.restend.controller.UserControllerUnitTest
2023-05-04 12:01:37.654  INFO 95819 --- [    Test worker] .b.t.a.w.s.WebMvcTestContextBootstrapper : Loaded default TestExecutionListener class names from location [META-INF/spring.factories]: [org.springframework.security.test.context.support.WithSecurityContextTestExecutionListener, org.springframework.security.test.context.support.ReactorContextTestExecutionListener, org.springframework.boot.test.autoconfigure.restdocs.RestDocsTestExecutionListener, org.springframework.boot.test.autoconfigure.web.client.MockRestServiceServerResetTestExecutionListener, org.springframework.boot.test.autoconfigure.web.servlet.MockMvcPrintOnlyOnFailureTestExecutionListener, org.springframework.boot.test.autoconfigure.web.servlet.WebDriverTestExecutionListener, org.springframework.boot.test.autoconfigure.webservices.client.MockWebServiceServerTestExecutionListener, org.springframework.boot.test.mock.mockito.MockitoTestExecutionListener, org.springframework.boot.test.mock.mockito.ResetMocksTestExecutionListener, org.springframework.test.context.web.ServletTestExecutionListener, org.springframework.test.context.support.DirtiesContextBeforeModesTestExecutionListener, org.springframework.test.context.event.ApplicationEventsTestExecutionListener, org.springframework.test.context.support.DependencyInjectionTestExecutionListener, org.springframework.test.context.support.DirtiesContextTestExecutionListener, org.springframework.test.context.transaction.TransactionalTestExecutionListener, org.springframework.test.context.jdbc.SqlScriptsTestExecutionListener, org.springframework.test.context.event.EventPublishingTestExecutionListener]
2023-05-04 12:01:37.655  INFO 95819 --- [    Test worker] .b.t.a.w.s.WebMvcTestContextBootstrapper : Using TestExecutionListeners: [org.springframework.test.context.web.ServletTestExecutionListener@4d2dc60, org.springframework.test.context.support.DirtiesContextBeforeModesTestExecutionListener@43f670f3, org.springframework.test.context.event.ApplicationEventsTestExecutionListener@6311640d, org.springframework.boot.test.mock.mockito.MockitoTestExecutionListener@3a42610, org.springframework.boot.test.autoconfigure.SpringBootDependencyInjectionTestExecutionListener@1107cbd8, org.springframework.test.context.support.DirtiesContextTestExecutionListener@610640e3, org.springframework.test.context.transaction.TransactionalTestExecutionListener@95f61c2, org.springframework.test.context.jdbc.SqlScriptsTestExecutionListener@2be9425f, org.springframework.security.test.context.support.WithSecurityContextTestExecutionListener@41f05f1, org.springframework.test.context.event.EventPublishingTestExecutionListener@57cd5cc9, org.springframework.security.test.context.support.ReactorContextTestExecutionListener@25ee6683, org.springframework.boot.test.autoconfigure.restdocs.RestDocsTestExecutionListener@44f433db, org.springframework.boot.test.autoconfigure.web.client.MockRestServiceServerResetTestExecutionListener@38388639, org.springframework.boot.test.autoconfigure.web.servlet.MockMvcPrintOnlyOnFailureTestExecutionListener@5aeaee3, org.springframework.boot.test.autoconfigure.web.servlet.WebDriverTestExecutionListener@53a20aab, org.springframework.boot.test.autoconfigure.webservices.client.MockWebServiceServerTestExecutionListener@362d91ef, org.springframework.boot.test.mock.mockito.ResetMocksTestExecutionListener@4a58d05d]

  .   ____          _            __ _ _
 /\\ / ___'_ __ _ _(_)_ __  __ _ \ \ \ \
( ( )\___ | '_ | '_| | '_ \/ _` | \ \ \ \
 \\/  ___)| |_)| | | | | || (_| |  ) ) ) )
  '  |____| .__|_| |_|_| |_\__, | / / / /
 =========|_|==============|___/=/_/_/_/
 :: Spring Boot ::               (v2.7.11)

2023-05-04 12:01:37.666  INFO 95819 --- [    Test worker] s.m.r.controller.UserControllerUnitTest  : Starting UserControllerUnitTest using Java 11.0.16 on jihoonui-MacBookAir.local with PID 95819 (started by jihoon in /Users/jihoon/Library/CloudStorage/OneDrive-gc.gachon.ac.kr/2022 fastcampus/fast_lab/MiniProject_BE2)
2023-05-04 12:01:37.666 DEBUG 95819 --- [    Test worker] s.m.r.controller.UserControllerUnitTest  : Running with Spring Boot v2.7.11, Spring v5.3.27
2023-05-04 12:01:37.666  INFO 95819 --- [    Test worker] s.m.r.controller.UserControllerUnitTest  : The following 1 profile is active: "test"
2023-05-04 12:01:37.819  INFO 95819 --- [    Test worker] o.s.s.web.DefaultSecurityFilterChain     : Will secure any request with [org.springframework.security.web.session.DisableEncodeUrlFilter@3ac60eeb, org.springframework.security.web.context.request.async.WebAsyncManagerIntegrationFilter@1c38d025, org.springframework.security.web.context.SecurityContextPersistenceFilter@2b8502e7, org.springframework.security.web.header.HeaderWriterFilter@2d260f2a, org.springframework.web.filter.CorsFilter@48b85dc5, org.springframework.security.web.authentication.logout.LogoutFilter@48531d5, shop.mtcoding.restend.core.auth.jwt.MyJwtAuthorizationFilter@350a3df3, org.springframework.security.web.savedrequest.RequestCacheAwareFilter@37669c4, org.springframework.security.web.servletapi.SecurityContextHolderAwareRequestFilter@1e3469df, org.springframework.security.web.authentication.AnonymousAuthenticationFilter@3f31ccef, org.springframework.security.web.session.SessionManagementFilter@79ac02a9, org.springframework.security.web.access.ExceptionTranslationFilter@2cf09576, org.springframework.security.web.access.intercept.FilterSecurityInterceptor@5bf1e07]
2023-05-04 12:01:37.972  INFO 95819 --- [    Test worker] o.s.b.t.m.w.SpringBootMockServletContext : Initializing Spring TestDispatcherServlet ''
2023-05-04 12:01:37.972  INFO 95819 --- [    Test worker] o.s.t.web.servlet.TestDispatcherServlet  : Initializing Servlet ''
2023-05-04 12:01:37.972  INFO 95819 --- [    Test worker] o.s.t.web.servlet.TestDispatcherServlet  : Completed initialization in 0 ms
2023-05-04 12:01:37.978  INFO 95819 --- [    Test worker] s.m.r.controller.UserControllerUnitTest  : Started UserControllerUnitTest in 0.323 seconds (JVM running for 6.058)
2023-05-04 12:01:38.063 DEBUG 95819 --- [    Test worker] s.m.restend.core.filter.MyTempFilter     : 디버그 : MyTempFilter 동작
테스트 : {"status":200,"msg":"성공","data":{"id":1,"username":"코스","email":"cos@nate.com","role":"USER"}}
2023-05-04 12:01:38.071 DEBUG 95819 --- [    Test worker] s.m.restend.core.filter.MyTempFilter     : 디버그 : MyTempFilter 동작
테스트 : {"status":200,"msg":"성공","data":null}
2023-05-04 12:01:38.147 DEBUG 95819 --- [    Test worker] s.m.restend.core.filter.MyTempFilter     : 디버그 : MyTempFilter 동작
2023-05-04 12:01:38.152 DEBUG 95819 --- [    Test worker] s.m.restend.core.advice.MyLogAdvice      : 디버그 : join 성공
테스트 : {"status":200,"msg":"성공","data":{"id":1,"username":"코스","email":"cos@nate.com"}}
]]></system-out>
  <system-err><![CDATA[]]></system-err>
</testsuite>
